#
# There is insufficient memory for the Java Runtime Environment to continue.
# Native memory allocation (mmap) failed to map 65536 bytes for Failed to commit metaspace.
# Possible reasons:
#   The system is out of physical RAM or swap space
#   The process is running with CompressedOops enabled, and the Java Heap may be blocking the growth of the native heap
# Possible solutions:
#   Reduce memory load on the system
#   Increase physical memory or swap space
#   Check if swap backing store is full
#   Decrease Java heap size (-Xmx/-Xms)
#   Decrease number of Java threads
#   Decrease Java thread stack sizes (-Xss)
#   Set larger code cache with -XX:ReservedCodeCacheSize=
#   JVM is running with Unscaled Compressed Oops mode in which the Java heap is
#     placed in the first 4GB address space. The Java Heap base address is the
#     maximum limit for the native heap growth. Please use -XX:HeapBaseMinAddress
#     to set the Java Heap base and to place the Java Heap above 4GB virtual address.
# This output file may be truncated or incomplete.
#
#  Out of Memory Error (virtualSpaceNode.cpp:110), pid=6768, tid=10652
#
# JRE version: OpenJDK Runtime Environment Temurin-17.0.8.1+1 (17.0.8.1+1) (build 17.0.8.1+1)
# Java VM: OpenJDK 64-Bit Server VM Temurin-17.0.8.1+1 (17.0.8.1+1, mixed mode, emulated-client, sharing, tiered, compressed oops, compressed class ptrs, g1 gc, windows-amd64)
# No core dump will be written. Minidumps are not enabled by default on client versions of Windows
#

---------------  S U M M A R Y ------------

Command Line: -XX:+HeapDumpOnOutOfMemoryError -Xmx1024m -Dsts.lsp.client=vscode -Dsts.log.file=/dev/null -XX:TieredStopAtLevel=1 -Xlog:jni+resolve=off -Dspring.config.location=file:c:\Users\G Madhusudhan Reddy\.vscode\extensions\vmware.vscode-spring-boot-1.50.0\language-server\BOOT-INF\classes\application.properties org.springframework.ide.vscode.boot.app.BootLanguageServerBootApp

Host: Intel(R) Core(TM) i3-8145U CPU @ 2.10GHz, 4 cores, 3G,  Windows 11 , 64 bit Build 22621 (10.0.22621.2428)
Time: Sun Nov 12 10:27:23 2023 India Standard Time elapsed time: 1.977275 seconds (0d 0h 0m 1s)

---------------  T H R E A D  ---------------

Current thread (0x000001bcf21b7b60):  JavaThread "background-preinit" [_thread_in_vm, id=10652, stack(0x0000008b32300000,0x0000008b32400000)]

Stack: [0x0000008b32300000,0x0000008b32400000]
Native frames: (J=compiled Java code, j=interpreted, Vv=VM code, C=native code)
V  [jvm.dll+0x678b0a]
V  [jvm.dll+0x835e84]
V  [jvm.dll+0x83762e]
V  [jvm.dll+0x837c93]
V  [jvm.dll+0x24746f]
V  [jvm.dll+0x831f1b]
V  [jvm.dll+0x61d3c6]
V  [jvm.dll+0x1c1aae]
V  [jvm.dll+0x61fd21]
V  [jvm.dll+0x61dd66]
V  [jvm.dll+0x627c47]
V  [jvm.dll+0x1eb90b]
V  [jvm.dll+0x1ebe45]
V  [jvm.dll+0x1ec87f]
V  [jvm.dll+0x1e1d21]
V  [jvm.dll+0x53fba0]
V  [jvm.dll+0x7b1278]
V  [jvm.dll+0x7b1364]
V  [jvm.dll+0x40ecc5]
V  [jvm.dll+0x414e18]
C  [java.dll+0x17ec]

Java frames: (J=compiled Java code, j=interpreted, Vv=VM code)
J 834  java.lang.ClassLoader.defineClass1(Ljava/lang/ClassLoader;Ljava/lang/String;[BIILjava/security/ProtectionDomain;Ljava/lang/String;)Ljava/lang/Class; java.base@17.0.8.1 (0 bytes) @ 0x000001bce593bce3 [0x000001bce593bc20+0x00000000000000c3]
J 830 c1 java.lang.ClassLoader.defineClass(Ljava/lang/String;[BIILjava/security/ProtectionDomain;)Ljava/lang/Class; java.base@17.0.8.1 (43 bytes) @ 0x000001bce593f35c [0x000001bce593f260+0x00000000000000fc]
J 742 c1 jdk.internal.loader.BuiltinClassLoader.defineClass(Ljava/lang/String;Ljdk/internal/loader/Resource;)Ljava/lang/Class; java.base@17.0.8.1 (121 bytes) @ 0x000001bce591d9e4 [0x000001bce591d520+0x00000000000004c4]
J 741 c1 jdk.internal.loader.BuiltinClassLoader.findClassOnClassPathOrNull(Ljava/lang/String;)Ljava/lang/Class; java.base@17.0.8.1 (64 bytes) @ 0x000001bce591c95c [0x000001bce591c6a0+0x00000000000002bc]
J 645 c1 jdk.internal.loader.BuiltinClassLoader.loadClassOrNull(Ljava/lang/String;Z)Ljava/lang/Class; java.base@17.0.8.1 (143 bytes) @ 0x000001bce58ed3dc [0x000001bce58ecf80+0x000000000000045c]
J 714 c1 jdk.internal.loader.ClassLoaders$AppClassLoader.loadClass(Ljava/lang/String;Z)Ljava/lang/Class; java.base@17.0.8.1 (40 bytes) @ 0x000001bce59111a4 [0x000001bce5911060+0x0000000000000144]
J 713 c1 java.lang.ClassLoader.loadClass(Ljava/lang/String;)Ljava/lang/Class; java.base@17.0.8.1 (7 bytes) @ 0x000001bce590a0e4 [0x000001bce590a0a0+0x0000000000000044]
v  ~StubRoutines::call_stub
j  com.fasterxml.jackson.databind.ObjectMapper.<init>(Lcom/fasterxml/jackson/core/JsonFactory;Lcom/fasterxml/jackson/databind/ser/DefaultSerializerProvider;Lcom/fasterxml/jackson/databind/deser/DefaultDeserializationContext;)V+274
j  com.fasterxml.jackson.databind.ObjectMapper.<init>()V+4
j  org.springframework.http.converter.json.Jackson2ObjectMapperBuilder.build()Lcom/fasterxml/jackson/databind/ObjectMapper;+81
j  org.springframework.http.converter.json.MappingJackson2HttpMessageConverter.<init>()V+4
j  org.springframework.http.converter.support.AllEncompassingFormHttpMessageConverter.<init>()V+55
j  org.springframework.boot.autoconfigure.BackgroundPreinitializer$MessageConverterInitializer.run()V+4
j  org.springframework.boot.autoconfigure.BackgroundPreinitializer$1.runSafely(Ljava/lang/Runnable;)Z+1
j  org.springframework.boot.autoconfigure.BackgroundPreinitializer$1.run()V+32
j  java.lang.Thread.run()V+11 java.base@17.0.8.1
v  ~StubRoutines::call_stub

---------------  P R O C E S S  ---------------

Threads class SMR info:
_java_thread_list=0x000001bcf21cbbe0, length=13, elements={
0x000001bcddc139f0, 0x000001bcecf7e080, 0x000001bcecf7fe10, 0x000001bcecf94420,
0x000001bcecf960b0, 0x000001bcecf97a80, 0x000001bcecf98a50, 0x000001bcecf9be80,
0x000001bcecfb3460, 0x000001bced27ee10, 0x000001bced2a24d0, 0x000001bcf21a9de0,
0x000001bcf21b7b60
}

Java Threads: ( => current thread )
  0x000001bcddc139f0 JavaThread "main" [_thread_in_vm, id=8704, stack(0x0000008b30d00000,0x0000008b30e00000)]
  0x000001bcecf7e080 JavaThread "Reference Handler" daemon [_thread_blocked, id=52, stack(0x0000008b31400000,0x0000008b31500000)]
  0x000001bcecf7fe10 JavaThread "Finalizer" daemon [_thread_blocked, id=23624, stack(0x0000008b31500000,0x0000008b31600000)]
  0x000001bcecf94420 JavaThread "Signal Dispatcher" daemon [_thread_blocked, id=16304, stack(0x0000008b31600000,0x0000008b31700000)]
  0x000001bcecf960b0 JavaThread "Attach Listener" daemon [_thread_blocked, id=26592, stack(0x0000008b31700000,0x0000008b31800000)]
  0x000001bcecf97a80 JavaThread "Service Thread" daemon [_thread_blocked, id=19964, stack(0x0000008b31800000,0x0000008b31900000)]
  0x000001bcecf98a50 JavaThread "Monitor Deflation Thread" daemon [_thread_blocked, id=2000, stack(0x0000008b31900000,0x0000008b31a00000)]
  0x000001bcecf9be80 JavaThread "C1 CompilerThread0" daemon [_thread_blocked, id=22264, stack(0x0000008b31a00000,0x0000008b31b00000)]
  0x000001bcecfb3460 JavaThread "Sweeper thread" daemon [_thread_blocked, id=1740, stack(0x0000008b31b00000,0x0000008b31c00000)]
  0x000001bced27ee10 JavaThread "Notification Thread" daemon [_thread_blocked, id=26300, stack(0x0000008b31c00000,0x0000008b31d00000)]
  0x000001bced2a24d0 JavaThread "Common-Cleaner" daemon [_thread_blocked, id=22712, stack(0x0000008b31e00000,0x0000008b31f00000)]
  0x000001bcf21a9de0 JavaThread "C1 CompilerThread1" daemon [_thread_blocked, id=24028, stack(0x0000008b32200000,0x0000008b32300000)]
=>0x000001bcf21b7b60 JavaThread "background-preinit" [_thread_in_vm, id=10652, stack(0x0000008b32300000,0x0000008b32400000)]

Other Threads:
  0x000001bcecf79bb0 VMThread "VM Thread" [stack: 0x0000008b31300000,0x0000008b31400000] [id=21268]
  0x000001bcddc61fe0 WatcherThread [stack: 0x0000008b31d00000,0x0000008b31e00000] [id=8952]
  0x000001bcddc516e0 GCTaskThread "GC Thread#0" [stack: 0x0000008b30e00000,0x0000008b30f00000] [id=19220]
  0x000001bcecf94000 GCTaskThread "GC Thread#1" [stack: 0x0000008b31f00000,0x0000008b32000000] [id=12632]
  0x000001bced916490 GCTaskThread "GC Thread#2" [stack: 0x0000008b32000000,0x0000008b32100000] [id=19744]
  0x000001bcedc8d080 GCTaskThread "GC Thread#3" [stack: 0x0000008b32100000,0x0000008b32200000] [id=9164]
  0x000001bcddc5a630 ConcurrentGCThread "G1 Main Marker" [stack: 0x0000008b30f00000,0x0000008b31000000] [id=18320]
  0x000001bcddc5b7e0 ConcurrentGCThread "G1 Conc#0" [stack: 0x0000008b31000000,0x0000008b31100000] [id=13904]
  0x000001bcddc99390 ConcurrentGCThread "G1 Refine#0" [stack: 0x0000008b31100000,0x0000008b31200000] [id=20376]
  0x000001bcddc99dc0 ConcurrentGCThread "G1 Service" [stack: 0x0000008b31200000,0x0000008b31300000] [id=26104]

Threads with active compile tasks:

VM state: not at safepoint (normal execution)

VM Mutex/Monitor currently owned by a thread:  ([mutex/lock_event])
[0x000001bcdba1b740] Metaspace_lock - owner thread: 0x000001bcf21b7b60

Heap address: 0x00000000c0000000, size: 1024 MB, Compressed Oops mode: 32-bit

CDS archive(s) mapped at: [0x000001bc80000000-0x000001bc80bd0000-0x000001bc80bd0000), size 12386304, SharedBaseAddress: 0x000001bc80000000, ArchiveRelocationMode: 1.
Compressed class space mapped at: 0x000001bc81000000-0x000001bcc1000000, reserved size: 1073741824
Narrow klass base: 0x000001bc80000000, Narrow klass shift: 0, Narrow klass range: 0x100000000

GC Precious Log:
 CPUs: 4 total, 4 available
 Memory: 3872M
 Large Page Support: Disabled
 NUMA Support: Disabled
 Compressed Oops: Enabled (32-bit)
 Heap Region Size: 1M
 Heap Min Capacity: 8M
 Heap Initial Capacity: 62M
 Heap Max Capacity: 1G
 Pre-touch: Disabled
 Parallel Workers: 4
 Concurrent Workers: 1
 Concurrent Refinement Workers: 4
 Periodic GC: Disabled

Heap:
 garbage-first heap   total 63488K, used 31366K [0x00000000c0000000, 0x0000000100000000)
  region size 1024K, 23 young (23552K), 4 survivors (4096K)
 Metaspace       used 15570K, committed 15744K, reserved 1114112K
  class space    used 2074K, committed 2176K, reserved 1048576K

Heap Regions: E=young(eden), S=young(survivor), O=old, HS=humongous(starts), HC=humongous(continues), CS=collection set, F=free, OA=open archive, CA=closed archive, TAMS=top-at-mark-start (previous, next)
|   0|0x00000000c0000000, 0x00000000c0100000, 0x00000000c0100000|100%| O|  |TAMS 0x00000000c0000000, 0x00000000c0000000| Untracked 
|   1|0x00000000c0100000, 0x00000000c0200000, 0x00000000c0200000|100%| O|  |TAMS 0x00000000c0100000, 0x00000000c0100000| Untracked 
|   2|0x00000000c0200000, 0x00000000c0300000, 0x00000000c0300000|100%| O|  |TAMS 0x00000000c0200000, 0x00000000c0200000| Untracked 
|   3|0x00000000c0300000, 0x00000000c0400000, 0x00000000c0400000|100%| O|  |TAMS 0x00000000c0300000, 0x00000000c0300000| Untracked 
|   4|0x00000000c0400000, 0x00000000c0500000, 0x00000000c0500000|100%| O|  |TAMS 0x00000000c0400000, 0x00000000c0400000| Untracked 
|   5|0x00000000c0500000, 0x00000000c0600000, 0x00000000c0600000|100%| O|  |TAMS 0x00000000c0500000, 0x00000000c0500000| Untracked 
|   6|0x00000000c0600000, 0x00000000c0700000, 0x00000000c0700000|100%| O|  |TAMS 0x00000000c0600000, 0x00000000c0600000| Untracked 
|   7|0x00000000c0700000, 0x00000000c0800000, 0x00000000c0800000|100%| O|  |TAMS 0x00000000c0700000, 0x00000000c0700000| Untracked 
|   8|0x00000000c0800000, 0x00000000c0900000, 0x00000000c0900000|100%| O|  |TAMS 0x00000000c0800000, 0x00000000c0800000| Untracked 
|   9|0x00000000c0900000, 0x00000000c0906e00, 0x00000000c0a00000|  2%| O|  |TAMS 0x00000000c0900000, 0x00000000c0900000| Untracked 
|  10|0x00000000c0a00000, 0x00000000c0a00000, 0x00000000c0b00000|  0%| F|  |TAMS 0x00000000c0a00000, 0x00000000c0a00000| Untracked 
|  11|0x00000000c0b00000, 0x00000000c0b00000, 0x00000000c0c00000|  0%| F|  |TAMS 0x00000000c0b00000, 0x00000000c0b00000| Untracked 
|  12|0x00000000c0c00000, 0x00000000c0c00000, 0x00000000c0d00000|  0%| F|  |TAMS 0x00000000c0c00000, 0x00000000c0c00000| Untracked 
|  13|0x00000000c0d00000, 0x00000000c0d00000, 0x00000000c0e00000|  0%| F|  |TAMS 0x00000000c0d00000, 0x00000000c0d00000| Untracked 
|  14|0x00000000c0e00000, 0x00000000c0e00000, 0x00000000c0f00000|  0%| F|  |TAMS 0x00000000c0e00000, 0x00000000c0e00000| Untracked 
|  15|0x00000000c0f00000, 0x00000000c0f00000, 0x00000000c1000000|  0%| F|  |TAMS 0x00000000c0f00000, 0x00000000c0f00000| Untracked 
|  16|0x00000000c1000000, 0x00000000c1000000, 0x00000000c1100000|  0%| F|  |TAMS 0x00000000c1000000, 0x00000000c1000000| Untracked 
|  17|0x00000000c1100000, 0x00000000c1100000, 0x00000000c1200000|  0%| F|  |TAMS 0x00000000c1100000, 0x00000000c1100000| Untracked 
|  18|0x00000000c1200000, 0x00000000c1200000, 0x00000000c1300000|  0%| F|  |TAMS 0x00000000c1200000, 0x00000000c1200000| Untracked 
|  19|0x00000000c1300000, 0x00000000c1300000, 0x00000000c1400000|  0%| F|  |TAMS 0x00000000c1300000, 0x00000000c1300000| Untracked 
|  20|0x00000000c1400000, 0x00000000c1400000, 0x00000000c1500000|  0%| F|  |TAMS 0x00000000c1400000, 0x00000000c1400000| Untracked 
|  21|0x00000000c1500000, 0x00000000c1500000, 0x00000000c1600000|  0%| F|  |TAMS 0x00000000c1500000, 0x00000000c1500000| Untracked 
|  22|0x00000000c1600000, 0x00000000c1600000, 0x00000000c1700000|  0%| F|  |TAMS 0x00000000c1600000, 0x00000000c1600000| Untracked 
|  23|0x00000000c1700000, 0x00000000c1700000, 0x00000000c1800000|  0%| F|  |TAMS 0x00000000c1700000, 0x00000000c1700000| Untracked 
|  24|0x00000000c1800000, 0x00000000c1800000, 0x00000000c1900000|  0%| F|  |TAMS 0x00000000c1800000, 0x00000000c1800000| Untracked 
|  25|0x00000000c1900000, 0x00000000c1900000, 0x00000000c1a00000|  0%| F|  |TAMS 0x00000000c1900000, 0x00000000c1900000| Untracked 
|  26|0x00000000c1a00000, 0x00000000c1a00000, 0x00000000c1b00000|  0%| F|  |TAMS 0x00000000c1a00000, 0x00000000c1a00000| Untracked 
|  27|0x00000000c1b00000, 0x00000000c1b00000, 0x00000000c1c00000|  0%| F|  |TAMS 0x00000000c1b00000, 0x00000000c1b00000| Untracked 
|  28|0x00000000c1c00000, 0x00000000c1c00000, 0x00000000c1d00000|  0%| F|  |TAMS 0x00000000c1c00000, 0x00000000c1c00000| Untracked 
|  29|0x00000000c1d00000, 0x00000000c1d9ad80, 0x00000000c1e00000| 60%| S|CS|TAMS 0x00000000c1d00000, 0x00000000c1d00000| Complete 
|  30|0x00000000c1e00000, 0x00000000c1f00000, 0x00000000c1f00000|100%| S|CS|TAMS 0x00000000c1e00000, 0x00000000c1e00000| Complete 
|  31|0x00000000c1f00000, 0x00000000c2000000, 0x00000000c2000000|100%| S|CS|TAMS 0x00000000c1f00000, 0x00000000c1f00000| Complete 
|  32|0x00000000c2000000, 0x00000000c2100000, 0x00000000c2100000|100%| S|CS|TAMS 0x00000000c2000000, 0x00000000c2000000| Complete 
|  33|0x00000000c2100000, 0x00000000c2100000, 0x00000000c2200000|  0%| F|  |TAMS 0x00000000c2100000, 0x00000000c2100000| Untracked 
|  34|0x00000000c2200000, 0x00000000c2200000, 0x00000000c2300000|  0%| F|  |TAMS 0x00000000c2200000, 0x00000000c2200000| Untracked 
|  35|0x00000000c2300000, 0x00000000c2300000, 0x00000000c2400000|  0%| F|  |TAMS 0x00000000c2300000, 0x00000000c2300000| Untracked 
|  36|0x00000000c2400000, 0x00000000c2400000, 0x00000000c2500000|  0%| F|  |TAMS 0x00000000c2400000, 0x00000000c2400000| Untracked 
|  37|0x00000000c2500000, 0x00000000c2500000, 0x00000000c2600000|  0%| F|  |TAMS 0x00000000c2500000, 0x00000000c2500000| Untracked 
|  38|0x00000000c2600000, 0x00000000c2600000, 0x00000000c2700000|  0%| F|  |TAMS 0x00000000c2600000, 0x00000000c2600000| Untracked 
|  39|0x00000000c2700000, 0x00000000c2700000, 0x00000000c2800000|  0%| F|  |TAMS 0x00000000c2700000, 0x00000000c2700000| Untracked 
|  40|0x00000000c2800000, 0x00000000c2800000, 0x00000000c2900000|  0%| F|  |TAMS 0x00000000c2800000, 0x00000000c2800000| Untracked 
|  41|0x00000000c2900000, 0x00000000c2900000, 0x00000000c2a00000|  0%| F|  |TAMS 0x00000000c2900000, 0x00000000c2900000| Untracked 
|  42|0x00000000c2a00000, 0x00000000c2a00000, 0x00000000c2b00000|  0%| F|  |TAMS 0x00000000c2a00000, 0x00000000c2a00000| Untracked 
|  43|0x00000000c2b00000, 0x00000000c2ba4770, 0x00000000c2c00000| 64%| E|  |TAMS 0x00000000c2b00000, 0x00000000c2b00000| Complete 
|  44|0x00000000c2c00000, 0x00000000c2d00000, 0x00000000c2d00000|100%| E|CS|TAMS 0x00000000c2c00000, 0x00000000c2c00000| Complete 
|  45|0x00000000c2d00000, 0x00000000c2e00000, 0x00000000c2e00000|100%| E|CS|TAMS 0x00000000c2d00000, 0x00000000c2d00000| Complete 
|  46|0x00000000c2e00000, 0x00000000c2f00000, 0x00000000c2f00000|100%| E|CS|TAMS 0x00000000c2e00000, 0x00000000c2e00000| Complete 
|  47|0x00000000c2f00000, 0x00000000c3000000, 0x00000000c3000000|100%| E|CS|TAMS 0x00000000c2f00000, 0x00000000c2f00000| Complete 
|  48|0x00000000c3000000, 0x00000000c3100000, 0x00000000c3100000|100%| E|CS|TAMS 0x00000000c3000000, 0x00000000c3000000| Complete 
|  49|0x00000000c3100000, 0x00000000c3200000, 0x00000000c3200000|100%| E|CS|TAMS 0x00000000c3100000, 0x00000000c3100000| Complete 
|  50|0x00000000c3200000, 0x00000000c3300000, 0x00000000c3300000|100%| E|CS|TAMS 0x00000000c3200000, 0x00000000c3200000| Complete 
|  51|0x00000000c3300000, 0x00000000c3400000, 0x00000000c3400000|100%| E|CS|TAMS 0x00000000c3300000, 0x00000000c3300000| Complete 
|  52|0x00000000c3400000, 0x00000000c3500000, 0x00000000c3500000|100%| E|CS|TAMS 0x00000000c3400000, 0x00000000c3400000| Complete 
|  53|0x00000000c3500000, 0x00000000c3600000, 0x00000000c3600000|100%| E|CS|TAMS 0x00000000c3500000, 0x00000000c3500000| Complete 
|  54|0x00000000c3600000, 0x00000000c3700000, 0x00000000c3700000|100%| E|CS|TAMS 0x00000000c3600000, 0x00000000c3600000| Complete 
|  55|0x00000000c3700000, 0x00000000c3800000, 0x00000000c3800000|100%| E|CS|TAMS 0x00000000c3700000, 0x00000000c3700000| Complete 
|  56|0x00000000c3800000, 0x00000000c3900000, 0x00000000c3900000|100%| E|CS|TAMS 0x00000000c3800000, 0x00000000c3800000| Complete 
|  57|0x00000000c3900000, 0x00000000c3a00000, 0x00000000c3a00000|100%| E|CS|TAMS 0x00000000c3900000, 0x00000000c3900000| Complete 
|  58|0x00000000c3a00000, 0x00000000c3b00000, 0x00000000c3b00000|100%| E|CS|TAMS 0x00000000c3a00000, 0x00000000c3a00000| Complete 
|  59|0x00000000c3b00000, 0x00000000c3c00000, 0x00000000c3c00000|100%| E|CS|TAMS 0x00000000c3b00000, 0x00000000c3b00000| Complete 
|  60|0x00000000c3c00000, 0x00000000c3d00000, 0x00000000c3d00000|100%| E|CS|TAMS 0x00000000c3c00000, 0x00000000c3c00000| Complete 
|  61|0x00000000c3d00000, 0x00000000c3e00000, 0x00000000c3e00000|100%| E|CS|TAMS 0x00000000c3d00000, 0x00000000c3d00000| Complete 

Card table byte_map: [0x000001bce86f0000,0x000001bce88f0000] _byte_map_base: 0x000001bce80f0000

Marking Bits (Prev, Next): (CMBitMap*) 0x000001bcddc51d00, (CMBitMap*) 0x000001bcddc51d40
 Prev Bits: [0x000001bce8af0000, 0x000001bce9af0000)
 Next Bits: [0x000001bce9af0000, 0x000001bceaaf0000)

Polling page: 0x000001bcdbc00000

Metaspace:

Usage:
  Non-class:     13.18 MB used.
      Class:      2.03 MB used.
       Both:     15.21 MB used.

Virtual space:
  Non-class space:       64.00 MB reserved,      13.25 MB ( 21%) committed,  1 nodes.
      Class space:        1.00 GB reserved,       2.12 MB ( <1%) committed,  1 nodes.
             Both:        1.06 GB reserved,      15.38 MB (  1%) committed. 

Chunk freelists:
   Non-Class:  2.61 MB
       Class:  13.89 MB
        Both:  16.50 MB

MaxMetaspaceSize: unlimited
CompressedClassSpaceSize: 1.00 GB
Initial GC threshold: 21.00 MB
Current GC threshold: 21.00 MB
CDS: on
MetaspaceReclaimPolicy: balanced
 - commit_granule_bytes: 65536.
 - commit_granule_words: 8192.
 - virtual_space_node_default_size: 8388608.
 - enlarge_chunks_in_place: 1.
 - new_chunks_are_fully_committed: 0.
 - uncommit_free_chunks: 1.
 - use_allocation_guard: 0.
 - handle_deallocations: 1.


Internal statistics:

num_allocs_failed_limit: 0.
num_arena_births: 216.
num_arena_deaths: 0.
num_vsnodes_births: 2.
num_vsnodes_deaths: 0.
num_space_committed: 246.
num_space_uncommitted: 0.
num_chunks_returned_to_freelist: 0.
num_chunks_taken_from_freelist: 695.
num_chunk_merges: 0.
num_chunk_splits: 498.
num_chunks_enlarged: 400.
num_inconsistent_stats: 0.

CodeCache: size=49152Kb used=4780Kb max_used=4780Kb free=44371Kb
 bounds [0x000001bce56f0000, 0x000001bce5ba0000, 0x000001bce86f0000]
 total_blobs=2494 nmethods=2016 adapters=404
 compilation: enabled
              stopped_count=0, restarted_count=0
 full_count=0

Compilation events (20 events):
Event: 1.969 Thread 0x000001bcf21a9de0 nmethod 1997 0x000001bce5b94590 code [0x000001bce5b94740, 0x000001bce5b948f8]
Event: 1.969 Thread 0x000001bcf21a9de0 1998       1       java.lang.ref.WeakReference::<init> (6 bytes)
Event: 1.969 Thread 0x000001bcf21a9de0 nmethod 1998 0x000001bce5b94a10 code [0x000001bce5b94ba0, 0x000001bce5b94d18]
Event: 1.970 Thread 0x000001bcecf9be80 1999       1       org.codehaus.groovy.util.FastArray::add (71 bytes)
Event: 1.970 Thread 0x000001bcecf9be80 nmethod 1999 0x000001bce5b94d90 code [0x000001bce5b94f40, 0x000001bce5b952e8]
Event: 1.970 Thread 0x000001bcf21a9de0 2000       1       java.lang.reflect.Method::getRoot (5 bytes)
Event: 1.970 Thread 0x000001bcf21a9de0 nmethod 2000 0x000001bce5b95410 code [0x000001bce5b955a0, 0x000001bce5b95678]
Event: 1.971 Thread 0x000001bcecf9be80 2001       1       java.lang.ClassValue::version (5 bytes)
Event: 1.971 Thread 0x000001bcf21a9de0 2002       1       java.lang.ClassValue$Entry::version (8 bytes)
Event: 1.971 Thread 0x000001bcecf9be80 nmethod 2001 0x000001bce5b95710 code [0x000001bce5b958a0, 0x000001bce5b95978]
Event: 1.971 Thread 0x000001bcf21a9de0 nmethod 2002 0x000001bce5b95a10 code [0x000001bce5b95ba0, 0x000001bce5b95cb8]
Event: 1.971 Thread 0x000001bcecf9be80 2004       1       java.util.WeakHashMap::<init> (133 bytes)
Event: 1.971 Thread 0x000001bcf21a9de0 2003       1       java.util.WeakHashMap::<init> (9 bytes)
Event: 1.971 Thread 0x000001bcf21a9de0 nmethod 2003 0x000001bce5b95d90 code [0x000001bce5b95f40, 0x000001bce5b96028]
Event: 1.971 Thread 0x000001bcf21a9de0 2005       1       java.util.WeakHashMap::newTable (5 bytes)
Event: 1.971 Thread 0x000001bcf21a9de0 nmethod 2005 0x000001bce5b96090 code [0x000001bce5b96220, 0x000001bce5b96378]
Event: 1.971 Thread 0x000001bcf21a9de0 2006       1       java.lang.Class::privateGetDeclaredMethods (64 bytes)
Event: 1.972 Thread 0x000001bcf21a9de0 nmethod 2006 0x000001bce5b96410 code [0x000001bce5b96600, 0x000001bce5b969b8]
Event: 1.972 Thread 0x000001bcecf9be80 nmethod 2004 0x000001bce5b96b90 code [0x000001bce5b96e00, 0x000001bce5b97808]
Event: 1.972 Thread 0x000001bcecf9be80 2007       1       org.codehaus.groovy.util.ManagedReference::<init> (40 bytes)

GC Heap History (8 events):
Event: 0.401 GC heap before
{Heap before GC invocations=0 (full 0):
 garbage-first heap   total 63488K, used 12288K [0x00000000c0000000, 0x0000000100000000)
  region size 1024K, 13 young (13312K), 0 survivors (0K)
 Metaspace       used 546K, committed 640K, reserved 1114112K
  class space    used 52K, committed 128K, reserved 1048576K
}
Event: 0.407 GC heap after
{Heap after GC invocations=1 (full 0):
 garbage-first heap   total 63488K, used 7879K [0x00000000c0000000, 0x0000000100000000)
  region size 1024K, 2 young (2048K), 2 survivors (2048K)
 Metaspace       used 546K, committed 640K, reserved 1114112K
  class space    used 52K, committed 128K, reserved 1048576K
}
Event: 0.737 GC heap before
{Heap before GC invocations=1 (full 0):
 garbage-first heap   total 63488K, used 17095K [0x00000000c0000000, 0x0000000100000000)
  region size 1024K, 11 young (11264K), 2 survivors (2048K)
 Metaspace       used 2767K, committed 2880K, reserved 1114112K
  class space    used 370K, committed 448K, reserved 1048576K
}
Event: 0.741 GC heap after
{Heap after GC invocations=2 (full 0):
 garbage-first heap   total 63488K, used 9383K [0x00000000c0000000, 0x0000000100000000)
  region size 1024K, 2 young (2048K), 2 survivors (2048K)
 Metaspace       used 2767K, committed 2880K, reserved 1114112K
  class space    used 370K, committed 448K, reserved 1048576K
}
Event: 1.211 GC heap before
{Heap before GC invocations=2 (full 0):
 garbage-first heap   total 63488K, used 24743K [0x00000000c0000000, 0x0000000100000000)
  region size 1024K, 17 young (17408K), 2 survivors (2048K)
 Metaspace       used 6047K, committed 6208K, reserved 1114112K
  class space    used 890K, committed 960K, reserved 1048576K
}
Event: 1.215 GC heap after
{Heap after GC invocations=3 (full 0):
 garbage-first heap   total 63488K, used 10542K [0x00000000c0000000, 0x0000000100000000)
  region size 1024K, 3 young (3072K), 3 survivors (3072K)
 Metaspace       used 6047K, committed 6208K, reserved 1114112K
  class space    used 890K, committed 960K, reserved 1048576K
}
Event: 1.784 GC heap before
{Heap before GC invocations=3 (full 0):
 garbage-first heap   total 63488K, used 37166K [0x00000000c0000000, 0x0000000100000000)
  region size 1024K, 29 young (29696K), 3 survivors (3072K)
 Metaspace       used 11552K, committed 11776K, reserved 1114112K
  class space    used 1581K, committed 1728K, reserved 1048576K
}
Event: 1.789 GC heap after
{Heap after GC invocations=4 (full 0):
 garbage-first heap   total 63488K, used 12934K [0x00000000c0000000, 0x0000000100000000)
  region size 1024K, 4 young (4096K), 4 survivors (4096K)
 Metaspace       used 11552K, committed 11776K, reserved 1114112K
  class space    used 1581K, committed 1728K, reserved 1048576K
}

Dll operation events (6 events):
Event: 0.011 Loaded shared library c:\Users\G Madhusudhan Reddy\AppData\Roaming\Code\User\globalStorage\pleiades.java-extension-pack-jdk\java\17\bin\java.dll
Event: 0.030 Loaded shared library c:\Users\G Madhusudhan Reddy\AppData\Roaming\Code\User\globalStorage\pleiades.java-extension-pack-jdk\java\17\bin\jsvml.dll
Event: 0.176 Loaded shared library C:\Users\G Madhusudhan Reddy\AppData\Roaming\Code\User\globalStorage\pleiades.java-extension-pack-jdk\java\17\bin\net.dll
Event: 0.178 Loaded shared library C:\Users\G Madhusudhan Reddy\AppData\Roaming\Code\User\globalStorage\pleiades.java-extension-pack-jdk\java\17\bin\nio.dll
Event: 0.183 Loaded shared library C:\Users\G Madhusudhan Reddy\AppData\Roaming\Code\User\globalStorage\pleiades.java-extension-pack-jdk\java\17\bin\zip.dll
Event: 0.393 Loaded shared library C:\Users\G Madhusudhan Reddy\AppData\Roaming\Code\User\globalStorage\pleiades.java-extension-pack-jdk\java\17\bin\jimage.dll

Deoptimization events (2 events):
Event: 0.509 Thread 0x000001bcddc139f0 DEOPT PACKING pc=0x000001bce58a9a9d sp=0x0000008b30dfbef0
Event: 0.509 Thread 0x000001bcddc139f0 DEOPT UNPACKING pc=0x000001bce5747143 sp=0x0000008b30dfb458 mode 3

Classes unloaded (0 events):
No events

Classes redefined (0 events):
No events

Internal exceptions (20 events):
Event: 1.638 Thread 0x000001bcddc139f0 Exception <a 'java/lang/NoSuchMethodError'{0x00000000c2d16020}: 'void java.lang.invoke.DirectMethodHandle$Holder.invokeInterface(java.lang.Object, java.lang.Object, java.lang.Object)'> (0x00000000c2d16020) 
thrown [s\src\hotspot\share\interpreter\linkResolver.cpp, line 759]
Event: 1.655 Thread 0x000001bcddc139f0 Exception <a 'java/lang/NoSuchMethodError'{0x00000000c2d633b8}: 'void java.lang.invoke.DirectMethodHandle$Holder.invokeStatic(java.lang.Object, java.lang.Object)'> (0x00000000c2d633b8) 
thrown [s\src\hotspot\share\interpreter\linkResolver.cpp, line 759]
Event: 1.655 Thread 0x000001bcddc139f0 Exception <a 'java/lang/NoSuchMethodError'{0x00000000c2d66bb8}: 'void java.lang.invoke.DirectMethodHandle$Holder.invokeStaticInit(java.lang.Object, java.lang.Object)'> (0x00000000c2d66bb8) 
thrown [s\src\hotspot\share\interpreter\linkResolver.cpp, line 759]
Event: 1.658 Thread 0x000001bcddc139f0 Exception <a 'java/lang/NoSuchMethodError'{0x00000000c2d77628}: 'void java.lang.invoke.DirectMethodHandle$Holder.invokeStaticInit(java.lang.Object, java.lang.Object, java.lang.Object)'> (0x00000000c2d77628) 
thrown [s\src\hotspot\share\interpreter\linkResolver.cpp, line 759]
Event: 1.663 Thread 0x000001bcddc139f0 Exception <a 'java/lang/NoSuchMethodError'{0x00000000c2d8b2e0}: 'java.lang.Object java.lang.invoke.DirectMethodHandle$Holder.invokeStaticInit(java.lang.Object)'> (0x00000000c2d8b2e0) 
thrown [s\src\hotspot\share\interpreter\linkResolver.cpp, line 759]
Event: 1.667 Thread 0x000001bcddc139f0 Exception <a 'java/lang/NoSuchMethodError'{0x00000000c2d91858}: 'java.lang.Object java.lang.invoke.DirectMethodHandle$Holder.invokeStatic(java.lang.Object, java.lang.Object, long, java.lang.Object)'> (0x00000000c2d91858) 
thrown [s\src\hotspot\share\interpreter\linkResolver.cpp, line 759]
Event: 1.668 Thread 0x000001bcddc139f0 Exception <a 'java/lang/NoSuchMethodError'{0x00000000c2d952f0}: 'java.lang.Object java.lang.invoke.DirectMethodHandle$Holder.invokeStaticInit(java.lang.Object, java.lang.Object, long, java.lang.Object)'> (0x00000000c2d952f0) 
thrown [s\src\hotspot\share\interpreter\linkResolver.cpp, line 759]
Event: 1.670 Thread 0x000001bcddc139f0 Exception <a 'java/lang/NoSuchMethodError'{0x00000000c2d9ba70}: 'java.lang.Object java.lang.invoke.DirectMethodHandle$Holder.newInvokeSpecial(java.lang.Object, java.lang.Object, long)'> (0x00000000c2d9ba70) 
thrown [s\src\hotspot\share\interpreter\linkResolver.cpp, line 759]
Event: 1.670 Thread 0x000001bcddc139f0 Exception <a 'java/lang/NoSuchMethodError'{0x00000000c2d9f5e0}: 'java.lang.Object java.lang.invoke.Invokers$Holder.linkToTargetMethod(java.lang.Object, long, java.lang.Object)'> (0x00000000c2d9f5e0) 
thrown [s\src\hotspot\share\interpreter\linkResolver.cpp, line 759]
Event: 1.699 Thread 0x000001bcddc139f0 Exception <a 'java/lang/NoSuchMethodError'{0x00000000c2958318}: 'void java.lang.invoke.DirectMethodHandle$Holder.invokeSpecial(java.lang.Object, java.lang.Object, java.lang.Object, java.lang.Object, java.lang.Object)'> (0x00000000c2958318) 
thrown [s\src\hotspot\share\interpreter\linkResolver.cpp, line 759]
Event: 1.703 Thread 0x000001bcddc139f0 Exception <a 'java/lang/NoSuchMethodError'{0x00000000c297d270}: 'void java.lang.invoke.DirectMethodHandle$Holder.invokeSpecial(java.lang.Object, java.lang.Object, java.lang.Object)'> (0x00000000c297d270) 
thrown [s\src\hotspot\share\interpreter\linkResolver.cpp, line 759]
Event: 1.709 Thread 0x000001bcddc139f0 Exception <a 'java/lang/NoSuchMethodError'{0x00000000c29acc20}: 'void java.lang.invoke.DirectMethodHandle$Holder.invokeStatic(java.lang.Object, java.lang.Object, int)'> (0x00000000c29acc20) 
thrown [s\src\hotspot\share\interpreter\linkResolver.cpp, line 759]
Event: 1.720 Thread 0x000001bcf21b7b60 Exception <a 'java/lang/NoClassDefFoundError'{0x00000000c281cbc8}: jakarta/validation/Validation> (0x00000000c281cbc8) 
thrown [s\src\hotspot\share\classfile\systemDictionary.cpp, line 245]
Event: 1.726 Thread 0x000001bcddc139f0 Exception <a 'java/lang/NoSuchMethodError'{0x00000000c2886c30}: 'java.lang.Object java.lang.invoke.DirectMethodHandle$Holder.invokeStatic(java.lang.Object, java.lang.Object, int)'> (0x00000000c2886c30) 
thrown [s\src\hotspot\share\interpreter\linkResolver.cpp, line 759]
Event: 1.727 Thread 0x000001bcddc139f0 Exception <a 'java/lang/NoSuchMethodError'{0x00000000c28923a0}: 'void java.lang.invoke.DelegatingMethodHandle$Holder.delegate(java.lang.Object, java.lang.Object, int, java.lang.Object)'> (0x00000000c28923a0) 
thrown [s\src\hotspot\share\interpreter\linkResolver.cpp, line 759]
Event: 1.750 Thread 0x000001bcddc139f0 Exception <a 'java/lang/IncompatibleClassChangeError'{0x00000000c2532200}: Found class java.lang.Object, but interface was expected> (0x00000000c2532200) 
thrown [s\src\hotspot\share\interpreter\linkResolver.cpp, line 826]
Event: 1.951 Thread 0x000001bcddc139f0 Exception <a 'java/lang/NoSuchMethodError'{0x00000000c2eb91b8}: 'void java.lang.invoke.DirectMethodHandle$Holder.invokeStaticInit(java.lang.Object, java.lang.Object, java.lang.Object, java.lang.Object)'> (0x00000000c2eb91b8) 
thrown [s\src\hotspot\share\interpreter\linkResolver.cpp, line 759]
Event: 1.954 Thread 0x000001bcddc139f0 Exception <a 'java/lang/NoSuchMethodError'{0x00000000c2edaa50}: 'void java.lang.invoke.DirectMethodHandle$Holder.invokeStaticInit(java.lang.Object, java.lang.Object, java.lang.Object, java.lang.Object, java.lang.Object)'> (0x00000000c2edaa50) 
thrown [s\src\hotspot\share\interpreter\linkResolver.cpp, line 759]
Event: 1.962 Thread 0x000001bcddc139f0 Exception <a 'java/lang/NoSuchMethodError'{0x00000000c2dd5400}: 'int java.lang.invoke.DirectMethodHandle$Holder.invokeStaticInit(java.lang.Object, java.lang.Object, java.lang.Object, java.lang.Object)'> (0x00000000c2dd5400) 
thrown [s\src\hotspot\share\interpreter\linkResolver.cpp, line 759]
Event: 1.962 Thread 0x000001bcddc139f0 Exception <a 'java/lang/IncompatibleClassChangeError'{0x00000000c2dde5e0}: Found class java.lang.Object, but interface was expected> (0x00000000c2dde5e0) 
thrown [s\src\hotspot\share\interpreter\linkResolver.cpp, line 826]

VM Operations (20 events):
Event: 1.202 Executing VM operation: HandshakeAllThreads
Event: 1.202 Executing VM operation: HandshakeAllThreads done
Event: 1.211 Executing VM operation: G1CollectForAllocation
Event: 1.215 Executing VM operation: G1CollectForAllocation done
Event: 1.439 Executing VM operation: HandshakeAllThreads
Event: 1.439 Executing VM operation: HandshakeAllThreads done
Event: 1.445 Executing VM operation: HandshakeAllThreads
Event: 1.445 Executing VM operation: HandshakeAllThreads done
Event: 1.509 Executing VM operation: HandshakeAllThreads
Event: 1.509 Executing VM operation: HandshakeAllThreads done
Event: 1.588 Executing VM operation: HandshakeAllThreads
Event: 1.588 Executing VM operation: HandshakeAllThreads done
Event: 1.708 Executing VM operation: HandshakeAllThreads
Event: 1.708 Executing VM operation: HandshakeAllThreads done
Event: 1.726 Executing VM operation: HandshakeAllThreads
Event: 1.726 Executing VM operation: HandshakeAllThreads done
Event: 1.731 Executing VM operation: ICBufferFull
Event: 1.732 Executing VM operation: ICBufferFull done
Event: 1.784 Executing VM operation: G1CollectForAllocation
Event: 1.789 Executing VM operation: G1CollectForAllocation done

Events (20 events):
Event: 1.898 loading class java/io/ObjectOutputStream
Event: 1.898 loading class java/io/ObjectOutput
Event: 1.898 loading class java/io/ObjectOutput done
Event: 1.898 loading class java/io/ObjectOutputStream done
Event: 1.898 loading class java/lang/Process
Event: 1.899 loading class java/lang/Process done
Event: 1.899 loading class java/io/DataOutputStream
Event: 1.900 loading class java/io/DataOutputStream done
Event: 1.900 loading class java/net/Socket
Event: 1.900 loading class java/net/Socket done
Event: 1.900 loading class java/net/ServerSocket
Event: 1.900 loading class java/net/ServerSocket done
Event: 1.926 loading class java/util/LinkedList$ListItr
Event: 1.926 loading class java/util/LinkedList$ListItr done
Event: 1.944 loading class java/lang/reflect/MalformedParameterizedTypeException
Event: 1.944 loading class java/lang/reflect/MalformedParameterizedTypeException done
Event: 1.950 loading class java/lang/IllegalCallerException
Event: 1.950 loading class java/lang/IllegalCallerException done
Event: 1.970 loading class java/lang/ClassFormatError
Event: 1.970 loading class java/lang/ClassFormatError done


Dynamic libraries:
0x00007ff747a90000 - 0x00007ff747a9e000 	c:\Users\G Madhusudhan Reddy\AppData\Roaming\Code\User\globalStorage\pleiades.java-extension-pack-jdk\java\17\bin\java.exe
0x00007ffdb5eb0000 - 0x00007ffdb60c7000 	C:\WINDOWS\SYSTEM32\ntdll.dll
0x00007ffdb55a0000 - 0x00007ffdb5664000 	C:\WINDOWS\System32\KERNEL32.DLL
0x00007ffdb3740000 - 0x00007ffdb3ae6000 	C:\WINDOWS\System32\KERNELBASE.dll
0x00007ffdb3af0000 - 0x00007ffdb3c01000 	C:\WINDOWS\System32\ucrtbase.dll
0x00007ffda33f0000 - 0x00007ffda3409000 	c:\Users\G Madhusudhan Reddy\AppData\Roaming\Code\User\globalStorage\pleiades.java-extension-pack-jdk\java\17\bin\VCRUNTIME140.dll
0x00007ffda3410000 - 0x00007ffda3427000 	c:\Users\G Madhusudhan Reddy\AppData\Roaming\Code\User\globalStorage\pleiades.java-extension-pack-jdk\java\17\bin\jli.dll
0x00007ffdb5230000 - 0x00007ffdb53dd000 	C:\WINDOWS\System32\USER32.dll
0x00007ffdb33c0000 - 0x00007ffdb33e6000 	C:\WINDOWS\System32\win32u.dll
0x00007ffda0670000 - 0x00007ffda0903000 	C:\WINDOWS\WinSxS\amd64_microsoft.windows.common-controls_6595b64144ccf1df_6.0.22621.2361_none_2712ced57382f843\COMCTL32.dll
0x00007ffdb5b00000 - 0x00007ffdb5b29000 	C:\WINDOWS\System32\GDI32.dll
0x00007ffdb5170000 - 0x00007ffdb5217000 	C:\WINDOWS\System32\msvcrt.dll
0x00007ffdb32a0000 - 0x00007ffdb33b8000 	C:\WINDOWS\System32\gdi32full.dll
0x00007ffdb33f0000 - 0x00007ffdb348a000 	C:\WINDOWS\System32\msvcp_win.dll
0x00007ffdb5ac0000 - 0x00007ffdb5af1000 	C:\WINDOWS\System32\IMM32.DLL
0x00007ffda7040000 - 0x00007ffda704c000 	c:\Users\G Madhusudhan Reddy\AppData\Roaming\Code\User\globalStorage\pleiades.java-extension-pack-jdk\java\17\bin\vcruntime140_1.dll
0x00007ffd9e2b0000 - 0x00007ffd9e341000 	c:\Users\G Madhusudhan Reddy\AppData\Roaming\Code\User\globalStorage\pleiades.java-extension-pack-jdk\java\17\bin\msvcp140.dll
0x00007ffd5a070000 - 0x00007ffd5acbc000 	c:\Users\G Madhusudhan Reddy\AppData\Roaming\Code\User\globalStorage\pleiades.java-extension-pack-jdk\java\17\bin\server\jvm.dll
0x00007ffdb5bf0000 - 0x00007ffdb5ca0000 	C:\WINDOWS\System32\ADVAPI32.dll
0x00007ffdb58c0000 - 0x00007ffdb5966000 	C:\WINDOWS\System32\sechost.dll
0x00007ffdb3c10000 - 0x00007ffdb3d27000 	C:\WINDOWS\System32\RPCRT4.dll
0x00007ffda6540000 - 0x00007ffda6574000 	C:\WINDOWS\SYSTEM32\WINMM.dll
0x00007ffdb2d10000 - 0x00007ffdb2d5d000 	C:\WINDOWS\SYSTEM32\POWRPROF.dll
0x00007ffda6ff0000 - 0x00007ffda6ff9000 	C:\WINDOWS\SYSTEM32\WSOCK32.dll
0x00007ffdb3db0000 - 0x00007ffdb3e21000 	C:\WINDOWS\System32\WS2_32.dll
0x00007ffda60e0000 - 0x00007ffda60ea000 	C:\WINDOWS\SYSTEM32\VERSION.dll
0x00007ffdb2bb0000 - 0x00007ffdb2bc3000 	C:\WINDOWS\SYSTEM32\UMPDC.dll
0x00007ffdb2270000 - 0x00007ffdb2288000 	C:\WINDOWS\SYSTEM32\kernel.appcore.dll
0x00007ffda6f00000 - 0x00007ffda6f0a000 	c:\Users\G Madhusudhan Reddy\AppData\Roaming\Code\User\globalStorage\pleiades.java-extension-pack-jdk\java\17\bin\jimage.dll
0x00007ffdb0c30000 - 0x00007ffdb0e5e000 	C:\WINDOWS\SYSTEM32\DBGHELP.DLL
0x00007ffdb4d30000 - 0x00007ffdb50ba000 	C:\WINDOWS\System32\combase.dll
0x00007ffdb5670000 - 0x00007ffdb5747000 	C:\WINDOWS\System32\OLEAUT32.dll
0x00007ffd8de00000 - 0x00007ffd8de32000 	C:\WINDOWS\SYSTEM32\dbgcore.DLL
0x00007ffdb3490000 - 0x00007ffdb350a000 	C:\WINDOWS\System32\bcryptPrimitives.dll
0x00007ffda3060000 - 0x00007ffda3085000 	c:\Users\G Madhusudhan Reddy\AppData\Roaming\Code\User\globalStorage\pleiades.java-extension-pack-jdk\java\17\bin\java.dll
0x00007ffd784d0000 - 0x00007ffd785a6000 	c:\Users\G Madhusudhan Reddy\AppData\Roaming\Code\User\globalStorage\pleiades.java-extension-pack-jdk\java\17\bin\jsvml.dll
0x00007ffdb3e80000 - 0x00007ffdb46d8000 	C:\WINDOWS\System32\SHELL32.dll
0x00007ffdb1140000 - 0x00007ffdb1a32000 	C:\WINDOWS\SYSTEM32\windows.storage.dll
0x00007ffdb1000000 - 0x00007ffdb113e000 	C:\WINDOWS\SYSTEM32\wintypes.dll
0x00007ffdb4c30000 - 0x00007ffdb4d23000 	C:\WINDOWS\System32\SHCORE.dll
0x00007ffdb5860000 - 0x00007ffdb58be000 	C:\WINDOWS\System32\shlwapi.dll
0x00007ffdb3160000 - 0x00007ffdb3186000 	C:\WINDOWS\SYSTEM32\profapi.dll
0x00007ffda3040000 - 0x00007ffda3059000 	C:\Users\G Madhusudhan Reddy\AppData\Roaming\Code\User\globalStorage\pleiades.java-extension-pack-jdk\java\17\bin\net.dll
0x00007ffdab790000 - 0x00007ffdab8c7000 	C:\WINDOWS\SYSTEM32\WINHTTP.dll
0x00007ffdb26f0000 - 0x00007ffdb2759000 	C:\WINDOWS\system32\mswsock.dll
0x00007ffda2fd0000 - 0x00007ffda2fe5000 	C:\Users\G Madhusudhan Reddy\AppData\Roaming\Code\User\globalStorage\pleiades.java-extension-pack-jdk\java\17\bin\nio.dll
0x00007ffda3120000 - 0x00007ffda3138000 	C:\Users\G Madhusudhan Reddy\AppData\Roaming\Code\User\globalStorage\pleiades.java-extension-pack-jdk\java\17\bin\zip.dll

dbghelp: loaded successfully - version: 4.0.5 - missing functions: none
symbol engine: initialized successfully - sym options: 0x614 - pdb path: .;c:\Users\G Madhusudhan Reddy\AppData\Roaming\Code\User\globalStorage\pleiades.java-extension-pack-jdk\java\17\bin;C:\WINDOWS\SYSTEM32;C:\WINDOWS\WinSxS\amd64_microsoft.windows.common-controls_6595b64144ccf1df_6.0.22621.2361_none_2712ced57382f843;c:\Users\G Madhusudhan Reddy\AppData\Roaming\Code\User\globalStorage\pleiades.java-extension-pack-jdk\java\17\bin\server

VM Arguments:
jvm_args: -XX:+HeapDumpOnOutOfMemoryError -Xmx1024m -Dsts.lsp.client=vscode -Dsts.log.file=/dev/null -XX:TieredStopAtLevel=1 -Xlog:jni+resolve=off -Dspring.config.location=file:c:\Users\G Madhusudhan Reddy\.vscode\extensions\vmware.vscode-spring-boot-1.50.0\language-server\BOOT-INF\classes\application.properties 
java_command: org.springframework.ide.vscode.boot.app.BootLanguageServerBootApp
java_class_path (initial): c:\Users\G Madhusudhan Reddy\.vscode\extensions\vmware.vscode-spring-boot-1.50.0\language-server\BOOT-INF\classes;c:\Users\G Madhusudhan Reddy\.vscode\extensions\vmware.vscode-spring-boot-1.50.0\language-server\BOOT-INF\lib\annotations-24.0.1.jar;c:\Users\G Madhusudhan Reddy\.vscode\extensions\vmware.vscode-spring-boot-1.50.0\language-server\BOOT-INF\lib\antlr-runtime-3.5.3.jar;c:\Users\G Madhusudhan Reddy\.vscode\extensions\vmware.vscode-spring-boot-1.50.0\language-server\BOOT-INF\lib\antlr4-4.11.1.jar;c:\Users\G Madhusudhan Reddy\.vscode\extensions\vmware.vscode-spring-boot-1.50.0\language-server\BOOT-INF\lib\antlr4-runtime-4.11.1.jar;c:\Users\G Madhusudhan Reddy\.vscode\extensions\vmware.vscode-spring-boot-1.50.0\language-server\BOOT-INF\lib\archunit-1.1.0.jar;c:\Users\G Madhusudhan Reddy\.vscode\extensions\vmware.vscode-spring-boot-1.50.0\language-server\BOOT-INF\lib\asm-9.5.jar;c:\Users\G Madhusudhan Reddy\.vscode\extensions\vmware.vscode-spring-boot-1.50.0\language-server\BOOT-INF\lib\asm-analysis-9.5.jar;c:\Users\G Madhusudhan Reddy\.vscode\extensions\vmware.vscode-spring-boot-1.50.0\language-server\BOOT-INF\lib\asm-tree-9.5.jar;c:\Users\G Madhusudhan Reddy\.vscode\extensions\vmware.vscode-spring-boot-1.50.0\language-server\BOOT-INF\lib\asm-util-9.5.jar;c:\Users\G Madhusudhan Reddy\.vscode\extensions\vmware.vscode-spring-boot-1.50.0\language-server\BOOT-INF\lib\bosh-language-server-1.50.0-SNAPSHOT.jar;c:\Users\G Madhusudhan Reddy\.vscode\extensions\vmware.vscode-spring-boot-1.50.0\language-server\BOOT-INF\lib\caffeine-3.1.8.jar;c:\Users\G Madhusudhan Reddy\.vscode\extensions\vmware.vscode-spring-boot-1.50.0\language-server\BOOT-INF\lib\checker-qual-3.12.0.jar;c:\Users\G Madhusudhan Reddy\.vscode\extensions\vmware.vscode-spring-boot-1.50.0\language-server\BOOT-INF\lib\classgraph-4.8.149.jar;c:\Users\G Madhusudhan Reddy\.vscode\extensions\vmware.vscode-spring-boot-1.50.0\language-server\BOOT-INF\lib\commons-codec-1.15.jar;c:\Users\G
Launcher Type: SUN_STANDARD

[Global flags]
     intx CICompilerCount                          = 3                                         {product} {ergonomic}
     uint ConcGCThreads                            = 1                                         {product} {ergonomic}
     uint G1ConcRefinementThreads                  = 4                                         {product} {ergonomic}
   size_t G1HeapRegionSize                         = 1048576                                   {product} {ergonomic}
    uintx GCDrainStackTargetSize                   = 64                                        {product} {ergonomic}
     bool HeapDumpOnOutOfMemoryError               = true                                   {manageable} {command line}
   size_t InitialHeapSize                          = 65011712                                  {product} {ergonomic}
   size_t MarkStackSize                            = 4194304                                   {product} {ergonomic}
   size_t MaxHeapSize                              = 1073741824                                {product} {command line}
   size_t MaxNewSize                               = 643825664                                 {product} {ergonomic}
   size_t MinHeapDeltaBytes                        = 1048576                                   {product} {ergonomic}
   size_t MinHeapSize                              = 8388608                                   {product} {ergonomic}
    uintx NonProfiledCodeHeapSize                  = 0                                      {pd product} {ergonomic}
     bool ProfileInterpreter                       = false                                  {pd product} {command line}
    uintx ProfiledCodeHeapSize                     = 0                                      {pd product} {ergonomic}
   size_t SoftMaxHeapSize                          = 1073741824                             {manageable} {ergonomic}
     intx TieredStopAtLevel                        = 1                                         {product} {command line}
     bool UseCompressedClassPointers               = true                           {product lp64_product} {ergonomic}
     bool UseCompressedOops                        = true                           {product lp64_product} {ergonomic}
     bool UseG1GC                                  = true                                      {product} {ergonomic}
     bool UseLargePagesIndividualAllocation        = false                                  {pd product} {ergonomic}

Logging:
Log output configuration:
 #0: stdout all=warning,jni+resolve=off uptime,level,tags
 #1: stderr all=off uptime,level,tags

Environment Variables:
JAVA_HOME=C:\Users\G Madhusudhan Reddy
PATH=C:\Program Files\Common Files\Oracle\Java\javapath;C:\Users\G Madhusudhan Reddy\bin;C:\WINDOWS\system32;C:\WINDOWS;C:\WINDOWS\System32\Wbem;C:\WINDOWS\System32\WindowsPowerShell\v1.0\;C:\WINDOWS\System32\OpenSSH\;C:\Program Files (x86)\Intel\Intel(R) Management Engine Components\DAL;C:\Program Files\Intel\Intel(R) Management Engine Components\DAL;C:\Program Files\dotnet\;C:\Program Files\nodejs\;C:\Users\G Madhusudhan Reddy\AppData\Local\Microsoft\WindowsApps;E:\Microsoft VS Code\bin;C:\Users\G Madhusudhan Reddy\AppData\Roaming\npm;E:\IntelliJ IDEA Community Edition 2023.2.4\bin;;C:\Users\G Madhusudhan Reddy\AppData\Local\JetBrains\IntelliJ IDEA 2023.2.4\bin;
USERNAME=G Madhusudhan Reddy
OS=Windows_NT
PROCESSOR_IDENTIFIER=Intel64 Family 6 Model 142 Stepping 12, GenuineIntel
TMP=C:\Users\G Madhusudhan Reddy\AppData\Local\Temp
TEMP=C:\Users\G Madhusudhan Reddy\AppData\Local\Temp



---------------  S Y S T E M  ---------------

OS:
 Windows 11 , 64 bit Build 22621 (10.0.22621.2428)
OS uptime: 2 days 15:55 hours
Hyper-V role detected

CPU: total 4 (initial active 4) (2 cores per cpu, 2 threads per core) family 6 model 142 stepping 12 microcode 0xde, cx8, cmov, fxsr, ht, mmx, 3dnowpref, sse, sse2, sse3, ssse3, sse4.1, sse4.2, popcnt, lzcnt, tsc, tscinvbit, avx, avx2, aes, erms, clmul, bmi1, bmi2, adx, fma, vzeroupper, clflush, clflushopt, hv
Processor Information for all 4 processors :
  Max Mhz: 2304, Current Mhz: 2103, Mhz Limit: 2096

Memory: 4k page, system-wide physical 3872M (192M free)
TotalPageFile size 15648M (AvailPageFile size 0M)
current process WorkingSet (physical memory assigned to process): 103M, peak: 103M
current process commit charge ("private bytes"): 161M, peak: 161M

vm_info: OpenJDK 64-Bit Server VM (17.0.8.1+1) for windows-amd64 JRE (17.0.8.1+1), built on Aug 23 2023 15:29:17 by "admin" with MS VC++ 16.7 (VS2019)

END.
