#
# There is insufficient memory for the Java Runtime Environment to continue.
# Native memory allocation (malloc) failed to allocate 2097152 bytes for AllocateHeap
# Possible reasons:
#   The system is out of physical RAM or swap space
#   The process is running with CompressedOops enabled, and the Java Heap may be blocking the growth of the native heap
# Possible solutions:
#   Reduce memory load on the system
#   Increase physical memory or swap space
#   Check if swap backing store is full
#   Decrease Java heap size (-Xmx/-Xms)
#   Decrease number of Java threads
#   Decrease Java thread stack sizes (-Xss)
#   Set larger code cache with -XX:ReservedCodeCacheSize=
#   JVM is running with Unscaled Compressed Oops mode in which the Java heap is
#     placed in the first 4GB address space. The Java Heap base address is the
#     maximum limit for the native heap growth. Please use -XX:HeapBaseMinAddress
#     to set the Java Heap base and to place the Java Heap above 4GB virtual address.
# This output file may be truncated or incomplete.
#
#  Out of Memory Error (allocation.cpp:44), pid=15888, tid=11416
#
# JRE version: OpenJDK Runtime Environment Temurin-17.0.8.1+1 (17.0.8.1+1) (build 17.0.8.1+1)
# Java VM: OpenJDK 64-Bit Server VM Temurin-17.0.8.1+1 (17.0.8.1+1, mixed mode, emulated-client, sharing, tiered, compressed oops, compressed class ptrs, g1 gc, windows-amd64)
# No core dump will be written. Minidumps are not enabled by default on client versions of Windows
#

---------------  S U M M A R Y ------------

Command Line: -XX:+HeapDumpOnOutOfMemoryError -Xmx1024m -Dsts.lsp.client=vscode -Dsts.log.file=/dev/null -XX:TieredStopAtLevel=1 -Xlog:jni+resolve=off -Dspring.config.location=file:c:\Users\G Madhusudhan Reddy\.vscode\extensions\vmware.vscode-spring-boot-1.50.0\language-server\BOOT-INF\classes\application.properties org.springframework.ide.vscode.boot.app.BootLanguageServerBootApp

Host: Intel(R) Core(TM) i3-8145U CPU @ 2.10GHz, 4 cores, 3G,  Windows 11 , 64 bit Build 22621 (10.0.22621.2428)
Time: Sun Nov 12 10:27:16 2023 India Standard Time elapsed time: 270.699174 seconds (0d 0h 4m 30s)

---------------  T H R E A D  ---------------

Current thread (0x00000212ab7d9a80):  VMThread "VM Thread" [stack: 0x000000af23300000,0x000000af23400000] [id=11416]

Stack: [0x000000af23300000,0x000000af23400000]
Native frames: (J=compiled Java code, j=interpreted, Vv=VM code, C=native code)
V  [jvm.dll+0x678b0a]
V  [jvm.dll+0x835e84]
V  [jvm.dll+0x83762e]
V  [jvm.dll+0x837c93]
V  [jvm.dll+0x24746f]
V  [jvm.dll+0xa697b]
V  [jvm.dll+0x2f7f41]
V  [jvm.dll+0x2f3b80]
V  [jvm.dll+0x2dc1c7]
V  [jvm.dll+0x31f227]
V  [jvm.dll+0x83c15b]
V  [jvm.dll+0x83ce94]
V  [jvm.dll+0x83d3ac]
V  [jvm.dll+0x83d784]
V  [jvm.dll+0x83d850]
V  [jvm.dll+0x7e64ca]
V  [jvm.dll+0x677955]
C  [ucrtbase.dll+0x29363]
C  [KERNEL32.DLL+0x1257d]
C  [ntdll.dll+0x5aa78]

VM_Operation (0x000000af243fedc0): G1CollectFull, mode: safepoint, requested by thread 0x00000212f164c740


---------------  P R O C E S S  ---------------

Threads class SMR info:
_java_thread_list=0x00000212f1460740, length=22, elements={
0x00000212ab7ddd30, 0x00000212ab7df150, 0x00000212ab7f3040, 0x00000212ab7f4be0,
0x00000212ab7f8d60, 0x00000212ab7f9720, 0x00000212ab7fa190, 0x00000212ab7fb330,
0x00000212abad0e00, 0x00000212abadbef0, 0x00000212f164c260, 0x00000212f164c740,
0x00000212f2006580, 0x000002129c471190, 0x00000212f1efebb0, 0x00000212f1c66980,
0x00000212f207c8a0, 0x00000212f207cd80, 0x00000212f1b00270, 0x00000212f1b00c90,
0x00000212f1b00780, 0x00000212f1b016b0
}

Java Threads: ( => current thread )
  0x00000212ab7ddd30 JavaThread "Reference Handler" daemon [_thread_blocked, id=25160, stack(0x000000af23400000,0x000000af23500000)]
  0x00000212ab7df150 JavaThread "Finalizer" daemon [_thread_blocked, id=5688, stack(0x000000af23500000,0x000000af23600000)]
  0x00000212ab7f3040 JavaThread "Signal Dispatcher" daemon [_thread_blocked, id=11668, stack(0x000000af23600000,0x000000af23700000)]
  0x00000212ab7f4be0 JavaThread "Attach Listener" daemon [_thread_blocked, id=22556, stack(0x000000af23700000,0x000000af23800000)]
  0x00000212ab7f8d60 JavaThread "Service Thread" daemon [_thread_blocked, id=1516, stack(0x000000af23800000,0x000000af23900000)]
  0x00000212ab7f9720 JavaThread "Monitor Deflation Thread" daemon [_thread_blocked, id=25268, stack(0x000000af23900000,0x000000af23a00000)]
  0x00000212ab7fa190 JavaThread "C1 CompilerThread0" daemon [_thread_blocked, id=17188, stack(0x000000af23a00000,0x000000af23b00000)]
  0x00000212ab7fb330 JavaThread "Sweeper thread" daemon [_thread_blocked, id=16232, stack(0x000000af23b00000,0x000000af23c00000)]
  0x00000212abad0e00 JavaThread "Notification Thread" daemon [_thread_blocked, id=21348, stack(0x000000af23c00000,0x000000af23d00000)]
  0x00000212abadbef0 JavaThread "Common-Cleaner" daemon [_thread_blocked, id=18008, stack(0x000000af23e00000,0x000000af23f00000)]
  0x00000212f164c260 JavaThread "boundedElastic-evictor-1" daemon [_thread_blocked, id=24196, stack(0x000000af24200000,0x000000af24300000)]
  0x00000212f164c740 JavaThread "pool-11-thread-1" [_thread_blocked, id=23040, stack(0x000000af24300000,0x000000af24400000)]
  0x00000212f2006580 JavaThread "LanguageServerApp-lifecycle" [_thread_blocked, id=26196, stack(0x000000af24400000,0x000000af24500000)]
  0x000002129c471190 JavaThread "DestroyJavaVM" [_thread_blocked, id=15196, stack(0x000000af22d00000,0x000000af22e00000)]
  0x00000212f1efebb0 JavaThread "pool-12-thread-1" [_thread_in_native, id=13136, stack(0x000000af24500000,0x000000af24600000)]
  0x00000212f1c66980 JavaThread "Simple-Language-Server main thread" daemon [_thread_blocked, id=1112, stack(0x000000af24600000,0x000000af24700000)]
  0x00000212f207c8a0 JavaThread "parallel-1" daemon [_thread_blocked, id=20620, stack(0x000000af24700000,0x000000af24800000)]
  0x00000212f207cd80 JavaThread "pool-7-thread-1" [_thread_blocked, id=24376, stack(0x000000af24800000,0x000000af24900000)]
  0x00000212f1b00270 JavaThread "parallel-2" daemon [_thread_blocked, id=20028, stack(0x000000af24900000,0x000000af24a00000)]
  0x00000212f1b00c90 JavaThread "parallel-3" daemon [_thread_blocked, id=15728, stack(0x000000af24a00000,0x000000af24b00000)]
  0x00000212f1b00780 JavaThread "parallel-4" daemon [_thread_blocked, id=6552, stack(0x000000af24b00000,0x000000af24c00000)]
  0x00000212f1b016b0 JavaThread "Reconciler-1" daemon [_thread_blocked, id=12888, stack(0x000000af24c00000,0x000000af24d00000)]

Other Threads:
=>0x00000212ab7d9a80 VMThread "VM Thread" [stack: 0x000000af23300000,0x000000af23400000] [id=11416]
  0x00000212abad3a90 WatcherThread [stack: 0x000000af23d00000,0x000000af23e00000] [id=5060]
  0x000002129c4b0e20 GCTaskThread "GC Thread#0" [stack: 0x000000af22e00000,0x000000af22f00000] [id=25476]
  0x00000212aba7fbb0 GCTaskThread "GC Thread#1" [stack: 0x000000af23f00000,0x000000af24000000] [id=20860]
  0x00000212ab89e340 GCTaskThread "GC Thread#2" [stack: 0x000000af24000000,0x000000af24100000] [id=26504]
  0x00000212f103fad0 GCTaskThread "GC Thread#3" [stack: 0x000000af24100000,0x000000af24200000] [id=14708]
  0x000002129c4ba510 ConcurrentGCThread "G1 Main Marker" [stack: 0x000000af22f00000,0x000000af23000000] [id=16256]
  0x000002129c4baf20 ConcurrentGCThread "G1 Conc#0" [stack: 0x000000af23000000,0x000000af23100000] [id=6976]
  0x000002129c4f6ad0 ConcurrentGCThread "G1 Refine#0" [stack: 0x000000af23100000,0x000000af23200000] [id=25560]
  0x000002129c4f8510 ConcurrentGCThread "G1 Service" [stack: 0x000000af23200000,0x000000af23300000] [id=21780]

Threads with active compile tasks:

VM state: at safepoint (normal execution)

VM Mutex/Monitor currently owned by a thread:  ([mutex/lock_event])
[0x000002129a35bc70] Threads_lock - owner thread: 0x00000212ab7d9a80
[0x000002129a41b170] Heap_lock - owner thread: 0x00000212f164c740

Heap address: 0x00000000c0000000, size: 1024 MB, Compressed Oops mode: 32-bit

CDS archive(s) mapped at: [0x00000212ac000000-0x00000212acbd0000-0x00000212acbd0000), size 12386304, SharedBaseAddress: 0x00000212ac000000, ArchiveRelocationMode: 1.
Compressed class space mapped at: 0x00000212ad000000-0x00000212ed000000, reserved size: 1073741824
Narrow klass base: 0x00000212ac000000, Narrow klass shift: 0, Narrow klass range: 0x100000000

GC Precious Log:
 CPUs: 4 total, 4 available
 Memory: 3872M
 Large Page Support: Disabled
 NUMA Support: Disabled
 Compressed Oops: Enabled (32-bit)
 Heap Region Size: 1M
 Heap Min Capacity: 8M
 Heap Initial Capacity: 62M
 Heap Max Capacity: 1G
 Pre-touch: Disabled
 Parallel Workers: 4
 Concurrent Workers: 1
 Concurrent Refinement Workers: 4
 Periodic GC: Disabled

Heap:
 garbage-first heap   total 61440K, used 17688K [0x00000000c0000000, 0x0000000100000000)
  region size 1024K, 1 young (1024K), 0 survivors (0K)
 Metaspace       used 31374K, committed 31872K, reserved 1114112K
  class space    used 4333K, committed 4544K, reserved 1048576K

Heap Regions: E=young(eden), S=young(survivor), O=old, HS=humongous(starts), HC=humongous(continues), CS=collection set, F=free, OA=open archive, CA=closed archive, TAMS=top-at-mark-start (previous, next)
|   0|0x00000000c0000000, 0x00000000c0100000, 0x00000000c0100000|100%| O|  |TAMS 0x00000000c0100000, 0x00000000c0000000| Untracked 
|   1|0x00000000c0100000, 0x00000000c0200000, 0x00000000c0200000|100%| O|  |TAMS 0x00000000c0200000, 0x00000000c0100000| Untracked 
|   2|0x00000000c0200000, 0x00000000c02ff590, 0x00000000c0300000| 99%| O|  |TAMS 0x00000000c02ff590, 0x00000000c0200000| Untracked 
|   3|0x00000000c0300000, 0x00000000c0400000, 0x00000000c0400000|100%| O|  |TAMS 0x00000000c0400000, 0x00000000c0300000| Untracked 
|   4|0x00000000c0400000, 0x00000000c0500000, 0x00000000c0500000|100%| O|  |TAMS 0x00000000c0500000, 0x00000000c0400000| Untracked 
|   5|0x00000000c0500000, 0x00000000c0600000, 0x00000000c0600000|100%| O|  |TAMS 0x00000000c0600000, 0x00000000c0500000| Untracked 
|   6|0x00000000c0600000, 0x00000000c06fff10, 0x00000000c0700000| 99%| O|  |TAMS 0x00000000c06fff10, 0x00000000c0600000| Untracked 
|   7|0x00000000c0700000, 0x00000000c07fffb0, 0x00000000c0800000| 99%| O|  |TAMS 0x00000000c07fffb0, 0x00000000c0700000| Untracked 
|   8|0x00000000c0800000, 0x00000000c08ffff0, 0x00000000c0900000| 99%| O|  |TAMS 0x00000000c08ffff0, 0x00000000c0800000| Untracked 
|   9|0x00000000c0900000, 0x00000000c09fffe8, 0x00000000c0a00000| 99%| O|  |TAMS 0x00000000c09fffe8, 0x00000000c0900000| Untracked 
|  10|0x00000000c0a00000, 0x00000000c0affff0, 0x00000000c0b00000| 99%| O|  |TAMS 0x00000000c0affff0, 0x00000000c0a00000| Untracked 
|  11|0x00000000c0b00000, 0x00000000c0bfffe8, 0x00000000c0c00000| 99%| O|  |TAMS 0x00000000c0bfffe8, 0x00000000c0b00000| Untracked 
|  12|0x00000000c0c00000, 0x00000000c0cffff8, 0x00000000c0d00000| 99%| O|  |TAMS 0x00000000c0cffff8, 0x00000000c0c00000| Untracked 
|  13|0x00000000c0d00000, 0x00000000c0e00000, 0x00000000c0e00000|100%| O|  |TAMS 0x00000000c0e00000, 0x00000000c0d00000| Untracked 
|  14|0x00000000c0e00000, 0x00000000c0efffe8, 0x00000000c0f00000| 99%| O|  |TAMS 0x00000000c0efffe8, 0x00000000c0e00000| Untracked 
|  15|0x00000000c0f00000, 0x00000000c0ffffe8, 0x00000000c1000000| 99%| O|  |TAMS 0x00000000c0ffffe8, 0x00000000c0f00000| Untracked 
|  16|0x00000000c1000000, 0x00000000c10fffe8, 0x00000000c1100000| 99%| O|  |TAMS 0x00000000c1000000, 0x00000000c1000000| Untracked 
|  17|0x00000000c1100000, 0x00000000c1144b88, 0x00000000c1200000| 26%| O|  |TAMS 0x00000000c1100000, 0x00000000c1100000| Untracked 
|  18|0x00000000c1200000, 0x00000000c1202250, 0x00000000c1300000|  0%| O|  |TAMS 0x00000000c1200000, 0x00000000c1200000| Untracked 
|  19|0x00000000c1300000, 0x00000000c1300000, 0x00000000c1400000|  0%| F|  |TAMS 0x00000000c1300000, 0x00000000c1300000| Untracked 
|  20|0x00000000c1400000, 0x00000000c1400000, 0x00000000c1500000|  0%| F|  |TAMS 0x00000000c1400000, 0x00000000c1400000| Untracked 
|  21|0x00000000c1500000, 0x00000000c1500000, 0x00000000c1600000|  0%| F|  |TAMS 0x00000000c1500000, 0x00000000c1500000| Untracked 
|  22|0x00000000c1600000, 0x00000000c1600000, 0x00000000c1700000|  0%| F|  |TAMS 0x00000000c1600000, 0x00000000c1600000| Untracked 
|  23|0x00000000c1700000, 0x00000000c1700000, 0x00000000c1800000|  0%| F|  |TAMS 0x00000000c1700000, 0x00000000c1700000| Untracked 
|  24|0x00000000c1800000, 0x00000000c1800000, 0x00000000c1900000|  0%| F|  |TAMS 0x00000000c1800000, 0x00000000c1800000| Untracked 
|  25|0x00000000c1900000, 0x00000000c1900000, 0x00000000c1a00000|  0%| F|  |TAMS 0x00000000c1900000, 0x00000000c1900000| Untracked 
|  26|0x00000000c1a00000, 0x00000000c1a00000, 0x00000000c1b00000|  0%| F|  |TAMS 0x00000000c1a00000, 0x00000000c1a00000| Untracked 
|  27|0x00000000c1b00000, 0x00000000c1b00000, 0x00000000c1c00000|  0%| F|  |TAMS 0x00000000c1b00000, 0x00000000c1b00000| Untracked 
|  28|0x00000000c1c00000, 0x00000000c1c00000, 0x00000000c1d00000|  0%| F|  |TAMS 0x00000000c1c00000, 0x00000000c1c00000| Untracked 
|  29|0x00000000c1d00000, 0x00000000c1d00000, 0x00000000c1e00000|  0%| F|  |TAMS 0x00000000c1d00000, 0x00000000c1d00000| Untracked 
|  30|0x00000000c1e00000, 0x00000000c1e00000, 0x00000000c1f00000|  0%| F|  |TAMS 0x00000000c1e00000, 0x00000000c1e00000| Untracked 
|  31|0x00000000c1f00000, 0x00000000c1f00000, 0x00000000c2000000|  0%| F|  |TAMS 0x00000000c1f00000, 0x00000000c1f00000| Untracked 
|  32|0x00000000c2000000, 0x00000000c2000000, 0x00000000c2100000|  0%| F|  |TAMS 0x00000000c2000000, 0x00000000c2000000| Untracked 
|  33|0x00000000c2100000, 0x00000000c2100000, 0x00000000c2200000|  0%| F|  |TAMS 0x00000000c2100000, 0x00000000c2100000| Untracked 
|  34|0x00000000c2200000, 0x00000000c2200000, 0x00000000c2300000|  0%| F|  |TAMS 0x00000000c2200000, 0x00000000c2200000| Untracked 
|  35|0x00000000c2300000, 0x00000000c2300000, 0x00000000c2400000|  0%| F|  |TAMS 0x00000000c2300000, 0x00000000c2300000| Untracked 
|  36|0x00000000c2400000, 0x00000000c2400000, 0x00000000c2500000|  0%| F|  |TAMS 0x00000000c2400000, 0x00000000c2400000| Untracked 
|  37|0x00000000c2500000, 0x00000000c2500000, 0x00000000c2600000|  0%| F|  |TAMS 0x00000000c2500000, 0x00000000c2500000| Untracked 
|  38|0x00000000c2600000, 0x00000000c2600000, 0x00000000c2700000|  0%| F|  |TAMS 0x00000000c2600000, 0x00000000c2600000| Untracked 
|  39|0x00000000c2700000, 0x00000000c2700000, 0x00000000c2800000|  0%| F|  |TAMS 0x00000000c2700000, 0x00000000c2700000| Untracked 
|  40|0x00000000c2800000, 0x00000000c2800000, 0x00000000c2900000|  0%| F|  |TAMS 0x00000000c2800000, 0x00000000c2800000| Untracked 
|  41|0x00000000c2900000, 0x00000000c2900000, 0x00000000c2a00000|  0%| F|  |TAMS 0x00000000c2900000, 0x00000000c2900000| Untracked 
|  42|0x00000000c2a00000, 0x00000000c2a00000, 0x00000000c2b00000|  0%| F|  |TAMS 0x00000000c2a00000, 0x00000000c2a00000| Untracked 
|  43|0x00000000c2b00000, 0x00000000c2b00000, 0x00000000c2c00000|  0%| F|  |TAMS 0x00000000c2b00000, 0x00000000c2b00000| Untracked 
|  44|0x00000000c2c00000, 0x00000000c2c00000, 0x00000000c2d00000|  0%| F|  |TAMS 0x00000000c2c00000, 0x00000000c2c00000| Untracked 
|  45|0x00000000c2d00000, 0x00000000c2d00000, 0x00000000c2e00000|  0%| F|  |TAMS 0x00000000c2d00000, 0x00000000c2d00000| Untracked 
|  46|0x00000000c2e00000, 0x00000000c2e00000, 0x00000000c2f00000|  0%| F|  |TAMS 0x00000000c2e00000, 0x00000000c2e00000| Untracked 
|  47|0x00000000c2f00000, 0x00000000c2f00000, 0x00000000c3000000|  0%| F|  |TAMS 0x00000000c2f00000, 0x00000000c2f00000| Untracked 
|  48|0x00000000c3000000, 0x00000000c3000000, 0x00000000c3100000|  0%| F|  |TAMS 0x00000000c3000000, 0x00000000c3000000| Untracked 
|  49|0x00000000c3100000, 0x00000000c3100000, 0x00000000c3200000|  0%| F|  |TAMS 0x00000000c3100000, 0x00000000c3100000| Untracked 
|  50|0x00000000c3200000, 0x00000000c3200000, 0x00000000c3300000|  0%| F|  |TAMS 0x00000000c3200000, 0x00000000c3200000| Untracked 
|  51|0x00000000c3300000, 0x00000000c3300000, 0x00000000c3400000|  0%| F|  |TAMS 0x00000000c3300000, 0x00000000c3300000| Untracked 
|  52|0x00000000c3400000, 0x00000000c3400000, 0x00000000c3500000|  0%| F|  |TAMS 0x00000000c3400000, 0x00000000c3400000| Untracked 
|  53|0x00000000c3500000, 0x00000000c3500000, 0x00000000c3600000|  0%| F|  |TAMS 0x00000000c3500000, 0x00000000c3500000| Untracked 
|  54|0x00000000c3600000, 0x00000000c3600000, 0x00000000c3700000|  0%| F|  |TAMS 0x00000000c3600000, 0x00000000c3600000| Untracked 
|  55|0x00000000c3700000, 0x00000000c3700000, 0x00000000c3800000|  0%| F|  |TAMS 0x00000000c3700000, 0x00000000c3700000| Untracked 
|  56|0x00000000c3800000, 0x00000000c3800000, 0x00000000c3900000|  0%| F|  |TAMS 0x00000000c3800000, 0x00000000c3800000| Untracked 
|  57|0x00000000c3900000, 0x00000000c3900000, 0x00000000c3a00000|  0%| F|  |TAMS 0x00000000c3900000, 0x00000000c3900000| Untracked 
|  58|0x00000000c3a00000, 0x00000000c3a00000, 0x00000000c3b00000|  0%| F|  |TAMS 0x00000000c3a00000, 0x00000000c3a00000| Untracked 
|  59|0x00000000c3b00000, 0x00000000c3b42718, 0x00000000c3c00000| 25%| E|  |TAMS 0x00000000c3b00000, 0x00000000c3b00000| Complete 

Card table byte_map: [0x00000212a6f50000,0x00000212a7150000] _byte_map_base: 0x00000212a6950000

Marking Bits (Prev, Next): (CMBitMap*) 0x000002129c4b1480, (CMBitMap*) 0x000002129c4b1440
 Prev Bits: [0x00000212a8350000, 0x00000212a9350000)
 Next Bits: [0x00000212a7350000, 0x00000212a8350000)

Polling page: 0x000002129a5c0000

Metaspace:

Usage:
  Non-class:     26.41 MB used.
      Class:      4.23 MB used.
       Both:     30.64 MB used.

Virtual space:
  Non-class space:       64.00 MB reserved,      26.69 MB ( 42%) committed,  1 nodes.
      Class space:        1.00 GB reserved,       4.44 MB ( <1%) committed,  1 nodes.
             Both:        1.06 GB reserved,      31.12 MB (  3%) committed. 

Chunk freelists:
   Non-Class:  4.54 MB
       Class:  11.48 MB
        Both:  16.01 MB

MaxMetaspaceSize: unlimited
CompressedClassSpaceSize: 1.00 GB
Initial GC threshold: 21.00 MB
Current GC threshold: 51.88 MB
CDS: on
MetaspaceReclaimPolicy: balanced
 - commit_granule_bytes: 65536.
 - commit_granule_words: 8192.
 - virtual_space_node_default_size: 8388608.
 - enlarge_chunks_in_place: 1.
 - new_chunks_are_fully_committed: 0.
 - uncommit_free_chunks: 1.
 - use_allocation_guard: 0.
 - handle_deallocations: 1.


Internal statistics:

num_allocs_failed_limit: 3.
num_arena_births: 498.
num_arena_deaths: 150.
num_vsnodes_births: 2.
num_vsnodes_deaths: 0.
num_space_committed: 498.
num_space_uncommitted: 0.
num_chunks_returned_to_freelist: 169.
num_chunks_taken_from_freelist: 1669.
num_chunk_merges: 52.
num_chunk_splits: 1164.
num_chunks_enlarged: 866.
num_inconsistent_stats: 0.

CodeCache: size=49152Kb used=6742Kb max_used=6742Kb free=42409Kb
 bounds [0x00000212a3f50000, 0x00000212a45f0000, 0x00000212a6f50000]
 total_blobs=4139 nmethods=3596 adapters=470
 compilation: enabled
              stopped_count=0, restarted_count=0
 full_count=0

Compilation events (20 events):
Event: 30.491 Thread 0x00000212ab7fa190 3587       1       org.antlr.v4.runtime.ParserRuleContext::getChild (42 bytes)
Event: 30.491 Thread 0x00000212ab7fa190 nmethod 3587 0x00000212a45e2490 code [0x00000212a45e2640, 0x00000212a45e27f8]
Event: 30.491 Thread 0x00000212ab7fa190 3585       1       org.antlr.v4.runtime.DefaultErrorStrategy::endErrorCondition (16 bytes)
Event: 30.491 Thread 0x00000212ab7fa190 nmethod 3585 0x00000212a45e2910 code [0x00000212a45e2aa0, 0x00000212a45e2b98]
Event: 30.491 Thread 0x00000212ab7fa190 3586       1       org.antlr.v4.runtime.ANTLRInputStream::size (5 bytes)
Event: 30.491 Thread 0x00000212ab7fa190 nmethod 3586 0x00000212a45e2c10 code [0x00000212a45e2da0, 0x00000212a45e2e78]
Event: 30.505 Thread 0x00000212ab7fa190 3588       1       java.lang.Class::getDeclaredConstructor (31 bytes)
Event: 30.506 Thread 0x00000212ab7fa190 nmethod 3588 0x00000212a45e2f10 code [0x00000212a45e3100, 0x00000212a45e3438]
Event: 30.510 Thread 0x00000212ab7fa190 3589       1       java.net.URI$Parser::scan (41 bytes)
Event: 30.511 Thread 0x00000212ab7fa190 nmethod 3589 0x00000212a45e3690 code [0x00000212a45e3860, 0x00000212a45e3b58]
Event: 30.511 Thread 0x00000212ab7fa190 3590       1       reactor.core.publisher.InternalMonoOperator::nextOptimizableSource (5 bytes)
Event: 30.511 Thread 0x00000212ab7fa190 nmethod 3590 0x00000212a45e3e10 code [0x00000212a45e3fa0, 0x00000212a45e4078]
Event: 69.273 Thread 0x00000212ab7fa190 3592       1       java.lang.invoke.InvokerBytecodeGenerator::emitIconstInsn (75 bytes)
Event: 69.308 Thread 0x00000212ab7fa190 nmethod 3592 0x00000212a45e4410 code [0x00000212a45e4600, 0x00000212a45e48b8]
Event: 187.338 Thread 0x00000212ab7fa190 3594       1       java.util.concurrent.ThreadPoolExecutor::runStateAtLeast (11 bytes)
Event: 187.368 Thread 0x00000212ab7fa190 nmethod 3594 0x00000212a45e4d10 code [0x00000212a45e4ea0, 0x00000212a45e4f58]
Event: 208.360 Thread 0x00000212ab7fa190 3595       1       java.util.ArrayList::<init> (63 bytes)
Event: 208.417 Thread 0x00000212ab7fa190 nmethod 3595 0x00000212a45e5010 code [0x00000212a45e51e0, 0x00000212a45e54d8]
Event: 239.217 Thread 0x00000212ab7fa190 3596       1       java.lang.System::checkKey (34 bytes)
Event: 239.250 Thread 0x00000212ab7fa190 nmethod 3596 0x00000212a45e5590 code [0x00000212a45e5740, 0x00000212a45e5958]

GC Heap History (20 events):
Event: 156.060 GC heap before
{Heap before GC invocations=19 (full 8):
 garbage-first heap   total 61440K, used 17688K [0x00000000c0000000, 0x0000000100000000)
  region size 1024K, 1 young (1024K), 0 survivors (0K)
 Metaspace       used 31368K, committed 31872K, reserved 1114112K
  class space    used 4330K, committed 4544K, reserved 1048576K
}
Event: 156.252 GC heap after
{Heap after GC invocations=20 (full 9):
 garbage-first heap   total 61440K, used 17688K [0x00000000c0000000, 0x0000000100000000)
  region size 1024K, 0 young (0K), 0 survivors (0K)
 Metaspace       used 31368K, committed 31872K, reserved 1114112K
  class space    used 4330K, committed 4544K, reserved 1048576K
}
Event: 166.629 GC heap before
{Heap before GC invocations=20 (full 9):
 garbage-first heap   total 61440K, used 17688K [0x00000000c0000000, 0x0000000100000000)
  region size 1024K, 1 young (1024K), 0 survivors (0K)
 Metaspace       used 31368K, committed 31872K, reserved 1114112K
  class space    used 4330K, committed 4544K, reserved 1048576K
}
Event: 166.791 GC heap after
{Heap after GC invocations=21 (full 10):
 garbage-first heap   total 61440K, used 17688K [0x00000000c0000000, 0x0000000100000000)
  region size 1024K, 0 young (0K), 0 survivors (0K)
 Metaspace       used 31368K, committed 31872K, reserved 1114112K
  class space    used 4330K, committed 4544K, reserved 1048576K
}
Event: 177.062 GC heap before
{Heap before GC invocations=21 (full 10):
 garbage-first heap   total 61440K, used 17688K [0x00000000c0000000, 0x0000000100000000)
  region size 1024K, 1 young (1024K), 0 survivors (0K)
 Metaspace       used 31368K, committed 31872K, reserved 1114112K
  class space    used 4330K, committed 4544K, reserved 1048576K
}
Event: 177.086 GC heap after
{Heap after GC invocations=22 (full 11):
 garbage-first heap   total 61440K, used 17688K [0x00000000c0000000, 0x0000000100000000)
  region size 1024K, 0 young (0K), 0 survivors (0K)
 Metaspace       used 31368K, committed 31872K, reserved 1114112K
  class space    used 4330K, committed 4544K, reserved 1048576K
}
Event: 187.314 GC heap before
{Heap before GC invocations=22 (full 11):
 garbage-first heap   total 61440K, used 17688K [0x00000000c0000000, 0x0000000100000000)
  region size 1024K, 1 young (1024K), 0 survivors (0K)
 Metaspace       used 31368K, committed 31872K, reserved 1114112K
  class space    used 4330K, committed 4544K, reserved 1048576K
}
Event: 187.333 GC heap after
{Heap after GC invocations=23 (full 12):
 garbage-first heap   total 61440K, used 17688K [0x00000000c0000000, 0x0000000100000000)
  region size 1024K, 0 young (0K), 0 survivors (0K)
 Metaspace       used 31368K, committed 31872K, reserved 1114112K
  class space    used 4330K, committed 4544K, reserved 1048576K
}
Event: 197.546 GC heap before
{Heap before GC invocations=23 (full 12):
 garbage-first heap   total 61440K, used 17688K [0x00000000c0000000, 0x0000000100000000)
  region size 1024K, 1 young (1024K), 0 survivors (0K)
 Metaspace       used 31368K, committed 31872K, reserved 1114112K
  class space    used 4330K, committed 4544K, reserved 1048576K
}
Event: 197.570 GC heap after
{Heap after GC invocations=24 (full 13):
 garbage-first heap   total 61440K, used 17688K [0x00000000c0000000, 0x0000000100000000)
  region size 1024K, 0 young (0K), 0 survivors (0K)
 Metaspace       used 31368K, committed 31872K, reserved 1114112K
  class space    used 4330K, committed 4544K, reserved 1048576K
}
Event: 207.890 GC heap before
{Heap before GC invocations=24 (full 13):
 garbage-first heap   total 61440K, used 17688K [0x00000000c0000000, 0x0000000100000000)
  region size 1024K, 1 young (1024K), 0 survivors (0K)
 Metaspace       used 31368K, committed 31872K, reserved 1114112K
  class space    used 4330K, committed 4544K, reserved 1048576K
}
Event: 207.988 GC heap after
{Heap after GC invocations=25 (full 14):
 garbage-first heap   total 61440K, used 17688K [0x00000000c0000000, 0x0000000100000000)
  region size 1024K, 0 young (0K), 0 survivors (0K)
 Metaspace       used 31368K, committed 31872K, reserved 1114112K
  class space    used 4330K, committed 4544K, reserved 1048576K
}
Event: 218.599 GC heap before
{Heap before GC invocations=25 (full 14):
 garbage-first heap   total 61440K, used 17688K [0x00000000c0000000, 0x0000000100000000)
  region size 1024K, 1 young (1024K), 0 survivors (0K)
 Metaspace       used 31368K, committed 31872K, reserved 1114112K
  class space    used 4330K, committed 4544K, reserved 1048576K
}
Event: 218.889 GC heap after
{Heap after GC invocations=26 (full 15):
 garbage-first heap   total 61440K, used 17688K [0x00000000c0000000, 0x0000000100000000)
  region size 1024K, 0 young (0K), 0 survivors (0K)
 Metaspace       used 31368K, committed 31872K, reserved 1114112K
  class space    used 4330K, committed 4544K, reserved 1048576K
}
Event: 229.162 GC heap before
{Heap before GC invocations=26 (full 15):
 garbage-first heap   total 61440K, used 17688K [0x00000000c0000000, 0x0000000100000000)
  region size 1024K, 1 young (1024K), 0 survivors (0K)
 Metaspace       used 31368K, committed 31872K, reserved 1114112K
  class space    used 4330K, committed 4544K, reserved 1048576K
}
Event: 229.200 GC heap after
{Heap after GC invocations=27 (full 16):
 garbage-first heap   total 61440K, used 17688K [0x00000000c0000000, 0x0000000100000000)
  region size 1024K, 0 young (0K), 0 survivors (0K)
 Metaspace       used 31368K, committed 31872K, reserved 1114112K
  class space    used 4330K, committed 4544K, reserved 1048576K
}
Event: 239.517 GC heap before
{Heap before GC invocations=27 (full 16):
 garbage-first heap   total 61440K, used 17688K [0x00000000c0000000, 0x0000000100000000)
  region size 1024K, 1 young (1024K), 0 survivors (0K)
 Metaspace       used 31368K, committed 31872K, reserved 1114112K
  class space    used 4330K, committed 4544K, reserved 1048576K
}
Event: 239.546 GC heap after
{Heap after GC invocations=28 (full 17):
 garbage-first heap   total 61440K, used 17688K [0x00000000c0000000, 0x0000000100000000)
  region size 1024K, 0 young (0K), 0 survivors (0K)
 Metaspace       used 31368K, committed 31872K, reserved 1114112K
  class space    used 4330K, committed 4544K, reserved 1048576K
}
Event: 249.976 GC heap before
{Heap before GC invocations=28 (full 17):
 garbage-first heap   total 61440K, used 17688K [0x00000000c0000000, 0x0000000100000000)
  region size 1024K, 1 young (1024K), 0 survivors (0K)
 Metaspace       used 31368K, committed 31872K, reserved 1114112K
  class space    used 4330K, committed 4544K, reserved 1048576K
}
Event: 250.109 GC heap after
{Heap after GC invocations=29 (full 18):
 garbage-first heap   total 61440K, used 17688K [0x00000000c0000000, 0x0000000100000000)
  region size 1024K, 0 young (0K), 0 survivors (0K)
 Metaspace       used 31368K, committed 31872K, reserved 1114112K
  class space    used 4330K, committed 4544K, reserved 1048576K
}

Dll operation events (9 events):
Event: 0.341 Loaded shared library c:\Users\G Madhusudhan Reddy\AppData\Roaming\Code\User\globalStorage\pleiades.java-extension-pack-jdk\java\17\bin\java.dll
Event: 0.488 Loaded shared library c:\Users\G Madhusudhan Reddy\AppData\Roaming\Code\User\globalStorage\pleiades.java-extension-pack-jdk\java\17\bin\jsvml.dll
Event: 1.421 Loaded shared library C:\Users\G Madhusudhan Reddy\AppData\Roaming\Code\User\globalStorage\pleiades.java-extension-pack-jdk\java\17\bin\net.dll
Event: 1.432 Loaded shared library C:\Users\G Madhusudhan Reddy\AppData\Roaming\Code\User\globalStorage\pleiades.java-extension-pack-jdk\java\17\bin\nio.dll
Event: 2.485 Loaded shared library C:\Users\G Madhusudhan Reddy\AppData\Roaming\Code\User\globalStorage\pleiades.java-extension-pack-jdk\java\17\bin\zip.dll
Event: 12.846 Loaded shared library C:\Users\G Madhusudhan Reddy\AppData\Roaming\Code\User\globalStorage\pleiades.java-extension-pack-jdk\java\17\bin\jimage.dll
Event: 26.521 Loaded shared library c:\Users\G Madhusudhan Reddy\AppData\Roaming\Code\User\globalStorage\pleiades.java-extension-pack-jdk\java\17\bin\verify.dll
Event: 28.595 Loaded shared library C:\Users\G Madhusudhan Reddy\AppData\Roaming\Code\User\globalStorage\pleiades.java-extension-pack-jdk\java\17\bin\management.dll
Event: 28.609 Loaded shared library C:\Users\G Madhusudhan Reddy\AppData\Roaming\Code\User\globalStorage\pleiades.java-extension-pack-jdk\java\17\bin\management_ext.dll

Deoptimization events (8 events):
Event: 14.531 Thread 0x000002129c471190 DEOPT PACKING pc=0x00000212a40c9fdd sp=0x000000af22dfbaa0
Event: 14.531 Thread 0x000002129c471190 DEOPT UNPACKING pc=0x00000212a3fa7143 sp=0x000000af22dfb008 mode 3
Event: 18.860 Thread 0x000002129c471190 DEOPT PACKING pc=0x00000212a43b6499 sp=0x000000af22dfd360
Event: 18.860 Thread 0x000002129c471190 DEOPT UNPACKING pc=0x00000212a3fa7143 sp=0x000000af22dfc840 mode 3
Event: 21.102 Thread 0x000002129c471190 DEOPT PACKING pc=0x00000212a443c5d5 sp=0x000000af22dfe8e0
Event: 21.102 Thread 0x000002129c471190 DEOPT UNPACKING pc=0x00000212a3fa7143 sp=0x000000af22dfdd88 mode 3
Event: 29.300 Thread 0x00000212f1c66980 DEOPT PACKING pc=0x00000212a45c2935 sp=0x000000af246fdbd0
Event: 29.300 Thread 0x00000212f1c66980 DEOPT UNPACKING pc=0x00000212a3fa7143 sp=0x000000af246fd0f8 mode 3

Classes unloaded (20 events):
Event: 81.698 Thread 0x00000212ab7d9a80 Unloading class 0x00000212ad01c800 'java/lang/invoke/LambdaForm$MH+0x00000212ad01c800'
Event: 81.698 Thread 0x00000212ab7d9a80 Unloading class 0x00000212ad01c400 'java/lang/invoke/LambdaForm$MH+0x00000212ad01c400'
Event: 81.698 Thread 0x00000212ab7d9a80 Unloading class 0x00000212ad016800 'java/lang/invoke/LambdaForm$MH+0x00000212ad016800'
Event: 81.698 Thread 0x00000212ab7d9a80 Unloading class 0x00000212ad016400 'java/lang/invoke/LambdaForm$MH+0x00000212ad016400'
Event: 81.698 Thread 0x00000212ab7d9a80 Unloading class 0x00000212ad016000 'java/lang/invoke/LambdaForm$MH+0x00000212ad016000'
Event: 81.698 Thread 0x00000212ab7d9a80 Unloading class 0x00000212ad015c00 'java/lang/invoke/LambdaForm$MH+0x00000212ad015c00'
Event: 81.698 Thread 0x00000212ab7d9a80 Unloading class 0x00000212ad015800 'java/lang/invoke/LambdaForm$MH+0x00000212ad015800'
Event: 81.699 Thread 0x00000212ab7d9a80 Unloading class 0x00000212ad015400 'java/lang/invoke/LambdaForm$MH+0x00000212ad015400'
Event: 81.699 Thread 0x00000212ab7d9a80 Unloading class 0x00000212ad014c00 'java/lang/invoke/LambdaForm$MH+0x00000212ad014c00'
Event: 81.699 Thread 0x00000212ab7d9a80 Unloading class 0x00000212ad014800 'java/lang/invoke/LambdaForm$MH+0x00000212ad014800'
Event: 81.699 Thread 0x00000212ab7d9a80 Unloading class 0x00000212ad014000 'java/lang/invoke/LambdaForm$MH+0x00000212ad014000'
Event: 81.699 Thread 0x00000212ab7d9a80 Unloading class 0x00000212ad013c00 'java/lang/invoke/LambdaForm$MH+0x00000212ad013c00'
Event: 81.699 Thread 0x00000212ab7d9a80 Unloading class 0x00000212ad012c00 'java/lang/invoke/LambdaForm$MH+0x00000212ad012c00'
Event: 81.699 Thread 0x00000212ab7d9a80 Unloading class 0x00000212ad012400 'java/lang/invoke/LambdaForm$MH+0x00000212ad012400'
Event: 81.699 Thread 0x00000212ab7d9a80 Unloading class 0x00000212ad012000 'java/lang/invoke/LambdaForm$MH+0x00000212ad012000'
Event: 81.699 Thread 0x00000212ab7d9a80 Unloading class 0x00000212ad011c00 'java/lang/invoke/LambdaForm$MH+0x00000212ad011c00'
Event: 81.699 Thread 0x00000212ab7d9a80 Unloading class 0x00000212ad011800 'java/lang/invoke/LambdaForm$MH+0x00000212ad011800'
Event: 81.699 Thread 0x00000212ab7d9a80 Unloading class 0x00000212ad011400 'java/lang/invoke/LambdaForm$MH+0x00000212ad011400'
Event: 81.699 Thread 0x00000212ab7d9a80 Unloading class 0x00000212ad010c00 'java/lang/invoke/LambdaForm$MH+0x00000212ad010c00'
Event: 81.699 Thread 0x00000212ab7d9a80 Unloading class 0x00000212ad010400 'java/lang/invoke/LambdaForm$MH+0x00000212ad010400'

Classes redefined (0 events):
No events

Internal exceptions (20 events):
Event: 22.878 Thread 0x000002129c471190 Exception <a 'java/lang/NoSuchMethodError'{0x00000000c3b10690}: 'int java.lang.invoke.Invokers$Holder.linkToTargetMethod(java.lang.Object, java.lang.Object, java.lang.Object)'> (0x00000000c3b10690) 
thrown [s\src\hotspot\share\interpreter\linkResolver.cpp, line 759]
Event: 23.117 Thread 0x000002129c471190 Exception <a 'java/lang/NoSuchMethodError'{0x00000000c38c83f0}: 'void java.lang.invoke.DirectMethodHandle$Holder.invokeSpecial(java.lang.Object, java.lang.Object, java.lang.Object, java.lang.Object, java.lang.Object, java.lang.Object)'> (0x00000000c38c83f0) 
thrown [s\src\hotspot\share\interpreter\linkResolver.cpp, line 759]
Event: 23.268 Thread 0x000002129c471190 Exception <a 'java/lang/NoSuchMethodError'{0x00000000c3683cd0}: 'java.lang.Object java.lang.invoke.DirectMethodHandle$Holder.invokeStaticInit(java.lang.Object, int, int, int, int)'> (0x00000000c3683cd0) 
thrown [s\src\hotspot\share\interpreter\linkResolver.cpp, line 759]
Event: 23.559 Thread 0x000002129c471190 Exception <a 'java/lang/NoSuchMethodError'{0x00000000c3563550}: 'java.lang.Object java.lang.invoke.DirectMethodHandle$Holder.invokeStaticInit(java.lang.Object, java.lang.Object, int, int, int, int)'> (0x00000000c3563550) 
thrown [s\src\hotspot\share\interpreter\linkResolver.cpp, line 759]
Event: 24.344 Thread 0x000002129c471190 Exception <a 'java/lang/NoSuchMethodError'{0x00000000c2d61de0}: 'void java.lang.invoke.DirectMethodHandle$Holder.invokeSpecialIFC(java.lang.Object, java.lang.Object, java.lang.Object)'> (0x00000000c2d61de0) 
thrown [s\src\hotspot\share\interpreter\linkResolver.cpp, line 759]
Event: 27.187 Thread 0x000002129c471190 Exception <a 'java/lang/NoSuchMethodError'{0x00000000c379eb58}: 'void java.lang.invoke.DirectMethodHandle$Holder.invokeSpecial(java.lang.Object, java.lang.Object, java.lang.Object, java.lang.Object, java.lang.Object, java.lang.Object, java.lang.Object)'> (0x00000000c379eb58) 
thrown [s\src\hotspot\share\interpreter\linkResolver.cpp, line 759]
Event: 27.188 Thread 0x000002129c471190 Exception <a 'java/lang/NoSuchMethodError'{0x00000000c37a9378}: 'java.lang.Object java.lang.invoke.DirectMethodHandle$Holder.newInvokeSpecial(java.lang.Object, java.lang.Object, java.lang.Object, java.lang.Object, java.lang.Object, java.lang.Object)'> (0x00000000c37a9378) 
thrown [s\src\hotspot\share\interpreter\linkResolver.cpp, line 759]
Event: 27.982 Thread 0x000002129c471190 Exception <a 'java/lang/NoSuchMethodError'{0x00000000c339ce98}: 'java.lang.Object java.lang.invoke.DirectMethodHandle$Holder.invokeInterface(java.lang.Object, java.lang.Object, int)'> (0x00000000c339ce98) 
thrown [s\src\hotspot\share\interpreter\linkResolver.cpp, line 759]
Event: 27.986 Thread 0x000002129c471190 Exception <a 'java/lang/IncompatibleClassChangeError'{0x00000000c33b0478}: Found class java.lang.Object, but interface was expected> (0x00000000c33b0478) 
thrown [s\src\hotspot\share\interpreter\linkResolver.cpp, line 826]
Event: 28.568 Thread 0x000002129c471190 Exception <a 'java/lang/NoSuchMethodError'{0x00000000c2d67968}: 'java.lang.Object java.lang.invoke.DirectMethodHandle$Holder.newInvokeSpecial(java.lang.Object, java.lang.Object, int, java.lang.Object, java.lang.Object)'> (0x00000000c2d67968) 
thrown [s\src\hotspot\share\interpreter\linkResolver.cpp, line 759]
Event: 28.569 Thread 0x000002129c471190 Exception <a 'java/lang/NoSuchMethodError'{0x00000000c2d7a580}: 'java.lang.Object java.lang.invoke.DirectMethodHandle$Holder.invokeSpecial(java.lang.Object, java.lang.Object, int, java.lang.Object, int, java.lang.Object)'> (0x00000000c2d7a580) 
thrown [s\src\hotspot\share\interpreter\linkResolver.cpp, line 759]
Event: 28.570 Thread 0x000002129c471190 Exception <a 'java/lang/NoSuchMethodError'{0x00000000c2d82388}: 'java.lang.Object java.lang.invoke.DirectMethodHandle$Holder.newInvokeSpecial(java.lang.Object, java.lang.Object, int, java.lang.Object, int)'> (0x00000000c2d82388) 
thrown [s\src\hotspot\share\interpreter\linkResolver.cpp, line 759]
Event: 28.570 Thread 0x000002129c471190 Exception <a 'java/lang/NoSuchMethodError'{0x00000000c2d86488}: 'java.lang.Object java.lang.invoke.DirectMethodHandle$Holder.invokeSpecial(java.lang.Object, java.lang.Object, java.lang.Object, int, java.lang.Object, int)'> (0x00000000c2d86488) 
thrown [s\src\hotspot\share\interpreter\linkResolver.cpp, line 759]
Event: 29.298 Thread 0x00000212f1c66980 Exception <a 'java/lang/NoSuchMethodError'{0x00000000c3b241b8}: 'java.lang.Object java.lang.invoke.DirectMethodHandle$Holder.invokeStatic(java.lang.Object, int, java.lang.Object)'> (0x00000000c3b241b8) 
thrown [s\src\hotspot\share\interpreter\linkResolver.cpp, line 759]
Event: 29.708 Thread 0x00000212f1efebb0 Exception <a 'java/lang/NoSuchMethodError'{0x00000000c3b36fd0}: 'java.lang.Object java.lang.invoke.DirectMethodHandle$Holder.invokeStatic(java.lang.Object, java.lang.Object, java.lang.Object, int, java.lang.Object, java.lang.Object)'> (0x00000000c3b36fd0) 
thrown [s\src\hotspot\share\interpreter\linkResolver.cpp, line 759]
Event: 30.378 Thread 0x00000212f1b016b0 Exception <a 'java/lang/NoSuchMethodError'{0x00000000c356d088}: 'int java.lang.invoke.DirectMethodHandle$Holder.invokeStatic(java.lang.Object)'> (0x00000000c356d088) 
thrown [s\src\hotspot\share\interpreter\linkResolver.cpp, line 759]
Event: 30.378 Thread 0x00000212f1b016b0 Exception <a 'java/lang/NoSuchMethodError'{0x00000000c3570488}: 'int java.lang.invoke.DirectMethodHandle$Holder.invokeStaticInit(java.lang.Object)'> (0x00000000c3570488) 
thrown [s\src\hotspot\share\interpreter\linkResolver.cpp, line 759]
Event: 69.244 Thread 0x00000212f164c740 Exception <a 'java/lang/NoSuchMethodError'{0x00000000c3296110}: 'void java.lang.invoke.DirectMethodHandle$Holder.invokeStatic(java.lang.Object, long)'> (0x00000000c3296110) 
thrown [s\src\hotspot\share\interpreter\linkResolver.cpp, line 759]
Event: 69.331 Thread 0x00000212f164c740 Exception <a 'java/lang/NoSuchMethodError'{0x00000000c329b4b8}: 'java.lang.Object java.lang.invoke.DirectMethodHandle$Holder.newInvokeSpecial(java.lang.Object, long)'> (0x00000000c329b4b8) 
thrown [s\src\hotspot\share\interpreter\linkResolver.cpp, line 759]
Event: 260.153 Thread 0x00000212f164c740 Exception <a 'java/io/IOException'{0x00000000c3b00630}: CreateProcess error=1450, Insufficient system resources exist to complete the requested service> (0x00000000c3b00630) 
thrown [s\src\hotspot\share\prims\jni.cpp, line 535]

VM Operations (20 events):
Event: 156.254 Executing VM operation: G1CollectFull done
Event: 166.627 Executing VM operation: G1CollectFull
Event: 166.792 Executing VM operation: G1CollectFull done
Event: 177.062 Executing VM operation: G1CollectFull
Event: 177.086 Executing VM operation: G1CollectFull done
Event: 187.314 Executing VM operation: G1CollectFull
Event: 187.333 Executing VM operation: G1CollectFull done
Event: 197.546 Executing VM operation: G1CollectFull
Event: 197.570 Executing VM operation: G1CollectFull done
Event: 207.885 Executing VM operation: G1CollectFull
Event: 207.988 Executing VM operation: G1CollectFull done
Event: 218.588 Executing VM operation: G1CollectFull
Event: 218.891 Executing VM operation: G1CollectFull done
Event: 229.161 Executing VM operation: G1CollectFull
Event: 229.200 Executing VM operation: G1CollectFull done
Event: 239.516 Executing VM operation: G1CollectFull
Event: 239.546 Executing VM operation: G1CollectFull done
Event: 249.969 Executing VM operation: G1CollectFull
Event: 250.109 Executing VM operation: G1CollectFull done
Event: 270.682 Executing VM operation: G1CollectFull

Events (20 events):
Event: 30.418 loading class java/util/EmptyStackException
Event: 30.418 loading class java/util/EmptyStackException done
Event: 30.425 loading class java/io/InvalidClassException
Event: 30.425 loading class java/io/InvalidClassException done
Event: 30.437 loading class java/util/ArrayList$ListItr
Event: 30.438 loading class java/util/ArrayList$ListItr done
Event: 30.484 loading class java/util/regex/Pattern$1
Event: 30.485 loading class java/util/regex/Pattern$1 done
Event: 68.910 loading class java/lang/ProcessBuilder
Event: 69.050 loading class java/lang/ProcessBuilder done
Event: 69.055 loading class java/lang/ProcessImpl
Event: 69.092 loading class java/lang/ProcessImpl done
Event: 69.343 loading class java/lang/ProcessImpl$2
Event: 69.355 loading class java/lang/ProcessImpl$2 done
Event: 69.362 loading class java/lang/Process$PipeInputStream
Event: 69.364 loading class java/lang/Process$PipeInputStream done
Event: 69.431 loading class jdk/internal/event/ProcessStartEvent
Event: 69.442 loading class jdk/internal/event/ProcessStartEvent done
Event: 70.733 loading class java/io/FileOutputStream$1
Event: 70.738 loading class java/io/FileOutputStream$1 done


Dynamic libraries:
0x00007ff747a90000 - 0x00007ff747a9e000 	c:\Users\G Madhusudhan Reddy\AppData\Roaming\Code\User\globalStorage\pleiades.java-extension-pack-jdk\java\17\bin\java.exe
0x00007ffdb5eb0000 - 0x00007ffdb60c7000 	C:\WINDOWS\SYSTEM32\ntdll.dll
0x00007ffdb55a0000 - 0x00007ffdb5664000 	C:\WINDOWS\System32\KERNEL32.DLL
0x00007ffdb3740000 - 0x00007ffdb3ae6000 	C:\WINDOWS\System32\KERNELBASE.dll
0x00007ffdb3af0000 - 0x00007ffdb3c01000 	C:\WINDOWS\System32\ucrtbase.dll
0x00007ffda33f0000 - 0x00007ffda3409000 	c:\Users\G Madhusudhan Reddy\AppData\Roaming\Code\User\globalStorage\pleiades.java-extension-pack-jdk\java\17\bin\VCRUNTIME140.dll
0x00007ffda3410000 - 0x00007ffda3427000 	c:\Users\G Madhusudhan Reddy\AppData\Roaming\Code\User\globalStorage\pleiades.java-extension-pack-jdk\java\17\bin\jli.dll
0x00007ffdb5230000 - 0x00007ffdb53dd000 	C:\WINDOWS\System32\USER32.dll
0x00007ffdb33c0000 - 0x00007ffdb33e6000 	C:\WINDOWS\System32\win32u.dll
0x00007ffdb5b00000 - 0x00007ffdb5b29000 	C:\WINDOWS\System32\GDI32.dll
0x00007ffdb32a0000 - 0x00007ffdb33b8000 	C:\WINDOWS\System32\gdi32full.dll
0x00007ffdb33f0000 - 0x00007ffdb348a000 	C:\WINDOWS\System32\msvcp_win.dll
0x00007ffda0670000 - 0x00007ffda0903000 	C:\WINDOWS\WinSxS\amd64_microsoft.windows.common-controls_6595b64144ccf1df_6.0.22621.2361_none_2712ced57382f843\COMCTL32.dll
0x00007ffdb5170000 - 0x00007ffdb5217000 	C:\WINDOWS\System32\msvcrt.dll
0x00007ffdb5ac0000 - 0x00007ffdb5af1000 	C:\WINDOWS\System32\IMM32.DLL
0x00007ffda7040000 - 0x00007ffda704c000 	c:\Users\G Madhusudhan Reddy\AppData\Roaming\Code\User\globalStorage\pleiades.java-extension-pack-jdk\java\17\bin\vcruntime140_1.dll
0x00007ffd9e2b0000 - 0x00007ffd9e341000 	c:\Users\G Madhusudhan Reddy\AppData\Roaming\Code\User\globalStorage\pleiades.java-extension-pack-jdk\java\17\bin\msvcp140.dll
0x00007ffd5a070000 - 0x00007ffd5acbc000 	c:\Users\G Madhusudhan Reddy\AppData\Roaming\Code\User\globalStorage\pleiades.java-extension-pack-jdk\java\17\bin\server\jvm.dll
0x00007ffdb5bf0000 - 0x00007ffdb5ca0000 	C:\WINDOWS\System32\ADVAPI32.dll
0x00007ffdb58c0000 - 0x00007ffdb5966000 	C:\WINDOWS\System32\sechost.dll
0x00007ffdb3c10000 - 0x00007ffdb3d27000 	C:\WINDOWS\System32\RPCRT4.dll
0x00007ffdb2d10000 - 0x00007ffdb2d5d000 	C:\WINDOWS\SYSTEM32\POWRPROF.dll
0x00007ffda6540000 - 0x00007ffda6574000 	C:\WINDOWS\SYSTEM32\WINMM.dll
0x00007ffda60e0000 - 0x00007ffda60ea000 	C:\WINDOWS\SYSTEM32\VERSION.dll
0x00007ffda6ff0000 - 0x00007ffda6ff9000 	C:\WINDOWS\SYSTEM32\WSOCK32.dll
0x00007ffdb3db0000 - 0x00007ffdb3e21000 	C:\WINDOWS\System32\WS2_32.dll
0x00007ffdb2bb0000 - 0x00007ffdb2bc3000 	C:\WINDOWS\SYSTEM32\UMPDC.dll
0x00007ffdb2270000 - 0x00007ffdb2288000 	C:\WINDOWS\SYSTEM32\kernel.appcore.dll
0x00007ffda6f00000 - 0x00007ffda6f0a000 	c:\Users\G Madhusudhan Reddy\AppData\Roaming\Code\User\globalStorage\pleiades.java-extension-pack-jdk\java\17\bin\jimage.dll
0x00007ffdb0c30000 - 0x00007ffdb0e5e000 	C:\WINDOWS\SYSTEM32\DBGHELP.DLL
0x00007ffdb4d30000 - 0x00007ffdb50ba000 	C:\WINDOWS\System32\combase.dll
0x00007ffdb5670000 - 0x00007ffdb5747000 	C:\WINDOWS\System32\OLEAUT32.dll
0x00007ffd8de00000 - 0x00007ffd8de32000 	C:\WINDOWS\SYSTEM32\dbgcore.DLL
0x00007ffdb3490000 - 0x00007ffdb350a000 	C:\WINDOWS\System32\bcryptPrimitives.dll
0x00007ffda3060000 - 0x00007ffda3085000 	c:\Users\G Madhusudhan Reddy\AppData\Roaming\Code\User\globalStorage\pleiades.java-extension-pack-jdk\java\17\bin\java.dll
0x00007ffd784d0000 - 0x00007ffd785a6000 	c:\Users\G Madhusudhan Reddy\AppData\Roaming\Code\User\globalStorage\pleiades.java-extension-pack-jdk\java\17\bin\jsvml.dll
0x00007ffdb3e80000 - 0x00007ffdb46d8000 	C:\WINDOWS\System32\SHELL32.dll
0x00007ffdb1140000 - 0x00007ffdb1a32000 	C:\WINDOWS\SYSTEM32\windows.storage.dll
0x00007ffdb1000000 - 0x00007ffdb113e000 	C:\WINDOWS\SYSTEM32\wintypes.dll
0x00007ffdb4c30000 - 0x00007ffdb4d23000 	C:\WINDOWS\System32\SHCORE.dll
0x00007ffdb5860000 - 0x00007ffdb58be000 	C:\WINDOWS\System32\shlwapi.dll
0x00007ffdb3160000 - 0x00007ffdb3186000 	C:\WINDOWS\SYSTEM32\profapi.dll
0x00007ffda3040000 - 0x00007ffda3059000 	C:\Users\G Madhusudhan Reddy\AppData\Roaming\Code\User\globalStorage\pleiades.java-extension-pack-jdk\java\17\bin\net.dll
0x00007ffdab790000 - 0x00007ffdab8c7000 	C:\WINDOWS\SYSTEM32\WINHTTP.dll
0x00007ffdb26f0000 - 0x00007ffdb2759000 	C:\WINDOWS\system32\mswsock.dll
0x00007ffda2fd0000 - 0x00007ffda2fe5000 	C:\Users\G Madhusudhan Reddy\AppData\Roaming\Code\User\globalStorage\pleiades.java-extension-pack-jdk\java\17\bin\nio.dll
0x00007ffda3120000 - 0x00007ffda3138000 	C:\Users\G Madhusudhan Reddy\AppData\Roaming\Code\User\globalStorage\pleiades.java-extension-pack-jdk\java\17\bin\zip.dll
0x00007ffdb29b0000 - 0x00007ffdb29cb000 	C:\WINDOWS\SYSTEM32\CRYPTSP.dll
0x00007ffdb21b0000 - 0x00007ffdb21e5000 	C:\WINDOWS\system32\rsaenh.dll
0x00007ffdb2850000 - 0x00007ffdb287c000 	C:\WINDOWS\SYSTEM32\USERENV.dll
0x00007ffdb2b80000 - 0x00007ffdb2ba8000 	C:\WINDOWS\SYSTEM32\bcrypt.dll
0x00007ffdb2ac0000 - 0x00007ffdb2acc000 	C:\WINDOWS\SYSTEM32\CRYPTBASE.dll
0x00007ffdb1ce0000 - 0x00007ffdb1d0d000 	C:\WINDOWS\SYSTEM32\IPHLPAPI.DLL
0x00007ffdb5220000 - 0x00007ffdb5229000 	C:\WINDOWS\System32\NSI.dll
0x00007ffdab770000 - 0x00007ffdab789000 	C:\WINDOWS\SYSTEM32\dhcpcsvc6.DLL
0x00007ffdab750000 - 0x00007ffdab76f000 	C:\WINDOWS\SYSTEM32\dhcpcsvc.DLL
0x00007ffdb1d60000 - 0x00007ffdb1e59000 	C:\WINDOWS\SYSTEM32\DNSAPI.dll
0x00007ffda5d70000 - 0x00007ffda5d80000 	c:\Users\G Madhusudhan Reddy\AppData\Roaming\Code\User\globalStorage\pleiades.java-extension-pack-jdk\java\17\bin\verify.dll
0x00007ffdae700000 - 0x00007ffdae709000 	C:\Users\G Madhusudhan Reddy\AppData\Roaming\Code\User\globalStorage\pleiades.java-extension-pack-jdk\java\17\bin\management.dll
0x00007ffdae1a0000 - 0x00007ffdae1ab000 	C:\Users\G Madhusudhan Reddy\AppData\Roaming\Code\User\globalStorage\pleiades.java-extension-pack-jdk\java\17\bin\management_ext.dll
0x00007ffdb5750000 - 0x00007ffdb5758000 	C:\WINDOWS\System32\PSAPI.DLL

dbghelp: loaded successfully - version: 4.0.5 - missing functions: none
symbol engine: initialized successfully - sym options: 0x614 - pdb path: .;c:\Users\G Madhusudhan Reddy\AppData\Roaming\Code\User\globalStorage\pleiades.java-extension-pack-jdk\java\17\bin;C:\WINDOWS\SYSTEM32;C:\WINDOWS\WinSxS\amd64_microsoft.windows.common-controls_6595b64144ccf1df_6.0.22621.2361_none_2712ced57382f843;c:\Users\G Madhusudhan Reddy\AppData\Roaming\Code\User\globalStorage\pleiades.java-extension-pack-jdk\java\17\bin\server

VM Arguments:
jvm_args: -XX:+HeapDumpOnOutOfMemoryError -Xmx1024m -Dsts.lsp.client=vscode -Dsts.log.file=/dev/null -XX:TieredStopAtLevel=1 -Xlog:jni+resolve=off -Dspring.config.location=file:c:\Users\G Madhusudhan Reddy\.vscode\extensions\vmware.vscode-spring-boot-1.50.0\language-server\BOOT-INF\classes\application.properties 
java_command: org.springframework.ide.vscode.boot.app.BootLanguageServerBootApp
java_class_path (initial): c:\Users\G Madhusudhan Reddy\.vscode\extensions\vmware.vscode-spring-boot-1.50.0\language-server\BOOT-INF\classes;c:\Users\G Madhusudhan Reddy\.vscode\extensions\vmware.vscode-spring-boot-1.50.0\language-server\BOOT-INF\lib\annotations-24.0.1.jar;c:\Users\G Madhusudhan Reddy\.vscode\extensions\vmware.vscode-spring-boot-1.50.0\language-server\BOOT-INF\lib\antlr-runtime-3.5.3.jar;c:\Users\G Madhusudhan Reddy\.vscode\extensions\vmware.vscode-spring-boot-1.50.0\language-server\BOOT-INF\lib\antlr4-4.11.1.jar;c:\Users\G Madhusudhan Reddy\.vscode\extensions\vmware.vscode-spring-boot-1.50.0\language-server\BOOT-INF\lib\antlr4-runtime-4.11.1.jar;c:\Users\G Madhusudhan Reddy\.vscode\extensions\vmware.vscode-spring-boot-1.50.0\language-server\BOOT-INF\lib\archunit-1.1.0.jar;c:\Users\G Madhusudhan Reddy\.vscode\extensions\vmware.vscode-spring-boot-1.50.0\language-server\BOOT-INF\lib\asm-9.5.jar;c:\Users\G Madhusudhan Reddy\.vscode\extensions\vmware.vscode-spring-boot-1.50.0\language-server\BOOT-INF\lib\asm-analysis-9.5.jar;c:\Users\G Madhusudhan Reddy\.vscode\extensions\vmware.vscode-spring-boot-1.50.0\language-server\BOOT-INF\lib\asm-tree-9.5.jar;c:\Users\G Madhusudhan Reddy\.vscode\extensions\vmware.vscode-spring-boot-1.50.0\language-server\BOOT-INF\lib\asm-util-9.5.jar;c:\Users\G Madhusudhan Reddy\.vscode\extensions\vmware.vscode-spring-boot-1.50.0\language-server\BOOT-INF\lib\bosh-language-server-1.50.0-SNAPSHOT.jar;c:\Users\G Madhusudhan Reddy\.vscode\extensions\vmware.vscode-spring-boot-1.50.0\language-server\BOOT-INF\lib\caffeine-3.1.8.jar;c:\Users\G Madhusudhan Reddy\.vscode\extensions\vmware.vscode-spring-boot-1.50.0\language-server\BOOT-INF\lib\checker-qual-3.12.0.jar;c:\Users\G Madhusudhan Reddy\.vscode\extensions\vmware.vscode-spring-boot-1.50.0\language-server\BOOT-INF\lib\classgraph-4.8.149.jar;c:\Users\G Madhusudhan Reddy\.vscode\extensions\vmware.vscode-spring-boot-1.50.0\language-server\BOOT-INF\lib\commons-codec-1.15.jar;c:\Users\G
Launcher Type: SUN_STANDARD

[Global flags]
     intx CICompilerCount                          = 3                                         {product} {ergonomic}
     uint ConcGCThreads                            = 1                                         {product} {ergonomic}
     uint G1ConcRefinementThreads                  = 4                                         {product} {ergonomic}
   size_t G1HeapRegionSize                         = 1048576                                   {product} {ergonomic}
    uintx GCDrainStackTargetSize                   = 64                                        {product} {ergonomic}
     bool HeapDumpOnOutOfMemoryError               = true                                   {manageable} {command line}
   size_t InitialHeapSize                          = 65011712                                  {product} {ergonomic}
   size_t MarkStackSize                            = 4194304                                   {product} {ergonomic}
   size_t MaxHeapSize                              = 1073741824                                {product} {command line}
   size_t MaxNewSize                               = 643825664                                 {product} {ergonomic}
   size_t MinHeapDeltaBytes                        = 1048576                                   {product} {ergonomic}
   size_t MinHeapSize                              = 8388608                                   {product} {ergonomic}
    uintx NonProfiledCodeHeapSize                  = 0                                      {pd product} {ergonomic}
     bool ProfileInterpreter                       = false                                  {pd product} {command line}
    uintx ProfiledCodeHeapSize                     = 0                                      {pd product} {ergonomic}
   size_t SoftMaxHeapSize                          = 1073741824                             {manageable} {ergonomic}
     intx TieredStopAtLevel                        = 1                                         {product} {command line}
     bool UseCompressedClassPointers               = true                           {product lp64_product} {ergonomic}
     bool UseCompressedOops                        = true                           {product lp64_product} {ergonomic}
     bool UseG1GC                                  = true                                      {product} {ergonomic}
     bool UseLargePagesIndividualAllocation        = false                                  {pd product} {ergonomic}

Logging:
Log output configuration:
 #0: stdout all=warning,jni+resolve=off uptime,level,tags
 #1: stderr all=off uptime,level,tags

Environment Variables:
JAVA_HOME=C:\Users\G Madhusudhan Reddy
PATH=C:\Program Files\Common Files\Oracle\Java\javapath;C:\Users\G Madhusudhan Reddy\bin;C:\WINDOWS\system32;C:\WINDOWS;C:\WINDOWS\System32\Wbem;C:\WINDOWS\System32\WindowsPowerShell\v1.0\;C:\WINDOWS\System32\OpenSSH\;C:\Program Files (x86)\Intel\Intel(R) Management Engine Components\DAL;C:\Program Files\Intel\Intel(R) Management Engine Components\DAL;C:\Program Files\dotnet\;C:\Program Files\nodejs\;C:\Users\G Madhusudhan Reddy\AppData\Local\Microsoft\WindowsApps;E:\Microsoft VS Code\bin;C:\Users\G Madhusudhan Reddy\AppData\Roaming\npm;E:\IntelliJ IDEA Community Edition 2023.2.4\bin;;C:\Users\G Madhusudhan Reddy\AppData\Local\JetBrains\IntelliJ IDEA 2023.2.4\bin;
USERNAME=G Madhusudhan Reddy
OS=Windows_NT
PROCESSOR_IDENTIFIER=Intel64 Family 6 Model 142 Stepping 12, GenuineIntel
TMP=C:\Users\G Madhusudhan Reddy\AppData\Local\Temp
TEMP=C:\Users\G Madhusudhan Reddy\AppData\Local\Temp



---------------  S Y S T E M  ---------------

OS:
 Windows 11 , 64 bit Build 22621 (10.0.22621.2428)
OS uptime: 2 days 15:55 hours
Hyper-V role detected

CPU: total 4 (initial active 4) (2 cores per cpu, 2 threads per core) family 6 model 142 stepping 12 microcode 0xde, cx8, cmov, fxsr, ht, mmx, 3dnowpref, sse, sse2, sse3, ssse3, sse4.1, sse4.2, popcnt, lzcnt, tsc, tscinvbit, avx, avx2, aes, erms, clmul, bmi1, bmi2, adx, fma, vzeroupper, clflush, clflushopt, hv
Processor Information for all 4 processors :
  Max Mhz: 2304, Current Mhz: 2103, Mhz Limit: 2096

Memory: 4k page, system-wide physical 3872M (166M free)
TotalPageFile size 15648M (AvailPageFile size 8M)
current process WorkingSet (physical memory assigned to process): 23M, peak: 108M
current process commit charge ("private bytes"): 183M, peak: 193M

vm_info: OpenJDK 64-Bit Server VM (17.0.8.1+1) for windows-amd64 JRE (17.0.8.1+1), built on Aug 23 2023 15:29:17 by "admin" with MS VC++ 16.7 (VS2019)

END.
