#
# There is insufficient memory for the Java Runtime Environment to continue.
# Native memory allocation (malloc) failed to allocate 1048576 bytes for AllocateHeap
# Possible reasons:
#   The system is out of physical RAM or swap space
#   The process is running with CompressedOops enabled, and the Java Heap may be blocking the growth of the native heap
# Possible solutions:
#   Reduce memory load on the system
#   Increase physical memory or swap space
#   Check if swap backing store is full
#   Decrease Java heap size (-Xmx/-Xms)
#   Decrease number of Java threads
#   Decrease Java thread stack sizes (-Xss)
#   Set larger code cache with -XX:ReservedCodeCacheSize=
#   JVM is running with Unscaled Compressed Oops mode in which the Java heap is
#     placed in the first 4GB address space. The Java Heap base address is the
#     maximum limit for the native heap growth. Please use -XX:HeapBaseMinAddress
#     to set the Java Heap base and to place the Java Heap above 4GB virtual address.
# This output file may be truncated or incomplete.
#
#  Out of Memory Error (allocation.cpp:44), pid=16732, tid=5732
#
# JRE version: OpenJDK Runtime Environment Temurin-17.0.8.1+1 (17.0.8.1+1) (build 17.0.8.1+1)
# Java VM: OpenJDK 64-Bit Server VM Temurin-17.0.8.1+1 (17.0.8.1+1, mixed mode, emulated-client, sharing, tiered, compressed oops, compressed class ptrs, g1 gc, windows-amd64)
# No core dump will be written. Minidumps are not enabled by default on client versions of Windows
#

---------------  S U M M A R Y ------------

Command Line: -XX:+HeapDumpOnOutOfMemoryError -Xmx1024m -Dsts.lsp.client=vscode -Dsts.log.file=/dev/null -XX:TieredStopAtLevel=1 -Xlog:jni+resolve=off -Dspring.config.location=file:c:\Users\G Madhusudhan Reddy\.vscode\extensions\vmware.vscode-spring-boot-1.50.0\language-server\BOOT-INF\classes\application.properties org.springframework.ide.vscode.boot.app.BootLanguageServerBootApp

Host: Intel(R) Core(TM) i3-8145U CPU @ 2.10GHz, 4 cores, 3G,  Windows 11 , 64 bit Build 22621 (10.0.22621.2428)
Time: Sun Nov 12 11:17:42 2023 India Standard Time elapsed time: 3019.045337 seconds (0d 0h 50m 19s)

---------------  T H R E A D  ---------------

Current thread (0x000001d07f6af120):  VMThread "VM Thread" [stack: 0x000000a95e100000,0x000000a95e200000] [id=5732]

Stack: [0x000000a95e100000,0x000000a95e200000]
Native frames: (J=compiled Java code, j=interpreted, Vv=VM code, C=native code)
V  [jvm.dll+0x678b0a]
V  [jvm.dll+0x835e84]
V  [jvm.dll+0x83762e]
V  [jvm.dll+0x837c93]
V  [jvm.dll+0x24746f]
V  [jvm.dll+0xa697b]
V  [jvm.dll+0x2f7eb3]
V  [jvm.dll+0x2f3b80]
V  [jvm.dll+0x2dc1c7]
V  [jvm.dll+0x31f227]
V  [jvm.dll+0x83c15b]
V  [jvm.dll+0x83ce94]
V  [jvm.dll+0x83d3ac]
V  [jvm.dll+0x83d784]
V  [jvm.dll+0x83d850]
V  [jvm.dll+0x7e64ca]
V  [jvm.dll+0x677955]
C  [ucrtbase.dll+0x29363]
C  [KERNEL32.DLL+0x1257d]
C  [ntdll.dll+0x5aa78]

VM_Operation (0x000000a95f2fefd0): G1CollectFull, mode: safepoint, requested by thread 0x000001d07f9b15f0


---------------  P R O C E S S  ---------------

Threads class SMR info:
_java_thread_list=0x000001d04d27e010, length=22, elements={
0x000001d07f6b3030, 0x000001d07f6b3cb0, 0x000001d07f6c6f80, 0x000001d07f6c8c10,
0x000001d07f6ca5e0, 0x000001d07f6ccfb0, 0x000001d07f6cda20, 0x000001d07f6d9930,
0x000001d07f9b10e0, 0x000001d07f9b0bd0, 0x000001d07f9ae350, 0x000001d07f9b15f0,
0x000001d07f9b01b0, 0x000001d07f9b06c0, 0x000001d07f9ade40, 0x000001d07f9aed70,
0x000001d07f9af790, 0x000001d07f9af280, 0x000001d07f9ae860, 0x000001d07f9afca0,
0x000001d04d2da770, 0x000001d04d2dda10
}

Java Threads: ( => current thread )
  0x000001d07f6b3030 JavaThread "Reference Handler" daemon [_thread_blocked, id=20536, stack(0x000000a95e200000,0x000000a95e300000)]
  0x000001d07f6b3cb0 JavaThread "Finalizer" daemon [_thread_blocked, id=15868, stack(0x000000a95e300000,0x000000a95e400000)]
  0x000001d07f6c6f80 JavaThread "Signal Dispatcher" daemon [_thread_blocked, id=14564, stack(0x000000a95e400000,0x000000a95e500000)]
  0x000001d07f6c8c10 JavaThread "Attach Listener" daemon [_thread_blocked, id=9096, stack(0x000000a95e500000,0x000000a95e600000)]
  0x000001d07f6ca5e0 JavaThread "Service Thread" daemon [_thread_blocked, id=5988, stack(0x000000a95e600000,0x000000a95e700000)]
  0x000001d07f6ccfb0 JavaThread "Monitor Deflation Thread" daemon [_thread_blocked, id=24204, stack(0x000000a95e700000,0x000000a95e800000)]
  0x000001d07f6cda20 JavaThread "C1 CompilerThread0" daemon [_thread_blocked, id=22488, stack(0x000000a95e800000,0x000000a95e900000)]
  0x000001d07f6d9930 JavaThread "Sweeper thread" daemon [_thread_blocked, id=14616, stack(0x000000a95e900000,0x000000a95ea00000)]
  0x000001d07f9b10e0 JavaThread "Notification Thread" daemon [_thread_blocked, id=16548, stack(0x000000a95eb00000,0x000000a95ec00000)]
  0x000001d07f9b0bd0 JavaThread "Common-Cleaner" daemon [_thread_blocked, id=20780, stack(0x000000a95ed00000,0x000000a95ee00000)]
  0x000001d07f9ae350 JavaThread "boundedElastic-evictor-1" daemon [_thread_blocked, id=25136, stack(0x000000a95f100000,0x000000a95f200000)]
  0x000001d07f9b15f0 JavaThread "pool-11-thread-1" [_thread_blocked, id=12836, stack(0x000000a95f200000,0x000000a95f300000)]
  0x000001d07f9b01b0 JavaThread "LanguageServerApp-lifecycle" [_thread_blocked, id=2132, stack(0x000000a95f300000,0x000000a95f400000)]
  0x000001d07f9b06c0 JavaThread "DestroyJavaVM" [_thread_blocked, id=12476, stack(0x000000a95db00000,0x000000a95dc00000)]
  0x000001d07f9ade40 JavaThread "pool-12-thread-1" [_thread_in_native, id=14452, stack(0x000000a95f400000,0x000000a95f500000)]
  0x000001d07f9aed70 JavaThread "Simple-Language-Server main thread" daemon [_thread_blocked, id=11424, stack(0x000000a95f500000,0x000000a95f600000)]
  0x000001d07f9af790 JavaThread "parallel-1" daemon [_thread_blocked, id=22808, stack(0x000000a95f600000,0x000000a95f700000)]
  0x000001d07f9af280 JavaThread "pool-7-thread-1" [_thread_blocked, id=11880, stack(0x000000a95f700000,0x000000a95f800000)]
  0x000001d07f9ae860 JavaThread "parallel-2" daemon [_thread_blocked, id=12456, stack(0x000000a95f800000,0x000000a95f900000)]
  0x000001d07f9afca0 JavaThread "parallel-3" daemon [_thread_blocked, id=10396, stack(0x000000a95f900000,0x000000a95fa00000)]
  0x000001d04d2da770 JavaThread "parallel-4" daemon [_thread_blocked, id=16112, stack(0x000000a95fa00000,0x000000a95fb00000)]
  0x000001d04d2dda10 JavaThread "Reconciler-1" daemon [_thread_blocked, id=8860, stack(0x000000a95fb00000,0x000000a95fc00000)]

Other Threads:
=>0x000001d07f6af120 VMThread "VM Thread" [stack: 0x000000a95e100000,0x000000a95e200000] [id=5732]
  0x000001d0753d1b70 WatcherThread [stack: 0x000000a95ec00000,0x000000a95ed00000] [id=6168]
  0x000001d0753c0f20 GCTaskThread "GC Thread#0" [stack: 0x000000a95dc00000,0x000000a95dd00000] [id=23192]
  0x000001d04c413320 GCTaskThread "GC Thread#1" [stack: 0x000000a95ee00000,0x000000a95ef00000] [id=8624]
  0x000001d04c422d80 GCTaskThread "GC Thread#2" [stack: 0x000000a95ef00000,0x000000a95f000000] [id=13112]
  0x000001d04c7b3ce0 GCTaskThread "GC Thread#3" [stack: 0x000000a95f000000,0x000000a95f100000] [id=2612]
  0x000001d0753c9e70 ConcurrentGCThread "G1 Main Marker" [stack: 0x000000a95dd00000,0x000000a95de00000] [id=15176]
  0x000001d0753cc030 ConcurrentGCThread "G1 Conc#0" [stack: 0x000000a95de00000,0x000000a95df00000] [id=12936]
  0x000001d075409be0 ConcurrentGCThread "G1 Refine#0" [stack: 0x000000a95df00000,0x000000a95e000000] [id=20236]
  0x000001d07540a610 ConcurrentGCThread "G1 Service" [stack: 0x000000a95e000000,0x000000a95e100000] [id=8928]

Threads with active compile tasks:

VM state: at safepoint (normal execution)

VM Mutex/Monitor currently owned by a thread:  ([mutex/lock_event])
[0x000001d07512a8a0] Threads_lock - owner thread: 0x000001d07f6af120
[0x000001d07537fe20] Heap_lock - owner thread: 0x000001d07f9b15f0

Heap address: 0x00000000c0000000, size: 1024 MB, Compressed Oops mode: 32-bit

CDS archive(s) mapped at: [0x000001d007000000-0x000001d007bd0000-0x000001d007bd0000), size 12386304, SharedBaseAddress: 0x000001d007000000, ArchiveRelocationMode: 1.
Compressed class space mapped at: 0x000001d008000000-0x000001d048000000, reserved size: 1073741824
Narrow klass base: 0x000001d007000000, Narrow klass shift: 0, Narrow klass range: 0x100000000

GC Precious Log:
 CPUs: 4 total, 4 available
 Memory: 3872M
 Large Page Support: Disabled
 NUMA Support: Disabled
 Compressed Oops: Enabled (32-bit)
 Heap Region Size: 1M
 Heap Min Capacity: 8M
 Heap Initial Capacity: 62M
 Heap Max Capacity: 1G
 Pre-touch: Disabled
 Parallel Workers: 4
 Concurrent Workers: 1
 Concurrent Refinement Workers: 4
 Periodic GC: Disabled

Heap:
 garbage-first heap   total 61440K, used 17788K [0x00000000c0000000, 0x0000000100000000)
  region size 1024K, 1 young (1024K), 0 survivors (0K)
 Metaspace       used 31361K, committed 31936K, reserved 1114112K
  class space    used 4323K, committed 4544K, reserved 1048576K

Heap Regions: E=young(eden), S=young(survivor), O=old, HS=humongous(starts), HC=humongous(continues), CS=collection set, F=free, OA=open archive, CA=closed archive, TAMS=top-at-mark-start (previous, next)
|   0|0x00000000c0000000, 0x00000000c0100000, 0x00000000c0100000|100%| O|  |TAMS 0x00000000c0100000, 0x00000000c0000000| Untracked 
|   1|0x00000000c0100000, 0x00000000c0200000, 0x00000000c0200000|100%| O|  |TAMS 0x00000000c0200000, 0x00000000c0100000| Untracked 
|   2|0x00000000c0200000, 0x00000000c0300000, 0x00000000c0300000|100%| O|  |TAMS 0x00000000c0300000, 0x00000000c0200000| Untracked 
|   3|0x00000000c0300000, 0x00000000c03fffe8, 0x00000000c0400000| 99%| O|  |TAMS 0x00000000c03fffe8, 0x00000000c0300000| Untracked 
|   4|0x00000000c0400000, 0x00000000c04ffff8, 0x00000000c0500000| 99%| O|  |TAMS 0x00000000c04ffff8, 0x00000000c0400000| Untracked 
|   5|0x00000000c0500000, 0x00000000c0600000, 0x00000000c0600000|100%| O|  |TAMS 0x00000000c0600000, 0x00000000c0500000| Untracked 
|   6|0x00000000c0600000, 0x00000000c0700000, 0x00000000c0700000|100%| O|  |TAMS 0x00000000c0700000, 0x00000000c0600000| Untracked 
|   7|0x00000000c0700000, 0x00000000c07ffff8, 0x00000000c0800000| 99%| O|  |TAMS 0x00000000c07ffff8, 0x00000000c0700000| Untracked 
|   8|0x00000000c0800000, 0x00000000c08ffff0, 0x00000000c0900000| 99%| O|  |TAMS 0x00000000c08ffff0, 0x00000000c0800000| Untracked 
|   9|0x00000000c0900000, 0x00000000c09fffe0, 0x00000000c0a00000| 99%| O|  |TAMS 0x00000000c09fffe0, 0x00000000c0900000| Untracked 
|  10|0x00000000c0a00000, 0x00000000c0affff0, 0x00000000c0b00000| 99%| O|  |TAMS 0x00000000c0affff0, 0x00000000c0a00000| Untracked 
|  11|0x00000000c0b00000, 0x00000000c0bffff0, 0x00000000c0c00000| 99%| O|  |TAMS 0x00000000c0bffff0, 0x00000000c0b00000| Untracked 
|  12|0x00000000c0c00000, 0x00000000c0cffff8, 0x00000000c0d00000| 99%| O|  |TAMS 0x00000000c0cffff8, 0x00000000c0c00000| Untracked 
|  13|0x00000000c0d00000, 0x00000000c0e00000, 0x00000000c0e00000|100%| O|  |TAMS 0x00000000c0e00000, 0x00000000c0d00000| Untracked 
|  14|0x00000000c0e00000, 0x00000000c0effff0, 0x00000000c0f00000| 99%| O|  |TAMS 0x00000000c0effff0, 0x00000000c0e00000| Untracked 
|  15|0x00000000c0f00000, 0x00000000c0fffff0, 0x00000000c1000000| 99%| O|  |TAMS 0x00000000c0fffff0, 0x00000000c0f00000| Untracked 
|  16|0x00000000c1000000, 0x00000000c1061638, 0x00000000c1100000| 38%| O|  |TAMS 0x00000000c1000000, 0x00000000c1000000| Untracked 
|  17|0x00000000c1100000, 0x00000000c11fb8f8, 0x00000000c1200000| 98%| O|  |TAMS 0x00000000c11fb8f8, 0x00000000c1100000| Untracked 
|  18|0x00000000c1200000, 0x00000000c1202250, 0x00000000c1300000|  0%| O|  |TAMS 0x00000000c1200000, 0x00000000c1200000| Untracked 
|  19|0x00000000c1300000, 0x00000000c1300000, 0x00000000c1400000|  0%| F|  |TAMS 0x00000000c1300000, 0x00000000c1300000| Untracked 
|  20|0x00000000c1400000, 0x00000000c1400000, 0x00000000c1500000|  0%| F|  |TAMS 0x00000000c1400000, 0x00000000c1400000| Untracked 
|  21|0x00000000c1500000, 0x00000000c1500000, 0x00000000c1600000|  0%| F|  |TAMS 0x00000000c1500000, 0x00000000c1500000| Untracked 
|  22|0x00000000c1600000, 0x00000000c1600000, 0x00000000c1700000|  0%| F|  |TAMS 0x00000000c1600000, 0x00000000c1600000| Untracked 
|  23|0x00000000c1700000, 0x00000000c1700000, 0x00000000c1800000|  0%| F|  |TAMS 0x00000000c1700000, 0x00000000c1700000| Untracked 
|  24|0x00000000c1800000, 0x00000000c1800000, 0x00000000c1900000|  0%| F|  |TAMS 0x00000000c1800000, 0x00000000c1800000| Untracked 
|  25|0x00000000c1900000, 0x00000000c1900000, 0x00000000c1a00000|  0%| F|  |TAMS 0x00000000c1900000, 0x00000000c1900000| Untracked 
|  26|0x00000000c1a00000, 0x00000000c1a00000, 0x00000000c1b00000|  0%| F|  |TAMS 0x00000000c1a00000, 0x00000000c1a00000| Untracked 
|  27|0x00000000c1b00000, 0x00000000c1b00000, 0x00000000c1c00000|  0%| F|  |TAMS 0x00000000c1b00000, 0x00000000c1b00000| Untracked 
|  28|0x00000000c1c00000, 0x00000000c1c00000, 0x00000000c1d00000|  0%| F|  |TAMS 0x00000000c1c00000, 0x00000000c1c00000| Untracked 
|  29|0x00000000c1d00000, 0x00000000c1d00000, 0x00000000c1e00000|  0%| F|  |TAMS 0x00000000c1d00000, 0x00000000c1d00000| Untracked 
|  30|0x00000000c1e00000, 0x00000000c1e00000, 0x00000000c1f00000|  0%| F|  |TAMS 0x00000000c1e00000, 0x00000000c1e00000| Untracked 
|  31|0x00000000c1f00000, 0x00000000c1f00000, 0x00000000c2000000|  0%| F|  |TAMS 0x00000000c1f00000, 0x00000000c1f00000| Untracked 
|  32|0x00000000c2000000, 0x00000000c2000000, 0x00000000c2100000|  0%| F|  |TAMS 0x00000000c2000000, 0x00000000c2000000| Untracked 
|  33|0x00000000c2100000, 0x00000000c2100000, 0x00000000c2200000|  0%| F|  |TAMS 0x00000000c2100000, 0x00000000c2100000| Untracked 
|  34|0x00000000c2200000, 0x00000000c2200000, 0x00000000c2300000|  0%| F|  |TAMS 0x00000000c2200000, 0x00000000c2200000| Untracked 
|  35|0x00000000c2300000, 0x00000000c2300000, 0x00000000c2400000|  0%| F|  |TAMS 0x00000000c2300000, 0x00000000c2300000| Untracked 
|  36|0x00000000c2400000, 0x00000000c2400000, 0x00000000c2500000|  0%| F|  |TAMS 0x00000000c2400000, 0x00000000c2400000| Untracked 
|  37|0x00000000c2500000, 0x00000000c2500000, 0x00000000c2600000|  0%| F|  |TAMS 0x00000000c2500000, 0x00000000c2500000| Untracked 
|  38|0x00000000c2600000, 0x00000000c2600000, 0x00000000c2700000|  0%| F|  |TAMS 0x00000000c2600000, 0x00000000c2600000| Untracked 
|  39|0x00000000c2700000, 0x00000000c2700000, 0x00000000c2800000|  0%| F|  |TAMS 0x00000000c2700000, 0x00000000c2700000| Untracked 
|  40|0x00000000c2800000, 0x00000000c2800000, 0x00000000c2900000|  0%| F|  |TAMS 0x00000000c2800000, 0x00000000c2800000| Untracked 
|  41|0x00000000c2900000, 0x00000000c2900000, 0x00000000c2a00000|  0%| F|  |TAMS 0x00000000c2900000, 0x00000000c2900000| Untracked 
|  42|0x00000000c2a00000, 0x00000000c2a00000, 0x00000000c2b00000|  0%| F|  |TAMS 0x00000000c2a00000, 0x00000000c2a00000| Untracked 
|  43|0x00000000c2b00000, 0x00000000c2b00000, 0x00000000c2c00000|  0%| F|  |TAMS 0x00000000c2b00000, 0x00000000c2b00000| Untracked 
|  44|0x00000000c2c00000, 0x00000000c2c00000, 0x00000000c2d00000|  0%| F|  |TAMS 0x00000000c2c00000, 0x00000000c2c00000| Untracked 
|  45|0x00000000c2d00000, 0x00000000c2d00000, 0x00000000c2e00000|  0%| F|  |TAMS 0x00000000c2d00000, 0x00000000c2d00000| Untracked 
|  46|0x00000000c2e00000, 0x00000000c2e00000, 0x00000000c2f00000|  0%| F|  |TAMS 0x00000000c2e00000, 0x00000000c2e00000| Untracked 
|  47|0x00000000c2f00000, 0x00000000c2f00000, 0x00000000c3000000|  0%| F|  |TAMS 0x00000000c2f00000, 0x00000000c2f00000| Untracked 
|  48|0x00000000c3000000, 0x00000000c3000000, 0x00000000c3100000|  0%| F|  |TAMS 0x00000000c3000000, 0x00000000c3000000| Untracked 
|  49|0x00000000c3100000, 0x00000000c3100000, 0x00000000c3200000|  0%| F|  |TAMS 0x00000000c3100000, 0x00000000c3100000| Untracked 
|  50|0x00000000c3200000, 0x00000000c3200000, 0x00000000c3300000|  0%| F|  |TAMS 0x00000000c3200000, 0x00000000c3200000| Untracked 
|  51|0x00000000c3300000, 0x00000000c3300000, 0x00000000c3400000|  0%| F|  |TAMS 0x00000000c3300000, 0x00000000c3300000| Untracked 
|  52|0x00000000c3400000, 0x00000000c3400000, 0x00000000c3500000|  0%| F|  |TAMS 0x00000000c3400000, 0x00000000c3400000| Untracked 
|  53|0x00000000c3500000, 0x00000000c3500000, 0x00000000c3600000|  0%| F|  |TAMS 0x00000000c3500000, 0x00000000c3500000| Untracked 
|  54|0x00000000c3600000, 0x00000000c3600000, 0x00000000c3700000|  0%| F|  |TAMS 0x00000000c3600000, 0x00000000c3600000| Untracked 
|  55|0x00000000c3700000, 0x00000000c3700000, 0x00000000c3800000|  0%| F|  |TAMS 0x00000000c3700000, 0x00000000c3700000| Untracked 
|  56|0x00000000c3800000, 0x00000000c3800000, 0x00000000c3900000|  0%| F|  |TAMS 0x00000000c3800000, 0x00000000c3800000| Untracked 
|  57|0x00000000c3900000, 0x00000000c3900000, 0x00000000c3a00000|  0%| F|  |TAMS 0x00000000c3900000, 0x00000000c3900000| Untracked 
|  58|0x00000000c3a00000, 0x00000000c3a00000, 0x00000000c3b00000|  0%| F|  |TAMS 0x00000000c3a00000, 0x00000000c3a00000| Untracked 
|  59|0x00000000c3b00000, 0x00000000c3b2aad8, 0x00000000c3c00000| 16%| E|  |TAMS 0x00000000c3b00000, 0x00000000c3b00000| Complete 

Card table byte_map: [0x000001d07ecd0000,0x000001d07eed0000] _byte_map_base: 0x000001d07e6d0000

Marking Bits (Prev, Next): (CMBitMap*) 0x000001d0753c1540, (CMBitMap*) 0x000001d0753c1580
 Prev Bits: [0x000001d003000000, 0x000001d004000000)
 Next Bits: [0x000001d004000000, 0x000001d005000000)

Polling page: 0x000001d075430000

Metaspace:

Usage:
  Non-class:     26.40 MB used.
      Class:      4.22 MB used.
       Both:     30.63 MB used.

Virtual space:
  Non-class space:       64.00 MB reserved,      26.75 MB ( 42%) committed,  1 nodes.
      Class space:        1.00 GB reserved,       4.44 MB ( <1%) committed,  1 nodes.
             Both:        1.06 GB reserved,      31.19 MB (  3%) committed. 

Chunk freelists:
   Non-Class:  4.54 MB
       Class:  11.49 MB
        Both:  16.03 MB

MaxMetaspaceSize: unlimited
CompressedClassSpaceSize: 1.00 GB
Initial GC threshold: 21.00 MB
Current GC threshold: 52.00 MB
CDS: on
MetaspaceReclaimPolicy: balanced
 - commit_granule_bytes: 65536.
 - commit_granule_words: 8192.
 - virtual_space_node_default_size: 8388608.
 - enlarge_chunks_in_place: 1.
 - new_chunks_are_fully_committed: 0.
 - uncommit_free_chunks: 1.
 - use_allocation_guard: 0.
 - handle_deallocations: 1.


Internal statistics:

num_allocs_failed_limit: 3.
num_arena_births: 498.
num_arena_deaths: 150.
num_vsnodes_births: 2.
num_vsnodes_deaths: 0.
num_space_committed: 499.
num_space_uncommitted: 0.
num_chunks_returned_to_freelist: 170.
num_chunks_taken_from_freelist: 1665.
num_chunk_merges: 52.
num_chunk_splits: 1161.
num_chunks_enlarged: 866.
num_inconsistent_stats: 0.

CodeCache: size=49152Kb used=7014Kb max_used=7365Kb free=42137Kb
 bounds [0x000001d000000000, 0x000001d000740000, 0x000001d003000000]
 total_blobs=4301 nmethods=3758 adapters=470
 compilation: enabled
              stopped_count=0, restarted_count=0
 full_count=0

Compilation events (20 events):
Event: 2703.269 Thread 0x000001d07f6cda20 3756       1       java.io.BufferedOutputStream::<init> (9 bytes)
Event: 2703.271 Thread 0x000001d07f6cda20 nmethod 3756 0x000001d000173410 code [0x000001d0001735a0, 0x000001d000173878]
Event: 2703.271 Thread 0x000001d07f6cda20 3752       1       java.lang.ProcessEnvironment::toEnvironmentBlock (16 bytes)
Event: 2703.271 Thread 0x000001d07f6cda20 nmethod 3752 0x000001d000173090 code [0x000001d000173220, 0x000001d000173348]
Event: 2703.271 Thread 0x000001d07f6cda20 3753   !   1       java.lang.ProcessImpl::<init> (327 bytes)
Event: 2703.308 Thread 0x000001d07f6cda20 nmethod 3753 0x000001d000170890 code [0x000001d000170ce0, 0x000001d0001720f8]
Event: 2703.483 Thread 0x000001d07f6cda20 3757   !   1       java.io.FilterOutputStream::close (183 bytes)
Event: 2703.621 Thread 0x000001d07f6cda20 nmethod 3757 0x000001d00016fb10 code [0x000001d00016fd20, 0x000001d000170218]
Event: 2703.621 Thread 0x000001d07f6cda20 3758   !   1       java.io.FileOutputStream::close (69 bytes)
Event: 2703.622 Thread 0x000001d07f6cda20 nmethod 3758 0x000001d00016f490 code [0x000001d00016f660, 0x000001d00016f9d8]
Event: 2703.622 Thread 0x000001d07f6cda20 3759       1       java.io.FileOutputStream$1::<init> (10 bytes)
Event: 2703.622 Thread 0x000001d07f6cda20 nmethod 3759 0x000001d00016f190 code [0x000001d00016f320, 0x000001d00016f438]
Event: 2703.622 Thread 0x000001d07f6cda20 3760       1       java.io.FileOutputStream$1::close (11 bytes)
Event: 2703.622 Thread 0x000001d07f6cda20 nmethod 3760 0x000001d00016eb10 code [0x000001d00016ecc0, 0x000001d00016efd8]
Event: 2703.622 Thread 0x000001d07f6cda20 3761       1       java.lang.System::gc (7 bytes)
Event: 2703.622 Thread 0x000001d07f6cda20 nmethod 3761 0x000001d00016e810 code [0x000001d00016e9a0, 0x000001d00016ea68]
Event: 2713.893 Thread 0x000001d07f6cda20 3763       1       java.lang.ProcessImpl$$Lambda$720/0x000001d0083cd2f0::run (8 bytes)
Event: 2713.894 Thread 0x000001d07f6cda20 nmethod 3763 0x000001d00016e110 code [0x000001d00016e2a0, 0x000001d00016e388]
Event: 2713.894 Thread 0x000001d07f6cda20 3764       1       java.lang.ProcessImpl::lambda$new$0 (6 bytes)
Event: 2713.894 Thread 0x000001d07f6cda20 nmethod 3764 0x000001d00016de10 code [0x000001d00016dfa0, 0x000001d00016e068]

GC Heap History (20 events):
Event: 2913.807 GC heap before
{Heap before GC invocations=284 (full 275):
 garbage-first heap   total 61440K, used 17788K [0x00000000c0000000, 0x0000000100000000)
  region size 1024K, 1 young (1024K), 0 survivors (0K)
 Metaspace       used 31361K, committed 31936K, reserved 1114112K
  class space    used 4323K, committed 4544K, reserved 1048576K
}
Event: 2913.836 GC heap after
{Heap after GC invocations=285 (full 276):
 garbage-first heap   total 61440K, used 17788K [0x00000000c0000000, 0x0000000100000000)
  region size 1024K, 0 young (0K), 0 survivors (0K)
 Metaspace       used 31361K, committed 31936K, reserved 1114112K
  class space    used 4323K, committed 4544K, reserved 1048576K
}
Event: 2924.084 GC heap before
{Heap before GC invocations=285 (full 276):
 garbage-first heap   total 61440K, used 17788K [0x00000000c0000000, 0x0000000100000000)
  region size 1024K, 1 young (1024K), 0 survivors (0K)
 Metaspace       used 31361K, committed 31936K, reserved 1114112K
  class space    used 4323K, committed 4544K, reserved 1048576K
}
Event: 2924.199 GC heap after
{Heap after GC invocations=286 (full 277):
 garbage-first heap   total 61440K, used 17788K [0x00000000c0000000, 0x0000000100000000)
  region size 1024K, 0 young (0K), 0 survivors (0K)
 Metaspace       used 31361K, committed 31936K, reserved 1114112K
  class space    used 4323K, committed 4544K, reserved 1048576K
}
Event: 2934.438 GC heap before
{Heap before GC invocations=286 (full 277):
 garbage-first heap   total 61440K, used 17788K [0x00000000c0000000, 0x0000000100000000)
  region size 1024K, 1 young (1024K), 0 survivors (0K)
 Metaspace       used 31361K, committed 31936K, reserved 1114112K
  class space    used 4323K, committed 4544K, reserved 1048576K
}
Event: 2934.478 GC heap after
{Heap after GC invocations=287 (full 278):
 garbage-first heap   total 61440K, used 17788K [0x00000000c0000000, 0x0000000100000000)
  region size 1024K, 0 young (0K), 0 survivors (0K)
 Metaspace       used 31361K, committed 31936K, reserved 1114112K
  class space    used 4323K, committed 4544K, reserved 1048576K
}
Event: 2944.765 GC heap before
{Heap before GC invocations=287 (full 278):
 garbage-first heap   total 61440K, used 17788K [0x00000000c0000000, 0x0000000100000000)
  region size 1024K, 1 young (1024K), 0 survivors (0K)
 Metaspace       used 31361K, committed 31936K, reserved 1114112K
  class space    used 4323K, committed 4544K, reserved 1048576K
}
Event: 2944.796 GC heap after
{Heap after GC invocations=288 (full 279):
 garbage-first heap   total 61440K, used 17788K [0x00000000c0000000, 0x0000000100000000)
  region size 1024K, 0 young (0K), 0 survivors (0K)
 Metaspace       used 31361K, committed 31936K, reserved 1114112K
  class space    used 4323K, committed 4544K, reserved 1048576K
}
Event: 2955.037 GC heap before
{Heap before GC invocations=288 (full 279):
 garbage-first heap   total 61440K, used 17788K [0x00000000c0000000, 0x0000000100000000)
  region size 1024K, 1 young (1024K), 0 survivors (0K)
 Metaspace       used 31361K, committed 31936K, reserved 1114112K
  class space    used 4323K, committed 4544K, reserved 1048576K
}
Event: 2955.072 GC heap after
{Heap after GC invocations=289 (full 280):
 garbage-first heap   total 61440K, used 17788K [0x00000000c0000000, 0x0000000100000000)
  region size 1024K, 0 young (0K), 0 survivors (0K)
 Metaspace       used 31361K, committed 31936K, reserved 1114112K
  class space    used 4323K, committed 4544K, reserved 1048576K
}
Event: 2966.571 GC heap before
{Heap before GC invocations=289 (full 280):
 garbage-first heap   total 61440K, used 17788K [0x00000000c0000000, 0x0000000100000000)
  region size 1024K, 1 young (1024K), 0 survivors (0K)
 Metaspace       used 31361K, committed 31936K, reserved 1114112K
  class space    used 4323K, committed 4544K, reserved 1048576K
}
Event: 2966.812 GC heap after
{Heap after GC invocations=290 (full 281):
 garbage-first heap   total 61440K, used 17788K [0x00000000c0000000, 0x0000000100000000)
  region size 1024K, 0 young (0K), 0 survivors (0K)
 Metaspace       used 31361K, committed 31936K, reserved 1114112K
  class space    used 4323K, committed 4544K, reserved 1048576K
}
Event: 2977.178 GC heap before
{Heap before GC invocations=290 (full 281):
 garbage-first heap   total 61440K, used 17788K [0x00000000c0000000, 0x0000000100000000)
  region size 1024K, 1 young (1024K), 0 survivors (0K)
 Metaspace       used 31361K, committed 31936K, reserved 1114112K
  class space    used 4323K, committed 4544K, reserved 1048576K
}
Event: 2977.232 GC heap after
{Heap after GC invocations=291 (full 282):
 garbage-first heap   total 61440K, used 17788K [0x00000000c0000000, 0x0000000100000000)
  region size 1024K, 0 young (0K), 0 survivors (0K)
 Metaspace       used 31361K, committed 31936K, reserved 1114112K
  class space    used 4323K, committed 4544K, reserved 1048576K
}
Event: 2987.510 GC heap before
{Heap before GC invocations=291 (full 282):
 garbage-first heap   total 61440K, used 17788K [0x00000000c0000000, 0x0000000100000000)
  region size 1024K, 1 young (1024K), 0 survivors (0K)
 Metaspace       used 31361K, committed 31936K, reserved 1114112K
  class space    used 4323K, committed 4544K, reserved 1048576K
}
Event: 2987.536 GC heap after
{Heap after GC invocations=292 (full 283):
 garbage-first heap   total 61440K, used 17788K [0x00000000c0000000, 0x0000000100000000)
  region size 1024K, 0 young (0K), 0 survivors (0K)
 Metaspace       used 31361K, committed 31936K, reserved 1114112K
  class space    used 4323K, committed 4544K, reserved 1048576K
}
Event: 2997.832 GC heap before
{Heap before GC invocations=292 (full 283):
 garbage-first heap   total 61440K, used 17788K [0x00000000c0000000, 0x0000000100000000)
  region size 1024K, 1 young (1024K), 0 survivors (0K)
 Metaspace       used 31361K, committed 31936K, reserved 1114112K
  class space    used 4323K, committed 4544K, reserved 1048576K
}
Event: 2997.866 GC heap after
{Heap after GC invocations=293 (full 284):
 garbage-first heap   total 61440K, used 17788K [0x00000000c0000000, 0x0000000100000000)
  region size 1024K, 0 young (0K), 0 survivors (0K)
 Metaspace       used 31361K, committed 31936K, reserved 1114112K
  class space    used 4323K, committed 4544K, reserved 1048576K
}
Event: 3008.285 GC heap before
{Heap before GC invocations=293 (full 284):
 garbage-first heap   total 61440K, used 17788K [0x00000000c0000000, 0x0000000100000000)
  region size 1024K, 1 young (1024K), 0 survivors (0K)
 Metaspace       used 31361K, committed 31936K, reserved 1114112K
  class space    used 4323K, committed 4544K, reserved 1048576K
}
Event: 3008.397 GC heap after
{Heap after GC invocations=294 (full 285):
 garbage-first heap   total 61440K, used 17788K [0x00000000c0000000, 0x0000000100000000)
  region size 1024K, 0 young (0K), 0 survivors (0K)
 Metaspace       used 31361K, committed 31936K, reserved 1114112K
  class space    used 4323K, committed 4544K, reserved 1048576K
}

Dll operation events (9 events):
Event: 0.010 Loaded shared library c:\Users\G Madhusudhan Reddy\AppData\Roaming\Code\User\globalStorage\pleiades.java-extension-pack-jdk\java\17\bin\java.dll
Event: 0.028 Loaded shared library c:\Users\G Madhusudhan Reddy\AppData\Roaming\Code\User\globalStorage\pleiades.java-extension-pack-jdk\java\17\bin\jsvml.dll
Event: 0.169 Loaded shared library C:\Users\G Madhusudhan Reddy\AppData\Roaming\Code\User\globalStorage\pleiades.java-extension-pack-jdk\java\17\bin\net.dll
Event: 0.171 Loaded shared library C:\Users\G Madhusudhan Reddy\AppData\Roaming\Code\User\globalStorage\pleiades.java-extension-pack-jdk\java\17\bin\nio.dll
Event: 0.175 Loaded shared library C:\Users\G Madhusudhan Reddy\AppData\Roaming\Code\User\globalStorage\pleiades.java-extension-pack-jdk\java\17\bin\zip.dll
Event: 0.350 Loaded shared library C:\Users\G Madhusudhan Reddy\AppData\Roaming\Code\User\globalStorage\pleiades.java-extension-pack-jdk\java\17\bin\jimage.dll
Event: 2.872 Loaded shared library c:\Users\G Madhusudhan Reddy\AppData\Roaming\Code\User\globalStorage\pleiades.java-extension-pack-jdk\java\17\bin\verify.dll
Event: 3.440 Loaded shared library C:\Users\G Madhusudhan Reddy\AppData\Roaming\Code\User\globalStorage\pleiades.java-extension-pack-jdk\java\17\bin\management.dll
Event: 3.449 Loaded shared library C:\Users\G Madhusudhan Reddy\AppData\Roaming\Code\User\globalStorage\pleiades.java-extension-pack-jdk\java\17\bin\management_ext.dll

Deoptimization events (8 events):
Event: 0.444 Thread 0x000001d075384220 DEOPT PACKING pc=0x000001d00020bfdd sp=0x000000a95dbfbf40
Event: 0.444 Thread 0x000001d075384220 DEOPT UNPACKING pc=0x000001d000057143 sp=0x000000a95dbfb4a8 mode 3
Event: 1.669 Thread 0x000001d075384220 DEOPT PACKING pc=0x000001d0004f2b99 sp=0x000000a95dbfd7f0
Event: 1.669 Thread 0x000001d075384220 DEOPT UNPACKING pc=0x000001d000057143 sp=0x000000a95dbfccd0 mode 3
Event: 2.038 Thread 0x000001d075384220 DEOPT PACKING pc=0x000001d00057b8d5 sp=0x000000a95dbfed80
Event: 2.038 Thread 0x000001d075384220 DEOPT UNPACKING pc=0x000001d000057143 sp=0x000000a95dbfe228 mode 3
Event: 3.735 Thread 0x000001d07f9aed70 DEOPT PACKING pc=0x000001d00070e335 sp=0x000000a95f5fe200
Event: 3.735 Thread 0x000001d07f9aed70 DEOPT UNPACKING pc=0x000001d000057143 sp=0x000000a95f5fd728 mode 3

Classes unloaded (20 events):
Event: 64.936 Thread 0x000001d07f6af120 Unloading class 0x000001d008189c00 'java/lang/invoke/LambdaForm$MH+0x000001d008189c00'
Event: 64.936 Thread 0x000001d07f6af120 Unloading class 0x000001d008189000 'java/lang/invoke/LambdaForm$MH+0x000001d008189000'
Event: 64.936 Thread 0x000001d07f6af120 Unloading class 0x000001d00801e000 'java/lang/invoke/LambdaForm$MH+0x000001d00801e000'
Event: 64.936 Thread 0x000001d07f6af120 Unloading class 0x000001d00801dc00 'java/lang/invoke/LambdaForm$MH+0x000001d00801dc00'
Event: 64.936 Thread 0x000001d07f6af120 Unloading class 0x000001d00801d800 'java/lang/invoke/LambdaForm$MH+0x000001d00801d800'
Event: 64.936 Thread 0x000001d07f6af120 Unloading class 0x000001d00801d400 'java/lang/invoke/LambdaForm$MH+0x000001d00801d400'
Event: 64.936 Thread 0x000001d07f6af120 Unloading class 0x000001d00801d000 'java/lang/invoke/LambdaForm$MH+0x000001d00801d000'
Event: 64.936 Thread 0x000001d07f6af120 Unloading class 0x000001d00801cc00 'java/lang/invoke/LambdaForm$MH+0x000001d00801cc00'
Event: 64.936 Thread 0x000001d07f6af120 Unloading class 0x000001d00801c800 'java/lang/invoke/LambdaForm$MH+0x000001d00801c800'
Event: 64.936 Thread 0x000001d07f6af120 Unloading class 0x000001d00801c400 'java/lang/invoke/LambdaForm$MH+0x000001d00801c400'
Event: 64.936 Thread 0x000001d07f6af120 Unloading class 0x000001d008016800 'java/lang/invoke/LambdaForm$MH+0x000001d008016800'
Event: 64.936 Thread 0x000001d07f6af120 Unloading class 0x000001d008016400 'java/lang/invoke/LambdaForm$MH+0x000001d008016400'
Event: 64.936 Thread 0x000001d07f6af120 Unloading class 0x000001d008016000 'java/lang/invoke/LambdaForm$MH+0x000001d008016000'
Event: 64.936 Thread 0x000001d07f6af120 Unloading class 0x000001d008015c00 'java/lang/invoke/LambdaForm$MH+0x000001d008015c00'
Event: 64.936 Thread 0x000001d07f6af120 Unloading class 0x000001d008015800 'java/lang/invoke/LambdaForm$MH+0x000001d008015800'
Event: 64.936 Thread 0x000001d07f6af120 Unloading class 0x000001d008015400 'java/lang/invoke/LambdaForm$MH+0x000001d008015400'
Event: 64.936 Thread 0x000001d07f6af120 Unloading class 0x000001d008014c00 'java/lang/invoke/LambdaForm$MH+0x000001d008014c00'
Event: 64.936 Thread 0x000001d07f6af120 Unloading class 0x000001d008014800 'java/lang/invoke/LambdaForm$MH+0x000001d008014800'
Event: 64.936 Thread 0x000001d07f6af120 Unloading class 0x000001d008014000 'java/lang/invoke/LambdaForm$MH+0x000001d008014000'
Event: 64.936 Thread 0x000001d07f6af120 Unloading class 0x000001d008013c00 'java/lang/invoke/LambdaForm$MH+0x000001d008013c00'

Classes redefined (0 events):
No events

Internal exceptions (20 events):
Event: 2.259 Thread 0x000001d075384220 Exception <a 'java/lang/NoSuchMethodError'{0x00000000c3d097b8}: 'java.lang.Object java.lang.invoke.DelegatingMethodHandle$Holder.delegate(java.lang.Object, int, java.lang.Object, java.lang.Object)'> (0x00000000c3d097b8) 
thrown [s\src\hotspot\share\interpreter\linkResolver.cpp, line 759]
Event: 2.260 Thread 0x000001d075384220 Exception <a 'java/lang/NoSuchMethodError'{0x00000000c3d1a640}: 'int java.lang.invoke.Invokers$Holder.linkToTargetMethod(java.lang.Object, java.lang.Object, java.lang.Object)'> (0x00000000c3d1a640) 
thrown [s\src\hotspot\share\interpreter\linkResolver.cpp, line 759]
Event: 2.327 Thread 0x000001d075384220 Exception <a 'java/lang/NoSuchMethodError'{0x00000000c3bd4778}: 'void java.lang.invoke.DirectMethodHandle$Holder.invokeSpecial(java.lang.Object, java.lang.Object, java.lang.Object, java.lang.Object, java.lang.Object, java.lang.Object)'> (0x00000000c3bd4778) 
thrown [s\src\hotspot\share\interpreter\linkResolver.cpp, line 759]
Event: 2.387 Thread 0x000001d075384220 Exception <a 'java/lang/NoSuchMethodError'{0x00000000c398e878}: 'java.lang.Object java.lang.invoke.DirectMethodHandle$Holder.invokeStaticInit(java.lang.Object, int, int, int, int)'> (0x00000000c398e878) 
thrown [s\src\hotspot\share\interpreter\linkResolver.cpp, line 759]
Event: 2.459 Thread 0x000001d075384220 Exception <a 'java/lang/NoSuchMethodError'{0x00000000c386d3d8}: 'java.lang.Object java.lang.invoke.DirectMethodHandle$Holder.invokeStaticInit(java.lang.Object, java.lang.Object, int, int, int, int)'> (0x00000000c386d3d8) 
thrown [s\src\hotspot\share\interpreter\linkResolver.cpp, line 759]
Event: 2.633 Thread 0x000001d075384220 Exception <a 'java/lang/NoSuchMethodError'{0x00000000c306ae60}: 'void java.lang.invoke.DirectMethodHandle$Holder.invokeSpecialIFC(java.lang.Object, java.lang.Object, java.lang.Object)'> (0x00000000c306ae60) 
thrown [s\src\hotspot\share\interpreter\linkResolver.cpp, line 759]
Event: 3.081 Thread 0x000001d075384220 Exception <a 'java/lang/NoSuchMethodError'{0x00000000c1a9a4c8}: 'void java.lang.invoke.DirectMethodHandle$Holder.invokeSpecial(java.lang.Object, java.lang.Object, java.lang.Object, java.lang.Object, java.lang.Object, java.lang.Object, java.lang.Object)'> (0x00000000c1a9a4c8) 
thrown [s\src\hotspot\share\interpreter\linkResolver.cpp, line 759]
Event: 3.081 Thread 0x000001d075384220 Exception <a 'java/lang/NoSuchMethodError'{0x00000000c1aa4ce8}: 'java.lang.Object java.lang.invoke.DirectMethodHandle$Holder.newInvokeSpecial(java.lang.Object, java.lang.Object, java.lang.Object, java.lang.Object, java.lang.Object, java.lang.Object)'> (0x00000000c1aa4ce8) 
thrown [s\src\hotspot\share\interpreter\linkResolver.cpp, line 759]
Event: 3.260 Thread 0x000001d075384220 Exception <a 'java/lang/NoSuchMethodError'{0x00000000c3c9e820}: 'java.lang.Object java.lang.invoke.DirectMethodHandle$Holder.invokeInterface(java.lang.Object, java.lang.Object, int)'> (0x00000000c3c9e820) 
thrown [s\src\hotspot\share\interpreter\linkResolver.cpp, line 759]
Event: 3.263 Thread 0x000001d075384220 Exception <a 'java/lang/IncompatibleClassChangeError'{0x00000000c3cb1e00}: Found class java.lang.Object, but interface was expected> (0x00000000c3cb1e00) 
thrown [s\src\hotspot\share\interpreter\linkResolver.cpp, line 826]
Event: 3.428 Thread 0x000001d075384220 Exception <a 'java/lang/NoSuchMethodError'{0x00000000c365fab0}: 'java.lang.Object java.lang.invoke.DirectMethodHandle$Holder.newInvokeSpecial(java.lang.Object, java.lang.Object, int, java.lang.Object, java.lang.Object)'> (0x00000000c365fab0) 
thrown [s\src\hotspot\share\interpreter\linkResolver.cpp, line 759]
Event: 3.429 Thread 0x000001d075384220 Exception <a 'java/lang/NoSuchMethodError'{0x00000000c3673120}: 'java.lang.Object java.lang.invoke.DirectMethodHandle$Holder.invokeSpecial(java.lang.Object, java.lang.Object, int, java.lang.Object, int, java.lang.Object)'> (0x00000000c3673120) 
thrown [s\src\hotspot\share\interpreter\linkResolver.cpp, line 759]
Event: 3.430 Thread 0x000001d075384220 Exception <a 'java/lang/NoSuchMethodError'{0x00000000c367af28}: 'java.lang.Object java.lang.invoke.DirectMethodHandle$Holder.newInvokeSpecial(java.lang.Object, java.lang.Object, int, java.lang.Object, int)'> (0x00000000c367af28) 
thrown [s\src\hotspot\share\interpreter\linkResolver.cpp, line 759]
Event: 3.430 Thread 0x000001d075384220 Exception <a 'java/lang/NoSuchMethodError'{0x00000000c367f028}: 'java.lang.Object java.lang.invoke.DirectMethodHandle$Holder.invokeSpecial(java.lang.Object, java.lang.Object, java.lang.Object, int, java.lang.Object, int)'> (0x00000000c367f028) 
thrown [s\src\hotspot\share\interpreter\linkResolver.cpp, line 759]
Event: 3.733 Thread 0x000001d07f9aed70 Exception <a 'java/lang/NoSuchMethodError'{0x00000000c2cfe740}: 'java.lang.Object java.lang.invoke.DirectMethodHandle$Holder.invokeStatic(java.lang.Object, int, java.lang.Object)'> (0x00000000c2cfe740) 
thrown [s\src\hotspot\share\interpreter\linkResolver.cpp, line 759]
Event: 3.779 Thread 0x000001d07f9ade40 Exception <a 'java/lang/NoSuchMethodError'{0x00000000c2cd3928}: 'java.lang.Object java.lang.invoke.DirectMethodHandle$Holder.invokeStatic(java.lang.Object, java.lang.Object, java.lang.Object, int, java.lang.Object, java.lang.Object)'> (0x00000000c2cd3928) 
thrown [s\src\hotspot\share\interpreter\linkResolver.cpp, line 759]
Event: 4.449 Thread 0x000001d04d2dda10 Exception <a 'java/lang/NoSuchMethodError'{0x00000000c3e020a8}: 'int java.lang.invoke.DirectMethodHandle$Holder.invokeStatic(java.lang.Object)'> (0x00000000c3e020a8) 
thrown [s\src\hotspot\share\interpreter\linkResolver.cpp, line 759]
Event: 4.449 Thread 0x000001d04d2dda10 Exception <a 'java/lang/NoSuchMethodError'{0x00000000c3e054a8}: 'int java.lang.invoke.DirectMethodHandle$Holder.invokeStaticInit(java.lang.Object)'> (0x00000000c3e054a8) 
thrown [s\src\hotspot\share\interpreter\linkResolver.cpp, line 759]
Event: 43.605 Thread 0x000001d07f9b15f0 Exception <a 'java/lang/NoSuchMethodError'{0x00000000c3b02c90}: 'void java.lang.invoke.DirectMethodHandle$Holder.invokeStatic(java.lang.Object, long)'> (0x00000000c3b02c90) 
thrown [s\src\hotspot\share\interpreter\linkResolver.cpp, line 759]
Event: 43.613 Thread 0x000001d07f9b15f0 Exception <a 'java/lang/NoSuchMethodError'{0x00000000c3b08038}: 'java.lang.Object java.lang.invoke.DirectMethodHandle$Holder.newInvokeSpecial(java.lang.Object, long)'> (0x00000000c3b08038) 
thrown [s\src\hotspot\share\interpreter\linkResolver.cpp, line 759]

VM Operations (20 events):
Event: 2913.836 Executing VM operation: G1CollectFull done
Event: 2924.083 Executing VM operation: G1CollectFull
Event: 2924.199 Executing VM operation: G1CollectFull done
Event: 2934.435 Executing VM operation: G1CollectFull
Event: 2934.479 Executing VM operation: G1CollectFull done
Event: 2944.765 Executing VM operation: G1CollectFull
Event: 2944.796 Executing VM operation: G1CollectFull done
Event: 2955.037 Executing VM operation: G1CollectFull
Event: 2955.072 Executing VM operation: G1CollectFull done
Event: 2966.555 Executing VM operation: G1CollectFull
Event: 2966.814 Executing VM operation: G1CollectFull done
Event: 2977.177 Executing VM operation: G1CollectFull
Event: 2977.232 Executing VM operation: G1CollectFull done
Event: 2987.509 Executing VM operation: G1CollectFull
Event: 2987.536 Executing VM operation: G1CollectFull done
Event: 2997.832 Executing VM operation: G1CollectFull
Event: 2997.866 Executing VM operation: G1CollectFull done
Event: 3008.284 Executing VM operation: G1CollectFull
Event: 3008.397 Executing VM operation: G1CollectFull done
Event: 3019.019 Executing VM operation: G1CollectFull

Events (20 events):
Event: 4.464 loading class java/util/EmptyStackException done
Event: 4.470 loading class java/io/InvalidClassException
Event: 4.470 loading class java/io/InvalidClassException done
Event: 4.477 loading class java/util/ArrayList$ListItr
Event: 4.477 loading class java/util/ArrayList$ListItr done
Event: 4.508 loading class java/util/regex/Pattern$1
Event: 4.508 loading class java/util/regex/Pattern$1 done
Event: 9.524 Thread 0x000001d07f97ac50 Thread exited: 0x000001d07f97ac50
Event: 43.465 loading class java/lang/ProcessBuilder
Event: 43.520 loading class java/lang/ProcessBuilder done
Event: 43.520 loading class java/lang/ProcessImpl
Event: 43.565 loading class java/lang/ProcessImpl done
Event: 43.615 loading class java/lang/ProcessImpl$2
Event: 43.619 loading class java/lang/ProcessImpl$2 done
Event: 43.619 loading class java/lang/Process$PipeInputStream
Event: 43.620 loading class java/lang/Process$PipeInputStream done
Event: 43.622 loading class jdk/internal/event/ProcessStartEvent
Event: 43.625 loading class jdk/internal/event/ProcessStartEvent done
Event: 44.122 loading class java/io/FileOutputStream$1
Event: 44.125 loading class java/io/FileOutputStream$1 done


Dynamic libraries:
0x00007ff747a90000 - 0x00007ff747a9e000 	c:\Users\G Madhusudhan Reddy\AppData\Roaming\Code\User\globalStorage\pleiades.java-extension-pack-jdk\java\17\bin\java.exe
0x00007ffdb5eb0000 - 0x00007ffdb60c7000 	C:\WINDOWS\SYSTEM32\ntdll.dll
0x00007ffdb55a0000 - 0x00007ffdb5664000 	C:\WINDOWS\System32\KERNEL32.DLL
0x00007ffdb3740000 - 0x00007ffdb3ae6000 	C:\WINDOWS\System32\KERNELBASE.dll
0x00007ffdb3af0000 - 0x00007ffdb3c01000 	C:\WINDOWS\System32\ucrtbase.dll
0x00007ffda33f0000 - 0x00007ffda3409000 	c:\Users\G Madhusudhan Reddy\AppData\Roaming\Code\User\globalStorage\pleiades.java-extension-pack-jdk\java\17\bin\VCRUNTIME140.dll
0x00007ffda3410000 - 0x00007ffda3427000 	c:\Users\G Madhusudhan Reddy\AppData\Roaming\Code\User\globalStorage\pleiades.java-extension-pack-jdk\java\17\bin\jli.dll
0x00007ffdb5230000 - 0x00007ffdb53dd000 	C:\WINDOWS\System32\USER32.dll
0x00007ffdb33c0000 - 0x00007ffdb33e6000 	C:\WINDOWS\System32\win32u.dll
0x00007ffda0670000 - 0x00007ffda0903000 	C:\WINDOWS\WinSxS\amd64_microsoft.windows.common-controls_6595b64144ccf1df_6.0.22621.2361_none_2712ced57382f843\COMCTL32.dll
0x00007ffdb5b00000 - 0x00007ffdb5b29000 	C:\WINDOWS\System32\GDI32.dll
0x00007ffdb32a0000 - 0x00007ffdb33b8000 	C:\WINDOWS\System32\gdi32full.dll
0x00007ffdb5170000 - 0x00007ffdb5217000 	C:\WINDOWS\System32\msvcrt.dll
0x00007ffdb33f0000 - 0x00007ffdb348a000 	C:\WINDOWS\System32\msvcp_win.dll
0x00007ffdb5ac0000 - 0x00007ffdb5af1000 	C:\WINDOWS\System32\IMM32.DLL
0x00007ffda7040000 - 0x00007ffda704c000 	c:\Users\G Madhusudhan Reddy\AppData\Roaming\Code\User\globalStorage\pleiades.java-extension-pack-jdk\java\17\bin\vcruntime140_1.dll
0x00007ffd9e2b0000 - 0x00007ffd9e341000 	c:\Users\G Madhusudhan Reddy\AppData\Roaming\Code\User\globalStorage\pleiades.java-extension-pack-jdk\java\17\bin\msvcp140.dll
0x00007ffd5a070000 - 0x00007ffd5acbc000 	c:\Users\G Madhusudhan Reddy\AppData\Roaming\Code\User\globalStorage\pleiades.java-extension-pack-jdk\java\17\bin\server\jvm.dll
0x00007ffdb5bf0000 - 0x00007ffdb5ca0000 	C:\WINDOWS\System32\ADVAPI32.dll
0x00007ffdb58c0000 - 0x00007ffdb5966000 	C:\WINDOWS\System32\sechost.dll
0x00007ffdb3c10000 - 0x00007ffdb3d27000 	C:\WINDOWS\System32\RPCRT4.dll
0x00007ffda6540000 - 0x00007ffda6574000 	C:\WINDOWS\SYSTEM32\WINMM.dll
0x00007ffda6ff0000 - 0x00007ffda6ff9000 	C:\WINDOWS\SYSTEM32\WSOCK32.dll
0x00007ffdb3db0000 - 0x00007ffdb3e21000 	C:\WINDOWS\System32\WS2_32.dll
0x00007ffdb2d10000 - 0x00007ffdb2d5d000 	C:\WINDOWS\SYSTEM32\POWRPROF.dll
0x00007ffda60e0000 - 0x00007ffda60ea000 	C:\WINDOWS\SYSTEM32\VERSION.dll
0x00007ffdb2bb0000 - 0x00007ffdb2bc3000 	C:\WINDOWS\SYSTEM32\UMPDC.dll
0x00007ffdb2270000 - 0x00007ffdb2288000 	C:\WINDOWS\SYSTEM32\kernel.appcore.dll
0x00007ffda6f00000 - 0x00007ffda6f0a000 	c:\Users\G Madhusudhan Reddy\AppData\Roaming\Code\User\globalStorage\pleiades.java-extension-pack-jdk\java\17\bin\jimage.dll
0x00007ffdb0c30000 - 0x00007ffdb0e5e000 	C:\WINDOWS\SYSTEM32\DBGHELP.DLL
0x00007ffdb4d30000 - 0x00007ffdb50ba000 	C:\WINDOWS\System32\combase.dll
0x00007ffdb5670000 - 0x00007ffdb5747000 	C:\WINDOWS\System32\OLEAUT32.dll
0x00007ffd8de00000 - 0x00007ffd8de32000 	C:\WINDOWS\SYSTEM32\dbgcore.DLL
0x00007ffdb3490000 - 0x00007ffdb350a000 	C:\WINDOWS\System32\bcryptPrimitives.dll
0x00007ffda3060000 - 0x00007ffda3085000 	c:\Users\G Madhusudhan Reddy\AppData\Roaming\Code\User\globalStorage\pleiades.java-extension-pack-jdk\java\17\bin\java.dll
0x00007ffd784d0000 - 0x00007ffd785a6000 	c:\Users\G Madhusudhan Reddy\AppData\Roaming\Code\User\globalStorage\pleiades.java-extension-pack-jdk\java\17\bin\jsvml.dll
0x00007ffdb3e80000 - 0x00007ffdb46d8000 	C:\WINDOWS\System32\SHELL32.dll
0x00007ffdb1140000 - 0x00007ffdb1a32000 	C:\WINDOWS\SYSTEM32\windows.storage.dll
0x00007ffdb1000000 - 0x00007ffdb113e000 	C:\WINDOWS\SYSTEM32\wintypes.dll
0x00007ffdb4c30000 - 0x00007ffdb4d23000 	C:\WINDOWS\System32\SHCORE.dll
0x00007ffdb5860000 - 0x00007ffdb58be000 	C:\WINDOWS\System32\shlwapi.dll
0x00007ffdb3160000 - 0x00007ffdb3186000 	C:\WINDOWS\SYSTEM32\profapi.dll
0x00007ffda3040000 - 0x00007ffda3059000 	C:\Users\G Madhusudhan Reddy\AppData\Roaming\Code\User\globalStorage\pleiades.java-extension-pack-jdk\java\17\bin\net.dll
0x00007ffdab790000 - 0x00007ffdab8c7000 	C:\WINDOWS\SYSTEM32\WINHTTP.dll
0x00007ffdb26f0000 - 0x00007ffdb2759000 	C:\WINDOWS\system32\mswsock.dll
0x00007ffda2fd0000 - 0x00007ffda2fe5000 	C:\Users\G Madhusudhan Reddy\AppData\Roaming\Code\User\globalStorage\pleiades.java-extension-pack-jdk\java\17\bin\nio.dll
0x00007ffda3120000 - 0x00007ffda3138000 	C:\Users\G Madhusudhan Reddy\AppData\Roaming\Code\User\globalStorage\pleiades.java-extension-pack-jdk\java\17\bin\zip.dll
0x00007ffdb29b0000 - 0x00007ffdb29cb000 	C:\WINDOWS\SYSTEM32\CRYPTSP.dll
0x00007ffdb21b0000 - 0x00007ffdb21e5000 	C:\WINDOWS\system32\rsaenh.dll
0x00007ffdb2850000 - 0x00007ffdb287c000 	C:\WINDOWS\SYSTEM32\USERENV.dll
0x00007ffdb2b80000 - 0x00007ffdb2ba8000 	C:\WINDOWS\SYSTEM32\bcrypt.dll
0x00007ffdb2ac0000 - 0x00007ffdb2acc000 	C:\WINDOWS\SYSTEM32\CRYPTBASE.dll
0x00007ffdb1ce0000 - 0x00007ffdb1d0d000 	C:\WINDOWS\SYSTEM32\IPHLPAPI.DLL
0x00007ffdb5220000 - 0x00007ffdb5229000 	C:\WINDOWS\System32\NSI.dll
0x00007ffdab770000 - 0x00007ffdab789000 	C:\WINDOWS\SYSTEM32\dhcpcsvc6.DLL
0x00007ffdab750000 - 0x00007ffdab76f000 	C:\WINDOWS\SYSTEM32\dhcpcsvc.DLL
0x00007ffdb1d60000 - 0x00007ffdb1e59000 	C:\WINDOWS\SYSTEM32\DNSAPI.dll
0x00007ffda5d70000 - 0x00007ffda5d80000 	c:\Users\G Madhusudhan Reddy\AppData\Roaming\Code\User\globalStorage\pleiades.java-extension-pack-jdk\java\17\bin\verify.dll
0x00007ffdae700000 - 0x00007ffdae709000 	C:\Users\G Madhusudhan Reddy\AppData\Roaming\Code\User\globalStorage\pleiades.java-extension-pack-jdk\java\17\bin\management.dll
0x00007ffdae1a0000 - 0x00007ffdae1ab000 	C:\Users\G Madhusudhan Reddy\AppData\Roaming\Code\User\globalStorage\pleiades.java-extension-pack-jdk\java\17\bin\management_ext.dll
0x00007ffdb5750000 - 0x00007ffdb5758000 	C:\WINDOWS\System32\PSAPI.DLL

dbghelp: loaded successfully - version: 4.0.5 - missing functions: none
symbol engine: initialized successfully - sym options: 0x614 - pdb path: .;c:\Users\G Madhusudhan Reddy\AppData\Roaming\Code\User\globalStorage\pleiades.java-extension-pack-jdk\java\17\bin;C:\WINDOWS\SYSTEM32;C:\WINDOWS\WinSxS\amd64_microsoft.windows.common-controls_6595b64144ccf1df_6.0.22621.2361_none_2712ced57382f843;c:\Users\G Madhusudhan Reddy\AppData\Roaming\Code\User\globalStorage\pleiades.java-extension-pack-jdk\java\17\bin\server

VM Arguments:
jvm_args: -XX:+HeapDumpOnOutOfMemoryError -Xmx1024m -Dsts.lsp.client=vscode -Dsts.log.file=/dev/null -XX:TieredStopAtLevel=1 -Xlog:jni+resolve=off -Dspring.config.location=file:c:\Users\G Madhusudhan Reddy\.vscode\extensions\vmware.vscode-spring-boot-1.50.0\language-server\BOOT-INF\classes\application.properties 
java_command: org.springframework.ide.vscode.boot.app.BootLanguageServerBootApp
java_class_path (initial): c:\Users\G Madhusudhan Reddy\.vscode\extensions\vmware.vscode-spring-boot-1.50.0\language-server\BOOT-INF\classes;c:\Users\G Madhusudhan Reddy\.vscode\extensions\vmware.vscode-spring-boot-1.50.0\language-server\BOOT-INF\lib\annotations-24.0.1.jar;c:\Users\G Madhusudhan Reddy\.vscode\extensions\vmware.vscode-spring-boot-1.50.0\language-server\BOOT-INF\lib\antlr-runtime-3.5.3.jar;c:\Users\G Madhusudhan Reddy\.vscode\extensions\vmware.vscode-spring-boot-1.50.0\language-server\BOOT-INF\lib\antlr4-4.11.1.jar;c:\Users\G Madhusudhan Reddy\.vscode\extensions\vmware.vscode-spring-boot-1.50.0\language-server\BOOT-INF\lib\antlr4-runtime-4.11.1.jar;c:\Users\G Madhusudhan Reddy\.vscode\extensions\vmware.vscode-spring-boot-1.50.0\language-server\BOOT-INF\lib\archunit-1.1.0.jar;c:\Users\G Madhusudhan Reddy\.vscode\extensions\vmware.vscode-spring-boot-1.50.0\language-server\BOOT-INF\lib\asm-9.5.jar;c:\Users\G Madhusudhan Reddy\.vscode\extensions\vmware.vscode-spring-boot-1.50.0\language-server\BOOT-INF\lib\asm-analysis-9.5.jar;c:\Users\G Madhusudhan Reddy\.vscode\extensions\vmware.vscode-spring-boot-1.50.0\language-server\BOOT-INF\lib\asm-tree-9.5.jar;c:\Users\G Madhusudhan Reddy\.vscode\extensions\vmware.vscode-spring-boot-1.50.0\language-server\BOOT-INF\lib\asm-util-9.5.jar;c:\Users\G Madhusudhan Reddy\.vscode\extensions\vmware.vscode-spring-boot-1.50.0\language-server\BOOT-INF\lib\bosh-language-server-1.50.0-SNAPSHOT.jar;c:\Users\G Madhusudhan Reddy\.vscode\extensions\vmware.vscode-spring-boot-1.50.0\language-server\BOOT-INF\lib\caffeine-3.1.8.jar;c:\Users\G Madhusudhan Reddy\.vscode\extensions\vmware.vscode-spring-boot-1.50.0\language-server\BOOT-INF\lib\checker-qual-3.12.0.jar;c:\Users\G Madhusudhan Reddy\.vscode\extensions\vmware.vscode-spring-boot-1.50.0\language-server\BOOT-INF\lib\classgraph-4.8.149.jar;c:\Users\G Madhusudhan Reddy\.vscode\extensions\vmware.vscode-spring-boot-1.50.0\language-server\BOOT-INF\lib\commons-codec-1.15.jar;c:\Users\G
Launcher Type: SUN_STANDARD

[Global flags]
     intx CICompilerCount                          = 3                                         {product} {ergonomic}
     uint ConcGCThreads                            = 1                                         {product} {ergonomic}
     uint G1ConcRefinementThreads                  = 4                                         {product} {ergonomic}
   size_t G1HeapRegionSize                         = 1048576                                   {product} {ergonomic}
    uintx GCDrainStackTargetSize                   = 64                                        {product} {ergonomic}
     bool HeapDumpOnOutOfMemoryError               = true                                   {manageable} {command line}
   size_t InitialHeapSize                          = 65011712                                  {product} {ergonomic}
   size_t MarkStackSize                            = 4194304                                   {product} {ergonomic}
   size_t MaxHeapSize                              = 1073741824                                {product} {command line}
   size_t MaxNewSize                               = 643825664                                 {product} {ergonomic}
   size_t MinHeapDeltaBytes                        = 1048576                                   {product} {ergonomic}
   size_t MinHeapSize                              = 8388608                                   {product} {ergonomic}
    uintx NonProfiledCodeHeapSize                  = 0                                      {pd product} {ergonomic}
     bool ProfileInterpreter                       = false                                  {pd product} {command line}
    uintx ProfiledCodeHeapSize                     = 0                                      {pd product} {ergonomic}
   size_t SoftMaxHeapSize                          = 1073741824                             {manageable} {ergonomic}
     intx TieredStopAtLevel                        = 1                                         {product} {command line}
     bool UseCompressedClassPointers               = true                           {product lp64_product} {ergonomic}
     bool UseCompressedOops                        = true                           {product lp64_product} {ergonomic}
     bool UseG1GC                                  = true                                      {product} {ergonomic}
     bool UseLargePagesIndividualAllocation        = false                                  {pd product} {ergonomic}

Logging:
Log output configuration:
 #0: stdout all=warning,jni+resolve=off uptime,level,tags
 #1: stderr all=off uptime,level,tags

Environment Variables:
JAVA_HOME=C:\Users\G Madhusudhan Reddy
PATH=C:\Program Files\Common Files\Oracle\Java\javapath;C:\Users\G Madhusudhan Reddy\bin;C:\WINDOWS\system32;C:\WINDOWS;C:\WINDOWS\System32\Wbem;C:\WINDOWS\System32\WindowsPowerShell\v1.0\;C:\WINDOWS\System32\OpenSSH\;C:\Program Files (x86)\Intel\Intel(R) Management Engine Components\DAL;C:\Program Files\Intel\Intel(R) Management Engine Components\DAL;C:\Program Files\dotnet\;C:\Program Files\nodejs\;C:\Users\G Madhusudhan Reddy\AppData\Local\Microsoft\WindowsApps;E:\Microsoft VS Code\bin;C:\Users\G Madhusudhan Reddy\AppData\Roaming\npm;E:\IntelliJ IDEA Community Edition 2023.2.4\bin;;C:\Users\G Madhusudhan Reddy\AppData\Local\JetBrains\IntelliJ IDEA 2023.2.4\bin;
USERNAME=G Madhusudhan Reddy
OS=Windows_NT
PROCESSOR_IDENTIFIER=Intel64 Family 6 Model 142 Stepping 12, GenuineIntel
TMP=C:\Users\G Madhusudhan Reddy\AppData\Local\Temp
TEMP=C:\Users\G Madhusudhan Reddy\AppData\Local\Temp



---------------  S Y S T E M  ---------------

OS:
 Windows 11 , 64 bit Build 22621 (10.0.22621.2428)
OS uptime: 2 days 16:46 hours
Hyper-V role detected

CPU: total 4 (initial active 4) (2 cores per cpu, 2 threads per core) family 6 model 142 stepping 12 microcode 0xde, cx8, cmov, fxsr, ht, mmx, 3dnowpref, sse, sse2, sse3, ssse3, sse4.1, sse4.2, popcnt, lzcnt, tsc, tscinvbit, avx, avx2, aes, erms, clmul, bmi1, bmi2, adx, fma, vzeroupper, clflush, clflushopt, hv
Processor Information for all 4 processors :
  Max Mhz: 2304, Current Mhz: 2103, Mhz Limit: 2096

Memory: 4k page, system-wide physical 3872M (388M free)
TotalPageFile size 15648M (AvailPageFile size 2M)
current process WorkingSet (physical memory assigned to process): 14M, peak: 153M
current process commit charge ("private bytes"): 185M, peak: 198M

vm_info: OpenJDK 64-Bit Server VM (17.0.8.1+1) for windows-amd64 JRE (17.0.8.1+1), built on Aug 23 2023 15:29:17 by "admin" with MS VC++ 16.7 (VS2019)

END.
